###################### UltraGCN ######################
Loading Configuration...
load path = ./yelp2018_ii_constraint_mat object
load path = ./yelp2018_ii_neighbor_mat object
---------------------
Best gamma
---------------------
Training with gamma:  0
Total training batches = 1209
The time for epoch 0 is: train time = 00: 00: 36, test time = 00: 00: 08
Loss = 52.01753, F1-score: 0.007210 	 Precision: 0.00511	 Recall: 0.01226	NDCG: 0.00985
The time for epoch 1 is: train time = 00: 00: 37, test time = 00: 00: 08
Loss = 44.96116, F1-score: 0.007294 	 Precision: 0.00518	 Recall: 0.01232	NDCG: 0.00988
The time for epoch 2 is: train time = 00: 00: 36, test time = 00: 00: 07
Loss = 42.90641, F1-score: 0.007481 	 Precision: 0.00531	 Recall: 0.01267	NDCG: 0.01002
The time for epoch 3 is: train time = 00: 00: 37, test time = 00: 00: 08
Loss = 37.59439, F1-score: 0.007481 	 Precision: 0.00530	 Recall: 0.01273	NDCG: 0.01021
The time for epoch 4 is: train time = 00: 00: 37, test time = 00: 00: 08
Loss = 36.77070, F1-score: 0.007331 	 Precision: 0.00521	 Recall: 0.01235	NDCG: 0.01009
The time for epoch 5 is: train time = 00: 00: 36, test time = 00: 00: 08
Loss = 44.74522, F1-score: 0.007391 	 Precision: 0.00523	 Recall: 0.01261	NDCG: 0.01014
The time for epoch 6 is: train time = 00: 00: 37, test time = 00: 00: 08
Loss = 37.75272, F1-score: 0.007305 	 Precision: 0.00517	 Recall: 0.01245	NDCG: 0.00987
The time for epoch 7 is: train time = 00: 00: 36, test time = 00: 00: 08
Loss = 43.10579, F1-score: 0.007403 	 Precision: 0.00525	 Recall: 0.01253	NDCG: 0.01000
The time for epoch 8 is: train time = 00: 00: 36, test time = 00: 00: 08
Loss = 38.05058, F1-score: 0.007547 	 Precision: 0.00534	 Recall: 0.01286	NDCG: 0.01013
The time for epoch 9 is: train time = 00: 00: 37, test time = 00: 00: 08
Loss = 39.79691, F1-score: 0.007480 	 Precision: 0.00529	 Recall: 0.01275	NDCG: 0.01008
The time for epoch 10 is: train time = 00: 00: 36, test time = 00: 00: 08
Loss = 41.02197, F1-score: 0.007355 	 Precision: 0.00521	 Recall: 0.01253	NDCG: 0.00998
The time for epoch 11 is: train time = 00: 00: 37, test time = 00: 00: 08
Loss = 40.47781, F1-score: 0.007999 	 Precision: 0.00576	 Recall: 0.01310	NDCG: 0.01025
The time for epoch 12 is: train time = 00: 00: 37, test time = 00: 00: 08
Loss = 41.62242, F1-score: 0.012936 	 Precision: 0.00975	 Recall: 0.01922	NDCG: 0.01637
The time for epoch 13 is: train time = 00: 00: 36, test time = 00: 00: 08
Loss = 42.09547, F1-score: 0.019854 	 Precision: 0.01480	 Recall: 0.03017	NDCG: 0.02566
The time for epoch 14 is: train time = 00: 00: 37, test time = 00: 00: 07
Loss = 33.90628, F1-score: 0.022180 	 Precision: 0.01636	 Recall: 0.03443	NDCG: 0.02857
The time for epoch 15 is: train time = 00: 00: 36, test time = 00: 00: 08
Loss = 29.38239, F1-score: 0.024031 	 Precision: 0.01775	 Recall: 0.03721	NDCG: 0.03080
The time for epoch 16 is: train time = 00: 00: 36, test time = 00: 00: 08
Loss = 33.91957, F1-score: 0.025443 	 Precision: 0.01877	 Recall: 0.03946	NDCG: 0.03271
The time for epoch 17 is: train time = 00: 00: 37, test time = 00: 00: 08
Loss = 27.92218, F1-score: 0.027681 	 Precision: 0.02043	 Recall: 0.04293	NDCG: 0.03546
The time for epoch 18 is: train time = 00: 00: 36, test time = 00: 00: 08
Loss = 28.77283, F1-score: 0.029377 	 Precision: 0.02164	 Recall: 0.04572	NDCG: 0.03786
The time for epoch 19 is: train time = 00: 00: 36, test time = 00: 00: 08
Loss = 27.32627, F1-score: 0.031133 	 Precision: 0.02282	 Recall: 0.04899	NDCG: 0.04013
The time for epoch 20 is: train time = 00: 00: 37, test time = 00: 00: 08
Loss = 28.92706, F1-score: 0.032213 	 Precision: 0.02355	 Recall: 0.05094	NDCG: 0.04204
The time for epoch 21 is: train time = 00: 00: 36, test time = 00: 00: 08
Loss = 28.91348, F1-score: 0.033268 	 Precision: 0.02427	 Recall: 0.05287	NDCG: 0.04354
The time for epoch 22 is: train time = 00: 00: 36, test time = 00: 00: 13
Loss = 25.45468, F1-score: 0.034162 	 Precision: 0.02489	 Recall: 0.05445	NDCG: 0.04515
The time for epoch 23 is: train time = 00: 00: 35, test time = 00: 00: 08
Loss = 25.53269, F1-score: 0.035522 	 Precision: 0.02581	 Recall: 0.05697	NDCG: 0.04668
The time for epoch 24 is: train time = 00: 00: 36, test time = 00: 00: 08
Loss = 24.60183, F1-score: 0.036161 	 Precision: 0.02621	 Recall: 0.05829	NDCG: 0.04786
The time for epoch 25 is: train time = 00: 00: 36, test time = 00: 00: 08
Loss = 24.40738, F1-score: 0.037050 	 Precision: 0.02683	 Recall: 0.05983	NDCG: 0.04903
The time for epoch 26 is: train time = 00: 00: 37, test time = 00: 00: 08
Loss = 24.22312, F1-score: 0.037700 	 Precision: 0.02728	 Recall: 0.06099	NDCG: 0.04993
The time for epoch 27 is: train time = 00: 00: 37, test time = 00: 00: 08
Loss = 22.11003, F1-score: 0.038135 	 Precision: 0.02758	 Recall: 0.06177	NDCG: 0.05043
The time for epoch 28 is: train time = 00: 00: 36, test time = 00: 00: 08
Loss = 23.47861, F1-score: 0.038473 	 Precision: 0.02779	 Recall: 0.06247	NDCG: 0.05117
The time for epoch 29 is: train time = 00: 00: 36, test time = 00: 00: 08
Loss = 23.06446, F1-score: 0.038541 	 Precision: 0.02789	 Recall: 0.06234	NDCG: 0.05109
The time for epoch 30 is: train time = 00: 00: 36, test time = 00: 00: 08
Loss = 20.48865, F1-score: 0.038768 	 Precision: 0.02802	 Recall: 0.06288	NDCG: 0.05160
The time for epoch 31 is: train time = 00: 00: 36, test time = 00: 00: 08
Loss = 20.45364, F1-score: 0.038923 	 Precision: 0.02815	 Recall: 0.06307	NDCG: 0.05157
The time for epoch 32 is: train time = 00: 00: 38, test time = 00: 00: 08
Loss = 21.17177, F1-score: 0.038801 	 Precision: 0.02804	 Recall: 0.06295	NDCG: 0.05138
The time for epoch 33 is: train time = 00: 00: 36, test time = 00: 00: 08
Loss = 19.72045, F1-score: 0.038687 	 Precision: 0.02797	 Recall: 0.06272	NDCG: 0.05140
The time for epoch 34 is: train time = 00: 00: 36, test time = 00: 00: 08
Loss = 18.46340, F1-score: 0.038598 	 Precision: 0.02788	 Recall: 0.06268	NDCG: 0.05104
The time for epoch 35 is: train time = 00: 00: 37, test time = 00: 00: 08
Loss = 17.20915, F1-score: 0.038348 	 Precision: 0.02770	 Recall: 0.06231	NDCG: 0.05094
The time for epoch 36 is: train time = 00: 00: 36, test time = 00: 00: 08
Loss = 17.75315, F1-score: 0.038036 	 Precision: 0.02748	 Recall: 0.06177	NDCG: 0.05022
The time for epoch 37 is: train time = 00: 00: 36, test time = 00: 00: 08
Loss = 17.04891, F1-score: 0.037582 	 Precision: 0.02715	 Recall: 0.06106	NDCG: 0.04990
The time for epoch 38 is: train time = 00: 00: 37, test time = 00: 00: 08
Loss = 16.93566, F1-score: 0.037215 	 Precision: 0.02688	 Recall: 0.06046	NDCG: 0.04936
The time for epoch 39 is: train time = 00: 00: 36, test time = 00: 00: 08
Loss = 16.70637, F1-score: 0.036888 	 Precision: 0.02663	 Recall: 0.05999	NDCG: 0.04866
The time for epoch 40 is: train time = 00: 00: 37, test time = 00: 00: 08
Loss = 15.63495, F1-score: 0.036460 	 Precision: 0.02631	 Recall: 0.05938	NDCG: 0.04810
The time for epoch 41 is: train time = 00: 00: 36, test time = 00: 00: 08
Loss = 14.71272, F1-score: 0.035956 	 Precision: 0.02594	 Recall: 0.05856	NDCG: 0.04736
The time for epoch 42 is: train time = 00: 00: 36, test time = 00: 00: 08
Loss = 15.53584, F1-score: 0.035648 	 Precision: 0.02574	 Recall: 0.05798	NDCG: 0.04672
The time for epoch 43 is: train time = 00: 00: 36, test time = 00: 00: 08
Loss = 13.80379, F1-score: 0.035127 	 Precision: 0.02534	 Recall: 0.05721	NDCG: 0.04612
The time for epoch 44 is: train time = 00: 00: 36, test time = 00: 00: 08
Loss = 14.20602, F1-score: 0.034750 	 Precision: 0.02507	 Recall: 0.05662	NDCG: 0.04552
The time for epoch 45 is: train time = 00: 00: 36, test time = 00: 00: 08
Loss = 12.73372, F1-score: 0.034397 	 Precision: 0.02479	 Recall: 0.05616	NDCG: 0.04502
The time for epoch 46 is: train time = 00: 00: 37, test time = 00: 00: 08
Loss = 12.23790, F1-score: 0.033902 	 Precision: 0.02444	 Recall: 0.05530	NDCG: 0.04416
The time for epoch 47 is: train time = 00: 00: 36, test time = 00: 00: 08
Loss = 13.52811, F1-score: 0.033713 	 Precision: 0.02432	 Recall: 0.05492	NDCG: 0.04394
The time for epoch 48 is: train time = 00: 00: 36, test time = 00: 00: 08
Loss = 12.78322, F1-score: 0.033389 	 Precision: 0.02410	 Recall: 0.05432	NDCG: 0.04337
The time for epoch 49 is: train time = 00: 00: 35, test time = 00: 00: 08
Loss = 12.07883, F1-score: 0.033132 	 Precision: 0.02391	 Recall: 0.05392	NDCG: 0.04311
The time for epoch 50 is: train time = 00: 00: 36, test time = 00: 00: 08
Loss = 11.55150, F1-score: 0.032796 	 Precision: 0.02368	 Recall: 0.05332	NDCG: 0.04267
The time for epoch 51 is: train time = 00: 00: 37, test time = 00: 00: 08
Loss = 11.61149, F1-score: 0.032451 	 Precision: 0.02343	 Recall: 0.05277	NDCG: 0.04201
The time for epoch 52 is: train time = 00: 00: 36, test time = 00: 00: 08
Loss = 11.59088, F1-score: 0.032303 	 Precision: 0.02334	 Recall: 0.05246	NDCG: 0.04174
The time for epoch 53 is: train time = 00: 00: 36, test time = 00: 00: 08
Loss = 11.62707, F1-score: 0.031971 	 Precision: 0.02311	 Recall: 0.05185	NDCG: 0.04137
The time for epoch 54 is: train time = 00: 00: 37, test time = 00: 00: 08
Loss = 10.97717, F1-score: 0.031894 	 Precision: 0.02305	 Recall: 0.05177	NDCG: 0.04122
The time for epoch 55 is: train time = 00: 00: 36, test time = 00: 00: 08
Loss = 11.66193, F1-score: 0.031501 	 Precision: 0.02278	 Recall: 0.05106	NDCG: 0.04067
The time for epoch 56 is: train time = 00: 00: 36, test time = 00: 00: 08
Loss = 10.36289, F1-score: 0.031276 	 Precision: 0.02261	 Recall: 0.05070	NDCG: 0.04050
The time for epoch 57 is: train time = 00: 00: 37, test time = 00: 00: 08
Loss = 10.40493, F1-score: 0.031082 	 Precision: 0.02249	 Recall: 0.05031	NDCG: 0.04016
The time for epoch 58 is: train time = 00: 00: 36, test time = 00: 00: 08
Loss = 10.45843, F1-score: 0.031014 	 Precision: 0.02246	 Recall: 0.05009	NDCG: 0.04007
The time for epoch 59 is: train time = 00: 00: 37, test time = 00: 00: 08
Loss = 9.95086, F1-score: 0.030788 	 Precision: 0.02227	 Recall: 0.04984	NDCG: 0.03977
The time for epoch 60 is: train time = 00: 00: 37, test time = 00: 00: 08
Loss = 10.08638, F1-score: 0.030656 	 Precision: 0.02218	 Recall: 0.04960	NDCG: 0.03963
The time for epoch 61 is: train time = 00: 00: 36, test time = 00: 00: 08
Loss = 10.50210, F1-score: 0.030616 	 Precision: 0.02218	 Recall: 0.04939	NDCG: 0.03933
The time for epoch 62 is: train time = 00: 00: 36, test time = 00: 00: 08
Loss = 10.09112, F1-score: 0.030484 	 Precision: 0.02208	 Recall: 0.04920	NDCG: 0.03930
The time for epoch 63 is: train time = 00: 00: 36, test time = 00: 00: 08
Loss = 10.18254, F1-score: 0.030290 	 Precision: 0.02193	 Recall: 0.04896	NDCG: 0.03920
The time for epoch 64 is: train time = 00: 00: 37, test time = 00: 00: 08
Loss = 10.14713, F1-score: 0.030275 	 Precision: 0.02194	 Recall: 0.04882	NDCG: 0.03886
The time for epoch 65 is: train time = 00: 00: 37, test time = 00: 00: 08
Loss = 9.52561, F1-score: 0.030048 	 Precision: 0.02178	 Recall: 0.04844	NDCG: 0.03871
The time for epoch 66 is: train time = 00: 00: 36, test time = 00: 00: 08
Loss = 10.19237, F1-score: 0.030023 	 Precision: 0.02175	 Recall: 0.04844	NDCG: 0.03857
The time for epoch 67 is: train time = 00: 00: 37, test time = 00: 00: 08
Loss = 9.68720, F1-score: 0.030031 	 Precision: 0.02176	 Recall: 0.04846	NDCG: 0.03867
The time for epoch 68 is: train time = 00: 00: 36, test time = 00: 00: 08
Loss = 9.40608, F1-score: 0.029930 	 Precision: 0.02170	 Recall: 0.04823	NDCG: 0.03858
The time for epoch 69 is: train time = 00: 00: 36, test time = 00: 00: 12
Loss = 9.46395, F1-score: 0.029672 	 Precision: 0.02149	 Recall: 0.04790	NDCG: 0.03842
The time for epoch 70 is: train time = 00: 00: 36, test time = 00: 00: 08
Loss = 10.19694, F1-score: 0.029642 	 Precision: 0.02147	 Recall: 0.04784	NDCG: 0.03839
The time for epoch 71 is: train time = 00: 00: 36, test time = 00: 00: 08
Loss = 10.30164, F1-score: 0.029760 	 Precision: 0.02157	 Recall: 0.04797	NDCG: 0.03828
The time for epoch 72 is: train time = 00: 00: 37, test time = 00: 00: 08
Loss = 9.41405, F1-score: 0.029602 	 Precision: 0.02147	 Recall: 0.04765	NDCG: 0.03808
The time for epoch 73 is: train time = 00: 00: 36, test time = 00: 00: 08
Loss = 10.04312, F1-score: 0.029758 	 Precision: 0.02158	 Recall: 0.04794	NDCG: 0.03831
The time for epoch 74 is: train time = 00: 00: 36, test time = 00: 00: 08
Loss = 9.22915, F1-score: 0.029560 	 Precision: 0.02144	 Recall: 0.04760	NDCG: 0.03812
Training end!
Training with gamma:  0  completed


Training with gamma:  0.1
Total training batches = 1209
The time for epoch 0 is: train time = 00: 00: 37, test time = 00: 00: 08
Loss = 3408.92236, F1-score: 0.007020 	 Precision: 0.00500	 Recall: 0.01179	NDCG: 0.00960
The time for epoch 1 is: train time = 00: 00: 36, test time = 00: 00: 08
Loss = 3627.02588, F1-score: 0.007316 	 Precision: 0.00519	 Recall: 0.01239	NDCG: 0.00985
The time for epoch 2 is: train time = 00: 00: 36, test time = 00: 00: 08
Loss = 3655.84668, F1-score: 0.007228 	 Precision: 0.00513	 Recall: 0.01220	NDCG: 0.00975
The time for epoch 3 is: train time = 00: 00: 37, test time = 00: 00: 08
Loss = 3679.92041, F1-score: 0.007067 	 Precision: 0.00502	 Recall: 0.01191	NDCG: 0.00986
The time for epoch 4 is: train time = 00: 00: 36, test time = 00: 00: 08
Loss = 3705.59668, F1-score: 0.007004 	 Precision: 0.00498	 Recall: 0.01181	NDCG: 0.00979
The time for epoch 5 is: train time = 00: 00: 37, test time = 00: 00: 08
Loss = 3668.41064, F1-score: 0.007216 	 Precision: 0.00513	 Recall: 0.01217	NDCG: 0.00965
The time for epoch 6 is: train time = 00: 00: 36, test time = 00: 00: 08
Loss = 3643.76123, F1-score: 0.007011 	 Precision: 0.00499	 Recall: 0.01181	NDCG: 0.00947
The time for epoch 7 is: train time = 00: 00: 37, test time = 00: 00: 08
Loss = 3695.19800, F1-score: 0.007495 	 Precision: 0.00535	 Recall: 0.01253	NDCG: 0.00992
The time for epoch 8 is: train time = 00: 00: 36, test time = 00: 00: 08
Loss = 3672.06689, F1-score: 0.007220 	 Precision: 0.00513	 Recall: 0.01221	NDCG: 0.00941
The time for epoch 9 is: train time = 00: 00: 36, test time = 00: 00: 08
Loss = 3654.34424, F1-score: 0.007068 	 Precision: 0.00503	 Recall: 0.01187	NDCG: 0.00969
The time for epoch 10 is: train time = 00: 00: 36, test time = 00: 00: 08
Loss = 3692.94995, F1-score: 0.007104 	 Precision: 0.00509	 Recall: 0.01174	NDCG: 0.00966
The time for epoch 11 is: train time = 00: 00: 36, test time = 00: 00: 08
Loss = 3691.91772, F1-score: 0.007180 	 Precision: 0.00513	 Recall: 0.01194	NDCG: 0.00990
The time for epoch 12 is: train time = 00: 00: 35, test time = 00: 00: 07
Loss = 3611.13892, F1-score: 0.007394 	 Precision: 0.00524	 Recall: 0.01253	NDCG: 0.00981
The time for epoch 13 is: train time = 00: 00: 37, test time = 00: 00: 08
Loss = 3621.74170, F1-score: 0.007455 	 Precision: 0.00529	 Recall: 0.01263	NDCG: 0.01029
The time for epoch 14 is: train time = 00: 00: 36, test time = 00: 00: 08
Loss = 3664.79565, F1-score: 0.007294 	 Precision: 0.00518	 Recall: 0.01235	NDCG: 0.00939
The time for epoch 15 is: train time = 00: 00: 36, test time = 00: 00: 08
Loss = 3634.01514, F1-score: 0.007547 	 Precision: 0.00538	 Recall: 0.01266	NDCG: 0.00961
The time for epoch 16 is: train time = 00: 00: 37, test time = 00: 00: 08
Loss = 3615.11572, F1-score: 0.006997 	 Precision: 0.00499	 Recall: 0.01170	NDCG: 0.00982
The time for epoch 17 is: train time = 00: 00: 36, test time = 00: 00: 08
Loss = 3620.58813, F1-score: 0.007346 	 Precision: 0.00523	 Recall: 0.01234	NDCG: 0.00974
The time for epoch 18 is: train time = 00: 00: 42, test time = 00: 00: 08
Loss = 3695.92773, F1-score: 0.006969 	 Precision: 0.00494	 Recall: 0.01184	NDCG: 0.00955
The time for epoch 19 is: train time = 00: 00: 36, test time = 00: 00: 08
Loss = 3714.91211, F1-score: 0.007200 	 Precision: 0.00514	 Recall: 0.01203	NDCG: 0.00987
The time for epoch 20 is: train time = 00: 00: 36, test time = 00: 00: 08
Loss = 3608.84399, F1-score: 0.007354 	 Precision: 0.00523	 Recall: 0.01237	NDCG: 0.01015
The time for epoch 21 is: train time = 00: 00: 36, test time = 00: 00: 08
Loss = 3691.38599, F1-score: 0.007460 	 Precision: 0.00533	 Recall: 0.01244	NDCG: 0.00997
The time for epoch 22 is: train time = 00: 00: 36, test time = 00: 00: 08
Loss = 3670.65796, F1-score: 0.007540 	 Precision: 0.00537	 Recall: 0.01267	NDCG: 0.01035
The time for epoch 23 is: train time = 00: 00: 37, test time = 00: 00: 08
Loss = 3650.84058, F1-score: 0.007448 	 Precision: 0.00529	 Recall: 0.01256	NDCG: 0.01012
The time for epoch 24 is: train time = 00: 00: 36, test time = 00: 00: 08
Loss = 3681.18994, F1-score: 0.007477 	 Precision: 0.00531	 Recall: 0.01263	NDCG: 0.00994
The time for epoch 25 is: train time = 00: 00: 36, test time = 00: 00: 08
Loss = 3652.58301, F1-score: 0.007256 	 Precision: 0.00516	 Recall: 0.01222	NDCG: 0.00996
The time for epoch 26 is: train time = 00: 00: 37, test time = 00: 00: 08
Loss = 3678.00977, F1-score: 0.007111 	 Precision: 0.00506	 Recall: 0.01198	NDCG: 0.00909
The time for epoch 27 is: train time = 00: 00: 35, test time = 00: 00: 08
Loss = 3659.50684, F1-score: 0.007157 	 Precision: 0.00507	 Recall: 0.01216	NDCG: 0.00999
The time for epoch 28 is: train time = 00: 00: 36, test time = 00: 00: 08
Loss = 3638.85449, F1-score: 0.007266 	 Precision: 0.00518	 Recall: 0.01218	NDCG: 0.00981
The time for epoch 29 is: train time = 00: 00: 37, test time = 00: 00: 08
Loss = 3637.05249, F1-score: 0.007107 	 Precision: 0.00505	 Recall: 0.01202	NDCG: 0.00972
The time for epoch 30 is: train time = 00: 00: 37, test time = 00: 00: 08
Loss = 3650.89795, F1-score: 0.006993 	 Precision: 0.00498	 Recall: 0.01171	NDCG: 0.00971
The time for epoch 31 is: train time = 00: 00: 37, test time = 00: 00: 08
Loss = 3660.72461, F1-score: 0.007072 	 Precision: 0.00501	 Recall: 0.01204	NDCG: 0.00956
The time for epoch 32 is: train time = 00: 00: 36, test time = 00: 00: 08
Loss = 3678.17261, F1-score: 0.007136 	 Precision: 0.00507	 Recall: 0.01206	NDCG: 0.00986
The time for epoch 33 is: train time = 00: 00: 37, test time = 00: 00: 08
Loss = 3705.89038, F1-score: 0.007224 	 Precision: 0.00513	 Recall: 0.01223	NDCG: 0.00928
The time for epoch 34 is: train time = 00: 00: 38, test time = 00: 00: 08
Loss = 3579.04443, F1-score: 0.007187 	 Precision: 0.00512	 Recall: 0.01206	NDCG: 0.00967
The time for epoch 35 is: train time = 00: 00: 36, test time = 00: 00: 08
Loss = 3624.68677, F1-score: 0.007282 	 Precision: 0.00517	 Recall: 0.01229	NDCG: 0.01009
The time for epoch 36 is: train time = 00: 00: 36, test time = 00: 00: 08
Loss = 3691.21460, F1-score: 0.007181 	 Precision: 0.00513	 Recall: 0.01197	NDCG: 0.00998
The time for epoch 37 is: train time = 00: 00: 38, test time = 00: 00: 08
Loss = 3581.01245, F1-score: 0.007002 	 Precision: 0.00499	 Recall: 0.01175	NDCG: 0.00929
The time for epoch 38 is: train time = 00: 00: 37, test time = 00: 00: 08
Loss = 3650.02856, F1-score: 0.007055 	 Precision: 0.00501	 Recall: 0.01192	NDCG: 0.00959
The time for epoch 39 is: train time = 00: 00: 36, test time = 00: 00: 08
Loss = 3651.86377, F1-score: 0.006959 	 Precision: 0.00495	 Recall: 0.01172	NDCG: 0.00943
The time for epoch 40 is: train time = 00: 00: 36, test time = 00: 00: 08
Loss = 3702.12866, F1-score: 0.007435 	 Precision: 0.00529	 Recall: 0.01249	NDCG: 0.01024
The time for epoch 41 is: train time = 00: 00: 36, test time = 00: 00: 07
Loss = 3694.83813, F1-score: 0.007376 	 Precision: 0.00525	 Recall: 0.01240	NDCG: 0.01005
The time for epoch 42 is: train time = 00: 00: 36, test time = 00: 00: 08
Loss = 3680.23804, F1-score: 0.007046 	 Precision: 0.00501	 Recall: 0.01190	NDCG: 0.00984
The time for epoch 43 is: train time = 00: 00: 37, test time = 00: 00: 08
Loss = 3652.53345, F1-score: 0.007222 	 Precision: 0.00512	 Recall: 0.01225	NDCG: 0.00998
The time for epoch 44 is: train time = 00: 00: 36, test time = 00: 00: 08
Loss = 3629.46802, F1-score: 0.006893 	 Precision: 0.00488	 Recall: 0.01171	NDCG: 0.00940
The time for epoch 45 is: train time = 00: 00: 36, test time = 00: 00: 08
Loss = 3617.75269, F1-score: 0.007136 	 Precision: 0.00509	 Recall: 0.01194	NDCG: 0.00952
The time for epoch 46 is: train time = 00: 00: 37, test time = 00: 00: 08
Loss = 3677.16724, F1-score: 0.007262 	 Precision: 0.00514	 Recall: 0.01235	NDCG: 0.00983
The time for epoch 47 is: train time = 00: 00: 36, test time = 00: 00: 08
Loss = 3687.35889, F1-score: 0.007371 	 Precision: 0.00525	 Recall: 0.01240	NDCG: 0.00991
The time for epoch 48 is: train time = 00: 00: 36, test time = 00: 00: 08
Loss = 3641.32129, F1-score: 0.007179 	 Precision: 0.00509	 Recall: 0.01215	NDCG: 0.00961
The time for epoch 49 is: train time = 00: 00: 36, test time = 00: 00: 08
Loss = 3674.22998, F1-score: 0.007373 	 Precision: 0.00522	 Recall: 0.01253	NDCG: 0.01012
The time for epoch 50 is: train time = 00: 00: 36, test time = 00: 00: 08
Loss = 3612.95801, F1-score: 0.007055 	 Precision: 0.00500	 Recall: 0.01196	NDCG: 0.00955
The time for epoch 51 is: train time = 00: 00: 36, test time = 00: 00: 08
Loss = 3677.08423, F1-score: 0.007321 	 Precision: 0.00521	 Recall: 0.01232	NDCG: 0.01005
The time for epoch 52 is: train time = 00: 00: 36, test time = 00: 00: 08
Loss = 3673.05249, F1-score: 0.007241 	 Precision: 0.00514	 Recall: 0.01224	NDCG: 0.00977
The time for epoch 53 is: train time = 00: 00: 36, test time = 00: 00: 08
Loss = 3649.93091, F1-score: 0.007507 	 Precision: 0.00535	 Recall: 0.01258	NDCG: 0.01018
The time for epoch 54 is: train time = 00: 00: 37, test time = 00: 00: 08
Loss = 3688.39453, F1-score: 0.007257 	 Precision: 0.00517	 Recall: 0.01218	NDCG: 0.00996
The time for epoch 55 is: train time = 00: 00: 37, test time = 00: 00: 08
Loss = 3617.09839, F1-score: 0.007034 	 Precision: 0.00500	 Recall: 0.01187	NDCG: 0.00973
The time for epoch 56 is: train time = 00: 00: 36, test time = 00: 00: 08
Loss = 3661.81421, F1-score: 0.007519 	 Precision: 0.00535	 Recall: 0.01262	NDCG: 0.00984
The time for epoch 57 is: train time = 00: 00: 37, test time = 00: 00: 08
Loss = 3639.13159, F1-score: 0.007367 	 Precision: 0.00523	 Recall: 0.01244	NDCG: 0.00977
The time for epoch 58 is: train time = 00: 00: 37, test time = 00: 00: 08
Loss = 3655.24121, F1-score: 0.007468 	 Precision: 0.00530	 Recall: 0.01263	NDCG: 0.01006
The time for epoch 59 is: train time = 00: 00: 36, test time = 00: 00: 08
Loss = 3605.74902, F1-score: 0.007245 	 Precision: 0.00515	 Recall: 0.01222	NDCG: 0.00978
The time for epoch 60 is: train time = 00: 00: 37, test time = 00: 00: 08
Loss = 3601.29810, F1-score: 0.007192 	 Precision: 0.00509	 Recall: 0.01224	NDCG: 0.00999
The time for epoch 61 is: train time = 00: 00: 35, test time = 00: 00: 08
Loss = 3741.53760, F1-score: 0.007104 	 Precision: 0.00504	 Recall: 0.01201	NDCG: 0.00973
The time for epoch 62 is: train time = 00: 00: 36, test time = 00: 00: 08
Loss = 3704.96143, F1-score: 0.007473 	 Precision: 0.00534	 Recall: 0.01244	NDCG: 0.01006
The time for epoch 63 is: train time = 00: 00: 36, test time = 00: 00: 08
Loss = 3682.79761, F1-score: 0.006961 	 Precision: 0.00496	 Recall: 0.01166	NDCG: 0.00964
The time for epoch 64 is: train time = 00: 00: 36, test time = 00: 00: 11
Loss = 3620.89502, F1-score: 0.007259 	 Precision: 0.00516	 Recall: 0.01224	NDCG: 0.00944
The time for epoch 65 is: train time = 00: 00: 40, test time = 00: 00: 08
Loss = 3653.37891, F1-score: 0.007176 	 Precision: 0.00509	 Recall: 0.01214	NDCG: 0.00978
The time for epoch 66 is: train time = 00: 00: 36, test time = 00: 00: 08
Loss = 3658.67773, F1-score: 0.007362 	 Precision: 0.00522	 Recall: 0.01249	NDCG: 0.01006
The time for epoch 67 is: train time = 00: 00: 36, test time = 00: 00: 08
Loss = 3663.13892, F1-score: 0.007406 	 Precision: 0.00525	 Recall: 0.01259	NDCG: 0.00940
The time for epoch 68 is: train time = 00: 00: 36, test time = 00: 00: 08
Loss = 3640.16357, F1-score: 0.006979 	 Precision: 0.00498	 Recall: 0.01167	NDCG: 0.00911
The time for epoch 69 is: train time = 00: 00: 36, test time = 00: 00: 08
Loss = 3707.79785, F1-score: 0.007325 	 Precision: 0.00522	 Recall: 0.01228	NDCG: 0.00998
The time for epoch 70 is: train time = 00: 00: 36, test time = 00: 00: 08
Loss = 3664.75952, F1-score: 0.006990 	 Precision: 0.00495	 Recall: 0.01186	NDCG: 0.00952
The time for epoch 71 is: train time = 00: 00: 37, test time = 00: 00: 08
Loss = 3687.54712, F1-score: 0.007052 	 Precision: 0.00501	 Recall: 0.01188	NDCG: 0.00936
The time for epoch 72 is: train time = 00: 00: 36, test time = 00: 00: 08
Loss = 3687.35693, F1-score: 0.007553 	 Precision: 0.00536	 Recall: 0.01276	NDCG: 0.01021
The time for epoch 73 is: train time = 00: 00: 36, test time = 00: 00: 08
Loss = 3662.20605, F1-score: 0.007164 	 Precision: 0.00510	 Recall: 0.01202	NDCG: 0.00968
The time for epoch 74 is: train time = 00: 00: 36, test time = 00: 00: 08
Loss = 3718.40723, F1-score: 0.007317 	 Precision: 0.00519	 Recall: 0.01242	NDCG: 0.00955
Training end!
Training with gamma:  0.1  completed


Training with gamma:  0.01
Total training batches = 1209
The time for epoch 0 is: train time = 00: 00: 37, test time = 00: 00: 08
Loss = 1376.83972, F1-score: 0.007391 	 Precision: 0.00525	 Recall: 0.01250	NDCG: 0.00984
The time for epoch 1 is: train time = 00: 00: 38, test time = 00: 00: 08
Loss = 1239.77991, F1-score: 0.007337 	 Precision: 0.00519	 Recall: 0.01250	NDCG: 0.00998
The time for epoch 2 is: train time = 00: 00: 38, test time = 00: 00: 08
Loss = 1234.60327, F1-score: 0.007422 	 Precision: 0.00527	 Recall: 0.01255	NDCG: 0.01012
The time for epoch 3 is: train time = 00: 00: 37, test time = 00: 00: 08
Loss = 1252.22424, F1-score: 0.006836 	 Precision: 0.00486	 Recall: 0.01149	NDCG: 0.00973
The time for epoch 4 is: train time = 00: 00: 39, test time = 00: 00: 08
Loss = 1252.09778, F1-score: 0.007495 	 Precision: 0.00531	 Recall: 0.01271	NDCG: 0.01008
The time for epoch 5 is: train time = 00: 00: 40, test time = 00: 00: 08
Loss = 1260.16602, F1-score: 0.007572 	 Precision: 0.00536	 Recall: 0.01292	NDCG: 0.00972
The time for epoch 6 is: train time = 00: 00: 39, test time = 00: 00: 08
Loss = 1259.13965, F1-score: 0.007163 	 Precision: 0.00509	 Recall: 0.01211	NDCG: 0.00989
The time for epoch 7 is: train time = 00: 00: 39, test time = 00: 00: 08
Loss = 1258.29993, F1-score: 0.007380 	 Precision: 0.00522	 Recall: 0.01262	NDCG: 0.00965
The time for epoch 8 is: train time = 00: 00: 40, test time = 00: 00: 08
Loss = 1253.10583, F1-score: 0.007212 	 Precision: 0.00513	 Recall: 0.01216	NDCG: 0.00987
The time for epoch 9 is: train time = 00: 00: 40, test time = 00: 00: 08
Loss = 1252.53284, F1-score: 0.007484 	 Precision: 0.00531	 Recall: 0.01266	NDCG: 0.01005
The time for epoch 10 is: train time = 00: 00: 39, test time = 00: 00: 08
Loss = 1248.36279, F1-score: 0.007244 	 Precision: 0.00512	 Recall: 0.01239	NDCG: 0.00984
The time for epoch 11 is: train time = 00: 00: 40, test time = 00: 00: 08
Loss = 1257.24670, F1-score: 0.007358 	 Precision: 0.00523	 Recall: 0.01242	NDCG: 0.01007
The time for epoch 12 is: train time = 00: 00: 39, test time = 00: 00: 08
Loss = 1255.44592, F1-score: 0.007195 	 Precision: 0.00509	 Recall: 0.01226	NDCG: 0.00994
The time for epoch 13 is: train time = 00: 00: 39, test time = 00: 00: 08
Loss = 1249.89697, F1-score: 0.007234 	 Precision: 0.00513	 Recall: 0.01228	NDCG: 0.00987
The time for epoch 14 is: train time = 00: 00: 39, test time = 00: 00: 08
Loss = 1260.02209, F1-score: 0.007280 	 Precision: 0.00517	 Recall: 0.01229	NDCG: 0.01011
The time for epoch 15 is: train time = 00: 00: 39, test time = 00: 00: 08
Loss = 1250.54163, F1-score: 0.007177 	 Precision: 0.00508	 Recall: 0.01222	NDCG: 0.00981
The time for epoch 16 is: train time = 00: 00: 40, test time = 00: 00: 08
Loss = 1259.77588, F1-score: 0.007263 	 Precision: 0.00517	 Recall: 0.01221	NDCG: 0.01001
The time for epoch 17 is: train time = 00: 00: 40, test time = 00: 00: 08
Loss = 1255.33130, F1-score: 0.007280 	 Precision: 0.00517	 Recall: 0.01231	NDCG: 0.01009
The time for epoch 18 is: train time = 00: 00: 40, test time = 00: 00: 08
Loss = 1253.43115, F1-score: 0.007220 	 Precision: 0.00513	 Recall: 0.01220	NDCG: 0.01004
The time for epoch 19 is: train time = 00: 00: 38, test time = 00: 00: 08
Loss = 1254.80371, F1-score: 0.007479 	 Precision: 0.00532	 Recall: 0.01259	NDCG: 0.01008
The time for epoch 20 is: train time = 00: 00: 39, test time = 00: 00: 08
Loss = 1259.80359, F1-score: 0.007263 	 Precision: 0.00516	 Recall: 0.01227	NDCG: 0.00964
The time for epoch 21 is: train time = 00: 00: 39, test time = 00: 00: 08
Loss = 1257.32837, F1-score: 0.007226 	 Precision: 0.00512	 Recall: 0.01225	NDCG: 0.01002
The time for epoch 22 is: train time = 00: 00: 40, test time = 00: 00: 08
Loss = 1256.04651, F1-score: 0.007392 	 Precision: 0.00524	 Recall: 0.01257	NDCG: 0.01028
The time for epoch 23 is: train time = 00: 00: 40, test time = 00: 00: 08
Loss = 1258.10022, F1-score: 0.007290 	 Precision: 0.00517	 Recall: 0.01235	NDCG: 0.00994
The time for epoch 24 is: train time = 00: 00: 39, test time = 00: 00: 08
Loss = 1258.26892, F1-score: 0.007232 	 Precision: 0.00515	 Recall: 0.01213	NDCG: 0.00991
The time for epoch 25 is: train time = 00: 00: 40, test time = 00: 00: 08
Loss = 1249.71350, F1-score: 0.007268 	 Precision: 0.00515	 Recall: 0.01236	NDCG: 0.01001
The time for epoch 26 is: train time = 00: 00: 40, test time = 00: 00: 08
Loss = 1256.04443, F1-score: 0.006903 	 Precision: 0.00491	 Recall: 0.01160	NDCG: 0.00967
The time for epoch 27 is: train time = 00: 00: 39, test time = 00: 00: 08
Loss = 1251.15161, F1-score: 0.007402 	 Precision: 0.00525	 Recall: 0.01253	NDCG: 0.01001
The time for epoch 28 is: train time = 00: 00: 40, test time = 00: 00: 08
Loss = 1254.89575, F1-score: 0.007417 	 Precision: 0.00525	 Recall: 0.01262	NDCG: 0.00944
The time for epoch 29 is: train time = 00: 00: 39, test time = 00: 00: 08
Loss = 1259.30225, F1-score: 0.007453 	 Precision: 0.00528	 Recall: 0.01265	NDCG: 0.01034
The time for epoch 30 is: train time = 00: 00: 39, test time = 00: 00: 08
Loss = 1256.61853, F1-score: 0.007433 	 Precision: 0.00527	 Recall: 0.01263	NDCG: 0.00992
The time for epoch 31 is: train time = 00: 00: 39, test time = 00: 00: 08
Loss = 1250.26599, F1-score: 0.007481 	 Precision: 0.00533	 Recall: 0.01254	NDCG: 0.00985
The time for epoch 32 is: train time = 00: 00: 40, test time = 00: 00: 08
Loss = 1252.35718, F1-score: 0.007206 	 Precision: 0.00515	 Recall: 0.01200	NDCG: 0.00980
The time for epoch 33 is: train time = 00: 00: 40, test time = 00: 00: 08
Loss = 1253.26514, F1-score: 0.007253 	 Precision: 0.00517	 Recall: 0.01214	NDCG: 0.00952
The time for epoch 34 is: train time = 00: 00: 39, test time = 00: 00: 08
Loss = 1252.81555, F1-score: 0.007242 	 Precision: 0.00515	 Recall: 0.01220	NDCG: 0.00988
The time for epoch 35 is: train time = 00: 00: 39, test time = 00: 00: 08
Loss = 1251.19128, F1-score: 0.007325 	 Precision: 0.00520	 Recall: 0.01238	NDCG: 0.01011
The time for epoch 36 is: train time = 00: 00: 39, test time = 00: 00: 08
Loss = 1259.77759, F1-score: 0.007607 	 Precision: 0.00540	 Recall: 0.01285	NDCG: 0.01048
The time for epoch 37 is: train time = 00: 00: 40, test time = 00: 00: 08
Loss = 1253.93079, F1-score: 0.007122 	 Precision: 0.00507	 Recall: 0.01197	NDCG: 0.01004
The time for epoch 38 is: train time = 00: 00: 40, test time = 00: 00: 08
Loss = 1257.08179, F1-score: 0.007142 	 Precision: 0.00508	 Recall: 0.01203	NDCG: 0.00938
The time for epoch 39 is: train time = 00: 00: 40, test time = 00: 00: 08
Loss = 1244.87305, F1-score: 0.007272 	 Precision: 0.00517	 Recall: 0.01227	NDCG: 0.01015
The time for epoch 40 is: train time = 00: 00: 40, test time = 00: 00: 08
Loss = 1250.81055, F1-score: 0.007257 	 Precision: 0.00517	 Recall: 0.01215	NDCG: 0.00986
The time for epoch 41 is: train time = 00: 00: 39, test time = 00: 00: 08
Loss = 1240.68005, F1-score: 0.007429 	 Precision: 0.00528	 Recall: 0.01254	NDCG: 0.00999
The time for epoch 42 is: train time = 00: 00: 41, test time = 00: 00: 08
Loss = 1253.29175, F1-score: 0.007366 	 Precision: 0.00525	 Recall: 0.01232	NDCG: 0.00992
The time for epoch 43 is: train time = 00: 00: 41, test time = 00: 00: 08
Loss = 1252.92102, F1-score: 0.007162 	 Precision: 0.00510	 Recall: 0.01203	NDCG: 0.00973
The time for epoch 44 is: train time = 00: 00: 39, test time = 00: 00: 08
Loss = 1251.69934, F1-score: 0.007317 	 Precision: 0.00518	 Recall: 0.01244	NDCG: 0.01018
The time for epoch 45 is: train time = 00: 00: 39, test time = 00: 00: 08
Loss = 1247.69006, F1-score: 0.007328 	 Precision: 0.00520	 Recall: 0.01243	NDCG: 0.01005
The time for epoch 46 is: train time = 00: 00: 40, test time = 00: 00: 08
Loss = 1251.72351, F1-score: 0.007548 	 Precision: 0.00536	 Recall: 0.01277	NDCG: 0.01028
The time for epoch 47 is: train time = 00: 00: 39, test time = 00: 00: 08
Loss = 1249.35352, F1-score: 0.007219 	 Precision: 0.00513	 Recall: 0.01215	NDCG: 0.00965
The time for epoch 48 is: train time = 00: 00: 40, test time = 00: 00: 08
Loss = 1254.01233, F1-score: 0.007381 	 Precision: 0.00524	 Recall: 0.01251	NDCG: 0.00996
The time for epoch 49 is: train time = 00: 00: 39, test time = 00: 00: 08
Loss = 1253.04688, F1-score: 0.007099 	 Precision: 0.00504	 Recall: 0.01198	NDCG: 0.00986
The time for epoch 50 is: train time = 00: 00: 39, test time = 00: 00: 08
Loss = 1258.35254, F1-score: 0.006882 	 Precision: 0.00488	 Recall: 0.01165	NDCG: 0.00965
The time for epoch 51 is: train time = 00: 00: 37, test time = 00: 00: 08
Loss = 1250.83118, F1-score: 0.007456 	 Precision: 0.00530	 Recall: 0.01257	NDCG: 0.00994
The time for epoch 52 is: train time = 00: 00: 36, test time = 00: 00: 08
Loss = 1254.52246, F1-score: 0.007678 	 Precision: 0.00545	 Recall: 0.01297	NDCG: 0.01020
The time for epoch 53 is: train time = 00: 00: 37, test time = 00: 00: 08
Loss = 1260.56055, F1-score: 0.007562 	 Precision: 0.00537	 Recall: 0.01277	NDCG: 0.01011
The time for epoch 54 is: train time = 00: 00: 37, test time = 00: 00: 08
Loss = 1249.16064, F1-score: 0.007346 	 Precision: 0.00522	 Recall: 0.01238	NDCG: 0.00995
The time for epoch 55 is: train time = 00: 00: 37, test time = 00: 00: 08
Loss = 1251.95630, F1-score: 0.007501 	 Precision: 0.00532	 Recall: 0.01270	NDCG: 0.01025
The time for epoch 56 is: train time = 00: 00: 37, test time = 00: 00: 08
Loss = 1252.54846, F1-score: 0.007247 	 Precision: 0.00514	 Recall: 0.01229	NDCG: 0.01011
The time for epoch 57 is: train time = 00: 00: 37, test time = 00: 00: 08
Loss = 1255.68701, F1-score: 0.007347 	 Precision: 0.00522	 Recall: 0.01238	NDCG: 0.01003
The time for epoch 58 is: train time = 00: 00: 37, test time = 00: 00: 08
Loss = 1253.28406, F1-score: 0.007225 	 Precision: 0.00512	 Recall: 0.01227	NDCG: 0.00977
The time for epoch 59 is: train time = 00: 00: 36, test time = 00: 00: 08
Loss = 1253.60059, F1-score: 0.007267 	 Precision: 0.00516	 Recall: 0.01226	NDCG: 0.01000
The time for epoch 60 is: train time = 00: 00: 37, test time = 00: 00: 08
Loss = 1248.67761, F1-score: 0.007238 	 Precision: 0.00516	 Recall: 0.01213	NDCG: 0.00993
The time for epoch 61 is: train time = 00: 00: 36, test time = 00: 00: 08
Loss = 1254.80432, F1-score: 0.007483 	 Precision: 0.00532	 Recall: 0.01262	NDCG: 0.01015
The time for epoch 62 is: train time = 00: 00: 36, test time = 00: 00: 08
Loss = 1253.00500, F1-score: 0.007160 	 Precision: 0.00508	 Recall: 0.01211	NDCG: 0.00993
The time for epoch 63 is: train time = 00: 00: 36, test time = 00: 00: 08
Loss = 1249.26477, F1-score: 0.007206 	 Precision: 0.00512	 Recall: 0.01217	NDCG: 0.00980
The time for epoch 64 is: train time = 00: 00: 38, test time = 00: 00: 08
Loss = 1253.62012, F1-score: 0.007424 	 Precision: 0.00528	 Recall: 0.01253	NDCG: 0.00994
The time for epoch 65 is: train time = 00: 00: 36, test time = 00: 00: 08
Loss = 1243.16711, F1-score: 0.007341 	 Precision: 0.00522	 Recall: 0.01238	NDCG: 0.01000
The time for epoch 66 is: train time = 00: 00: 36, test time = 00: 00: 08
Loss = 1261.50281, F1-score: 0.007424 	 Precision: 0.00528	 Recall: 0.01248	NDCG: 0.01007
The time for epoch 67 is: train time = 00: 00: 37, test time = 00: 00: 08
Loss = 1251.31189, F1-score: 0.007214 	 Precision: 0.00513	 Recall: 0.01217	NDCG: 0.00994
The time for epoch 68 is: train time = 00: 00: 36, test time = 00: 00: 08
Loss = 1254.08997, F1-score: 0.007089 	 Precision: 0.00504	 Recall: 0.01196	NDCG: 0.00997
The time for epoch 69 is: train time = 00: 00: 36, test time = 00: 00: 08
Loss = 1252.89795, F1-score: 0.007240 	 Precision: 0.00514	 Recall: 0.01226	NDCG: 0.01000
The time for epoch 70 is: train time = 00: 00: 37, test time = 00: 00: 08
Loss = 1260.48975, F1-score: 0.007312 	 Precision: 0.00519	 Recall: 0.01237	NDCG: 0.00995
The time for epoch 71 is: train time = 00: 00: 36, test time = 00: 00: 08
Loss = 1259.24170, F1-score: 0.007230 	 Precision: 0.00512	 Recall: 0.01229	NDCG: 0.00987
The time for epoch 72 is: train time = 00: 00: 36, test time = 00: 00: 08
Loss = 1249.82483, F1-score: 0.007308 	 Precision: 0.00519	 Recall: 0.01235	NDCG: 0.00999
The time for epoch 73 is: train time = 00: 00: 37, test time = 00: 00: 08
Loss = 1247.77954, F1-score: 0.007235 	 Precision: 0.00513	 Recall: 0.01225	NDCG: 0.00987
The time for epoch 74 is: train time = 00: 00: 36, test time = 00: 00: 08
Loss = 1253.17871, F1-score: 0.007650 	 Precision: 0.00545	 Recall: 0.01284	NDCG: 0.01027
Training end!
Training with gamma:  0.01  completed


Training with gamma:  0.001
Total training batches = 1209
The time for epoch 0 is: train time = 00: 00: 37, test time = 00: 00: 08
Loss = 474.55273, F1-score: 0.007329 	 Precision: 0.00522	 Recall: 0.01232	NDCG: 0.01010
The time for epoch 1 is: train time = 00: 00: 36, test time = 00: 00: 08
Loss = 335.93338, F1-score: 0.007157 	 Precision: 0.00509	 Recall: 0.01207	NDCG: 0.00980
The time for epoch 2 is: train time = 00: 00: 36, test time = 00: 00: 08
Loss = 276.21295, F1-score: 0.007224 	 Precision: 0.00513	 Recall: 0.01220	NDCG: 0.01001
The time for epoch 3 is: train time = 00: 00: 37, test time = 00: 00: 08
Loss = 245.34741, F1-score: 0.007284 	 Precision: 0.00519	 Recall: 0.01219	NDCG: 0.00996
The time for epoch 4 is: train time = 00: 00: 37, test time = 00: 00: 08
Loss = 227.52756, F1-score: 0.007056 	 Precision: 0.00503	 Recall: 0.01184	NDCG: 0.00977
The time for epoch 5 is: train time = 00: 00: 37, test time = 00: 00: 08
Loss = 226.41730, F1-score: 0.007458 	 Precision: 0.00530	 Recall: 0.01258	NDCG: 0.01030
The time for epoch 6 is: train time = 00: 00: 36, test time = 00: 00: 08
Loss = 228.69801, F1-score: 0.007169 	 Precision: 0.00508	 Recall: 0.01215	NDCG: 0.00988
The time for epoch 7 is: train time = 00: 00: 37, test time = 00: 00: 08
Loss = 226.12546, F1-score: 0.007256 	 Precision: 0.00516	 Recall: 0.01224	NDCG: 0.01007
The time for epoch 8 is: train time = 00: 00: 36, test time = 00: 00: 08
Loss = 223.80449, F1-score: 0.007409 	 Precision: 0.00526	 Recall: 0.01255	NDCG: 0.01004
The time for epoch 9 is: train time = 00: 00: 36, test time = 00: 00: 08
Loss = 223.68292, F1-score: 0.007285 	 Precision: 0.00515	 Recall: 0.01242	NDCG: 0.01016
The time for epoch 10 is: train time = 00: 00: 37, test time = 00: 00: 08
Loss = 225.44316, F1-score: 0.007193 	 Precision: 0.00508	 Recall: 0.01233	NDCG: 0.00990
The time for epoch 11 is: train time = 00: 00: 36, test time = 00: 00: 08
Loss = 225.01462, F1-score: 0.007552 	 Precision: 0.00536	 Recall: 0.01278	NDCG: 0.01003
The time for epoch 12 is: train time = 00: 00: 37, test time = 00: 00: 08
Loss = 225.81366, F1-score: 0.007208 	 Precision: 0.00511	 Recall: 0.01224	NDCG: 0.00980
The time for epoch 13 is: train time = 00: 00: 36, test time = 00: 00: 08
Loss = 228.74023, F1-score: 0.007480 	 Precision: 0.00530	 Recall: 0.01271	NDCG: 0.01012
The time for epoch 14 is: train time = 00: 00: 36, test time = 00: 00: 08
Loss = 222.20438, F1-score: 0.007257 	 Precision: 0.00517	 Recall: 0.01215	NDCG: 0.00987
The time for epoch 15 is: train time = 00: 00: 36, test time = 00: 00: 08
Loss = 223.30110, F1-score: 0.007518 	 Precision: 0.00534	 Recall: 0.01268	NDCG: 0.00998
The time for epoch 16 is: train time = 00: 00: 36, test time = 00: 00: 08
Loss = 226.82472, F1-score: 0.007385 	 Precision: 0.00523	 Recall: 0.01255	NDCG: 0.01001
The time for epoch 17 is: train time = 00: 00: 36, test time = 00: 00: 08
Loss = 220.69321, F1-score: 0.007421 	 Precision: 0.00527	 Recall: 0.01253	NDCG: 0.00969
The time for epoch 18 is: train time = 00: 00: 36, test time = 00: 00: 08
Loss = 224.97902, F1-score: 0.007112 	 Precision: 0.00506	 Recall: 0.01197	NDCG: 0.00968
The time for epoch 19 is: train time = 00: 00: 37, test time = 00: 00: 08
Loss = 226.80463, F1-score: 0.007293 	 Precision: 0.00517	 Recall: 0.01239	NDCG: 0.00979
The time for epoch 20 is: train time = 00: 00: 37, test time = 00: 00: 08
Loss = 226.02924, F1-score: 0.006927 	 Precision: 0.00492	 Recall: 0.01172	NDCG: 0.00985
The time for epoch 21 is: train time = 00: 00: 36, test time = 00: 00: 08
Loss = 224.96114, F1-score: 0.007363 	 Precision: 0.00522	 Recall: 0.01251	NDCG: 0.00970
The time for epoch 22 is: train time = 00: 00: 36, test time = 00: 00: 08
Loss = 225.24765, F1-score: 0.007246 	 Precision: 0.00513	 Recall: 0.01236	NDCG: 0.00984
The time for epoch 23 is: train time = 00: 00: 37, test time = 00: 00: 08
Loss = 225.22728, F1-score: 0.007062 	 Precision: 0.00503	 Recall: 0.01184	NDCG: 0.00982
The time for epoch 24 is: train time = 00: 00: 36, test time = 00: 00: 08
Loss = 225.07918, F1-score: 0.007216 	 Precision: 0.00513	 Recall: 0.01214	NDCG: 0.00995
The time for epoch 25 is: train time = 00: 00: 36, test time = 00: 00: 08
Loss = 223.61601, F1-score: 0.007241 	 Precision: 0.00511	 Recall: 0.01240	NDCG: 0.00991
The time for epoch 26 is: train time = 00: 00: 37, test time = 00: 00: 08
Loss = 224.32945, F1-score: 0.007050 	 Precision: 0.00502	 Recall: 0.01185	NDCG: 0.00972
The time for epoch 27 is: train time = 00: 00: 36, test time = 00: 00: 08
Loss = 225.46324, F1-score: 0.007134 	 Precision: 0.00506	 Recall: 0.01208	NDCG: 0.01000
The time for epoch 28 is: train time = 00: 00: 36, test time = 00: 00: 08
Loss = 227.81770, F1-score: 0.007390 	 Precision: 0.00523	 Recall: 0.01258	NDCG: 0.00973
The time for epoch 29 is: train time = 00: 00: 37, test time = 00: 00: 08
Loss = 226.20892, F1-score: 0.007205 	 Precision: 0.00512	 Recall: 0.01215	NDCG: 0.00995
The time for epoch 30 is: train time = 00: 00: 36, test time = 00: 00: 08
Loss = 225.28226, F1-score: 0.007342 	 Precision: 0.00521	 Recall: 0.01244	NDCG: 0.00980
The time for epoch 31 is: train time = 00: 00: 36, test time = 00: 00: 08
Loss = 225.71213, F1-score: 0.007243 	 Precision: 0.00514	 Recall: 0.01227	NDCG: 0.00989
The time for epoch 32 is: train time = 00: 00: 36, test time = 00: 00: 08
Loss = 228.99159, F1-score: 0.007498 	 Precision: 0.00530	 Recall: 0.01279	NDCG: 0.01022
The time for epoch 33 is: train time = 00: 00: 36, test time = 00: 00: 08
Loss = 227.49509, F1-score: 0.007264 	 Precision: 0.00515	 Recall: 0.01231	NDCG: 0.01009
The time for epoch 34 is: train time = 00: 00: 36, test time = 00: 00: 08
Loss = 225.59763, F1-score: 0.007591 	 Precision: 0.00538	 Recall: 0.01290	NDCG: 0.01012
The time for epoch 35 is: train time = 00: 00: 37, test time = 00: 00: 08
Loss = 226.66035, F1-score: 0.007259 	 Precision: 0.00513	 Recall: 0.01239	NDCG: 0.00959
The time for epoch 36 is: train time = 00: 00: 37, test time = 00: 00: 08
Loss = 224.94031, F1-score: 0.007557 	 Precision: 0.00537	 Recall: 0.01276	NDCG: 0.01036
The time for epoch 37 is: train time = 00: 00: 36, test time = 00: 00: 08
Loss = 224.42554, F1-score: 0.007350 	 Precision: 0.00522	 Recall: 0.01240	NDCG: 0.00996
The time for epoch 38 is: train time = 00: 00: 36, test time = 00: 00: 08
Loss = 223.82048, F1-score: 0.007000 	 Precision: 0.00498	 Recall: 0.01177	NDCG: 0.00970
The time for epoch 39 is: train time = 00: 00: 37, test time = 00: 00: 08
Loss = 222.06786, F1-score: 0.007423 	 Precision: 0.00527	 Recall: 0.01256	NDCG: 0.00968
The time for epoch 40 is: train time = 00: 00: 36, test time = 00: 00: 08
Loss = 226.00922, F1-score: 0.007271 	 Precision: 0.00515	 Recall: 0.01234	NDCG: 0.00984
The time for epoch 41 is: train time = 00: 00: 36, test time = 00: 00: 08
Loss = 226.43329, F1-score: 0.007291 	 Precision: 0.00517	 Recall: 0.01235	NDCG: 0.01002
The time for epoch 42 is: train time = 00: 00: 37, test time = 00: 00: 08
Loss = 225.78705, F1-score: 0.007284 	 Precision: 0.00516	 Recall: 0.01238	NDCG: 0.00997
The time for epoch 43 is: train time = 00: 00: 36, test time = 00: 00: 08
Loss = 222.99277, F1-score: 0.007571 	 Precision: 0.00538	 Recall: 0.01279	NDCG: 0.01004
The time for epoch 44 is: train time = 00: 00: 37, test time = 00: 00: 08
Loss = 224.43674, F1-score: 0.007257 	 Precision: 0.00513	 Recall: 0.01238	NDCG: 0.00995
The time for epoch 45 is: train time = 00: 00: 37, test time = 00: 00: 08
Loss = 223.07153, F1-score: 0.007387 	 Precision: 0.00522	 Recall: 0.01261	NDCG: 0.01010
The time for epoch 46 is: train time = 00: 00: 36, test time = 00: 00: 08
Loss = 223.98238, F1-score: 0.007077 	 Precision: 0.00505	 Recall: 0.01183	NDCG: 0.00980
The time for epoch 47 is: train time = 00: 00: 36, test time = 00: 00: 08
Loss = 223.28242, F1-score: 0.006962 	 Precision: 0.00494	 Recall: 0.01178	NDCG: 0.00982
The time for epoch 48 is: train time = 00: 00: 40, test time = 00: 00: 08
Loss = 225.17523, F1-score: 0.007103 	 Precision: 0.00505	 Recall: 0.01198	NDCG: 0.00988
The time for epoch 49 is: train time = 00: 00: 39, test time = 00: 00: 08
Loss = 230.26796, F1-score: 0.007271 	 Precision: 0.00514	 Recall: 0.01240	NDCG: 0.01003
The time for epoch 50 is: train time = 00: 00: 39, test time = 00: 00: 08
Loss = 223.36540, F1-score: 0.007187 	 Precision: 0.00510	 Recall: 0.01219	NDCG: 0.01001
The time for epoch 51 is: train time = 00: 00: 39, test time = 00: 00: 08
Loss = 226.64522, F1-score: 0.007094 	 Precision: 0.00505	 Recall: 0.01193	NDCG: 0.00955
The time for epoch 52 is: train time = 00: 00: 38, test time = 00: 00: 08
Loss = 226.02579, F1-score: 0.007183 	 Precision: 0.00510	 Recall: 0.01215	NDCG: 0.01002
The time for epoch 53 is: train time = 00: 00: 39, test time = 00: 00: 08
Loss = 223.47656, F1-score: 0.007534 	 Precision: 0.00534	 Recall: 0.01281	NDCG: 0.01007
The time for epoch 54 is: train time = 00: 00: 39, test time = 00: 00: 08
Loss = 225.19498, F1-score: 0.007399 	 Precision: 0.00524	 Recall: 0.01257	NDCG: 0.00999
The time for epoch 55 is: train time = 00: 00: 39, test time = 00: 00: 08
Loss = 222.11232, F1-score: 0.007261 	 Precision: 0.00516	 Recall: 0.01228	NDCG: 0.00981
The time for epoch 56 is: train time = 00: 00: 39, test time = 00: 00: 08
Loss = 225.46431, F1-score: 0.007232 	 Precision: 0.00513	 Recall: 0.01226	NDCG: 0.00973
The time for epoch 57 is: train time = 00: 00: 39, test time = 00: 00: 08
Loss = 228.46945, F1-score: 0.007523 	 Precision: 0.00533	 Recall: 0.01276	NDCG: 0.01006
The time for epoch 58 is: train time = 00: 00: 39, test time = 00: 00: 08
Loss = 224.80206, F1-score: 0.007393 	 Precision: 0.00522	 Recall: 0.01265	NDCG: 0.01008
The time for epoch 59 is: train time = 00: 00: 39, test time = 00: 00: 08
Loss = 223.40434, F1-score: 0.007078 	 Precision: 0.00506	 Recall: 0.01180	NDCG: 0.00960
The time for epoch 60 is: train time = 00: 00: 39, test time = 00: 00: 08
Loss = 229.12813, F1-score: 0.007319 	 Precision: 0.00520	 Recall: 0.01235	NDCG: 0.01008
The time for epoch 61 is: train time = 00: 00: 39, test time = 00: 00: 08
Loss = 227.48332, F1-score: 0.007078 	 Precision: 0.00505	 Recall: 0.01185	NDCG: 0.00977
The time for epoch 62 is: train time = 00: 00: 39, test time = 00: 00: 08
Loss = 224.45149, F1-score: 0.007297 	 Precision: 0.00516	 Recall: 0.01246	NDCG: 0.01019
The time for epoch 63 is: train time = 00: 00: 38, test time = 00: 00: 08
Loss = 224.44351, F1-score: 0.007119 	 Precision: 0.00506	 Recall: 0.01202	NDCG: 0.00970
The time for epoch 64 is: train time = 00: 00: 39, test time = 00: 00: 08
Loss = 227.04002, F1-score: 0.007105 	 Precision: 0.00508	 Recall: 0.01184	NDCG: 0.00969
The time for epoch 65 is: train time = 00: 00: 39, test time = 00: 00: 08
Loss = 225.84908, F1-score: 0.007071 	 Precision: 0.00501	 Recall: 0.01199	NDCG: 0.00998
The time for epoch 66 is: train time = 00: 00: 39, test time = 00: 00: 08
Loss = 226.54419, F1-score: 0.007234 	 Precision: 0.00511	 Recall: 0.01236	NDCG: 0.00993
The time for epoch 67 is: train time = 00: 00: 39, test time = 00: 00: 08
Loss = 225.46132, F1-score: 0.007542 	 Precision: 0.00534	 Recall: 0.01281	NDCG: 0.01028
The time for epoch 68 is: train time = 00: 00: 39, test time = 00: 00: 08
Loss = 228.37968, F1-score: 0.007233 	 Precision: 0.00512	 Recall: 0.01231	NDCG: 0.00973
The time for epoch 69 is: train time = 00: 00: 39, test time = 00: 00: 08
Loss = 222.10435, F1-score: 0.007016 	 Precision: 0.00497	 Recall: 0.01195	NDCG: 0.00991
The time for epoch 70 is: train time = 00: 00: 38, test time = 00: 00: 08
Loss = 225.26559, F1-score: 0.007311 	 Precision: 0.00517	 Recall: 0.01249	NDCG: 0.01012
The time for epoch 71 is: train time = 00: 00: 39, test time = 00: 00: 08
Loss = 228.98747, F1-score: 0.007191 	 Precision: 0.00510	 Recall: 0.01220	NDCG: 0.00989
The time for epoch 72 is: train time = 00: 00: 44, test time = 00: 00: 08
Loss = 222.69499, F1-score: 0.007575 	 Precision: 0.00536	 Recall: 0.01292	NDCG: 0.01022
The time for epoch 73 is: train time = 00: 00: 39, test time = 00: 00: 08
Loss = 228.47424, F1-score: 0.007418 	 Precision: 0.00526	 Recall: 0.01259	NDCG: 0.00977
The time for epoch 74 is: train time = 00: 00: 39, test time = 00: 00: 08
Loss = 226.97934, F1-score: 0.007024 	 Precision: 0.00497	 Recall: 0.01196	NDCG: 0.00977
Training end!
Training with gamma:  0.001  completed


Training with gamma:  0.0001
Total training batches = 1209
The time for epoch 0 is: train time = 00: 00: 39, test time = 00: 00: 08
Loss = 115.62823, F1-score: 0.007524 	 Precision: 0.00534	 Recall: 0.01272	NDCG: 0.01024
The time for epoch 1 is: train time = 00: 00: 39, test time = 00: 00: 08
Loss = 106.57844, F1-score: 0.007419 	 Precision: 0.00525	 Recall: 0.01264	NDCG: 0.01026
The time for epoch 2 is: train time = 00: 00: 39, test time = 00: 00: 08
Loss = 101.67398, F1-score: 0.007339 	 Precision: 0.00521	 Recall: 0.01244	NDCG: 0.01020
The time for epoch 3 is: train time = 00: 00: 39, test time = 00: 00: 08
Loss = 93.87073, F1-score: 0.007618 	 Precision: 0.00541	 Recall: 0.01287	NDCG: 0.01037
The time for epoch 4 is: train time = 00: 00: 39, test time = 00: 00: 08
Loss = 81.69480, F1-score: 0.007108 	 Precision: 0.00504	 Recall: 0.01203	NDCG: 0.00979
The time for epoch 5 is: train time = 00: 00: 39, test time = 00: 00: 08
Loss = 79.47086, F1-score: 0.007286 	 Precision: 0.00516	 Recall: 0.01240	NDCG: 0.00992
The time for epoch 6 is: train time = 00: 00: 39, test time = 00: 00: 08
Loss = 73.32614, F1-score: 0.007100 	 Precision: 0.00501	 Recall: 0.01217	NDCG: 0.01002
The time for epoch 7 is: train time = 00: 00: 39, test time = 00: 00: 08
Loss = 67.57732, F1-score: 0.007322 	 Precision: 0.00520	 Recall: 0.01236	NDCG: 0.00981
The time for epoch 8 is: train time = 00: 00: 39, test time = 00: 00: 08
Loss = 66.66734, F1-score: 0.007439 	 Precision: 0.00527	 Recall: 0.01262	NDCG: 0.00993
The time for epoch 9 is: train time = 00: 00: 39, test time = 00: 00: 08
Loss = 69.62708, F1-score: 0.007259 	 Precision: 0.00514	 Recall: 0.01234	NDCG: 0.00982
The time for epoch 10 is: train time = 00: 00: 38, test time = 00: 00: 08
Loss = 64.58779, F1-score: 0.007491 	 Precision: 0.00530	 Recall: 0.01276	NDCG: 0.00988
The time for epoch 11 is: train time = 00: 00: 39, test time = 00: 00: 08
Loss = 64.64819, F1-score: 0.007433 	 Precision: 0.00529	 Recall: 0.01247	NDCG: 0.00993
The time for epoch 12 is: train time = 00: 00: 39, test time = 00: 00: 08
Loss = 65.11189, F1-score: 0.007517 	 Precision: 0.00532	 Recall: 0.01278	NDCG: 0.01025
The time for epoch 13 is: train time = 00: 00: 39, test time = 00: 00: 08
Loss = 58.21421, F1-score: 0.007452 	 Precision: 0.00532	 Recall: 0.01246	NDCG: 0.01000
The time for epoch 14 is: train time = 00: 00: 39, test time = 00: 00: 08
Loss = 62.56866, F1-score: 0.009526 	 Precision: 0.00707	 Recall: 0.01461	NDCG: 0.01231
The time for epoch 15 is: train time = 00: 00: 38, test time = 00: 00: 08
Loss = 60.40385, F1-score: 0.015199 	 Precision: 0.01149	 Recall: 0.02243	NDCG: 0.01891
The time for epoch 16 is: train time = 00: 00: 39, test time = 00: 00: 08
Loss = 59.36838, F1-score: 0.019576 	 Precision: 0.01458	 Recall: 0.02979	NDCG: 0.02506
The time for epoch 17 is: train time = 00: 00: 39, test time = 00: 00: 08
Loss = 63.03338, F1-score: 0.021062 	 Precision: 0.01558	 Recall: 0.03250	NDCG: 0.02703
The time for epoch 18 is: train time = 00: 00: 38, test time = 00: 00: 08
Loss = 60.59958, F1-score: 0.021848 	 Precision: 0.01615	 Recall: 0.03377	NDCG: 0.02827
The time for epoch 19 is: train time = 00: 00: 39, test time = 00: 00: 08
Loss = 65.85645, F1-score: 0.023058 	 Precision: 0.01703	 Recall: 0.03571	NDCG: 0.02954
The time for epoch 20 is: train time = 00: 00: 39, test time = 00: 00: 08
Loss = 63.42805, F1-score: 0.023806 	 Precision: 0.01759	 Recall: 0.03682	NDCG: 0.03072
The time for epoch 21 is: train time = 00: 00: 38, test time = 00: 00: 08
Loss = 62.01994, F1-score: 0.025128 	 Precision: 0.01852	 Recall: 0.03908	NDCG: 0.03219
The time for epoch 22 is: train time = 00: 00: 39, test time = 00: 00: 08
Loss = 61.51094, F1-score: 0.026721 	 Precision: 0.01971	 Recall: 0.04146	NDCG: 0.03419
The time for epoch 23 is: train time = 00: 00: 39, test time = 00: 00: 08
Loss = 65.15231, F1-score: 0.027668 	 Precision: 0.02041	 Recall: 0.04293	NDCG: 0.03563
The time for epoch 24 is: train time = 00: 00: 39, test time = 00: 00: 08
Loss = 63.27058, F1-score: 0.029146 	 Precision: 0.02143	 Recall: 0.04554	NDCG: 0.03762
The time for epoch 25 is: train time = 00: 00: 39, test time = 00: 00: 08
Loss = 66.28452, F1-score: 0.029645 	 Precision: 0.02176	 Recall: 0.04650	NDCG: 0.03832
The time for epoch 26 is: train time = 00: 00: 39, test time = 00: 00: 08
Loss = 62.51499, F1-score: 0.030818 	 Precision: 0.02258	 Recall: 0.04852	NDCG: 0.03982
The time for epoch 27 is: train time = 00: 00: 38, test time = 00: 00: 08
Loss = 64.09756, F1-score: 0.032123 	 Precision: 0.02346	 Recall: 0.05091	NDCG: 0.04158
The time for epoch 28 is: train time = 00: 00: 39, test time = 00: 00: 08
Loss = 64.90369, F1-score: 0.032635 	 Precision: 0.02380	 Recall: 0.05191	NDCG: 0.04243
The time for epoch 29 is: train time = 00: 00: 39, test time = 00: 00: 08
Loss = 64.26521, F1-score: 0.033266 	 Precision: 0.02424	 Recall: 0.05298	NDCG: 0.04320
The time for epoch 30 is: train time = 00: 00: 39, test time = 00: 00: 08
Loss = 63.25837, F1-score: 0.034390 	 Precision: 0.02504	 Recall: 0.05490	NDCG: 0.04479
The time for epoch 31 is: train time = 00: 00: 38, test time = 00: 00: 08
Loss = 65.42590, F1-score: 0.034846 	 Precision: 0.02538	 Recall: 0.05558	NDCG: 0.04529
The time for epoch 32 is: train time = 00: 00: 39, test time = 00: 00: 08
Loss = 64.77412, F1-score: 0.035318 	 Precision: 0.02567	 Recall: 0.05657	NDCG: 0.04587
The time for epoch 33 is: train time = 00: 00: 39, test time = 00: 00: 08
Loss = 66.69679, F1-score: 0.035786 	 Precision: 0.02597	 Recall: 0.05751	NDCG: 0.04709
The time for epoch 34 is: train time = 00: 00: 40, test time = 00: 00: 08
Loss = 65.78511, F1-score: 0.036554 	 Precision: 0.02657	 Recall: 0.05855	NDCG: 0.04781
The time for epoch 35 is: train time = 00: 00: 39, test time = 00: 00: 08
Loss = 64.81197, F1-score: 0.037181 	 Precision: 0.02702	 Recall: 0.05961	NDCG: 0.04905
The time for epoch 36 is: train time = 00: 00: 40, test time = 00: 00: 08
Loss = 66.31656, F1-score: 0.037424 	 Precision: 0.02718	 Recall: 0.06007	NDCG: 0.04914
The time for epoch 37 is: train time = 00: 00: 39, test time = 00: 00: 08
Loss = 64.90607, F1-score: 0.037961 	 Precision: 0.02756	 Recall: 0.06099	NDCG: 0.05006
The time for epoch 38 is: train time = 00: 00: 39, test time = 00: 00: 08
Loss = 65.25175, F1-score: 0.038304 	 Precision: 0.02780	 Recall: 0.06155	NDCG: 0.05052
The time for epoch 39 is: train time = 00: 00: 40, test time = 00: 00: 09
Loss = 65.12381, F1-score: 0.038752 	 Precision: 0.02811	 Recall: 0.06234	NDCG: 0.05091
The time for epoch 40 is: train time = 00: 00: 38, test time = 00: 00: 08
Loss = 64.90504, F1-score: 0.038576 	 Precision: 0.02797	 Recall: 0.06212	NDCG: 0.05101
The time for epoch 41 is: train time = 00: 00: 39, test time = 00: 00: 08
Loss = 63.89869, F1-score: 0.039091 	 Precision: 0.02835	 Recall: 0.06295	NDCG: 0.05177
The time for epoch 42 is: train time = 00: 00: 39, test time = 00: 00: 08
Loss = 67.27161, F1-score: 0.039577 	 Precision: 0.02873	 Recall: 0.06359	NDCG: 0.05244
The time for epoch 43 is: train time = 00: 00: 38, test time = 00: 00: 08
Loss = 67.18066, F1-score: 0.040041 	 Precision: 0.02906	 Recall: 0.06435	NDCG: 0.05264
The time for epoch 44 is: train time = 00: 00: 39, test time = 00: 00: 08
Loss = 67.36300, F1-score: 0.040162 	 Precision: 0.02915	 Recall: 0.06453	NDCG: 0.05308
The time for epoch 45 is: train time = 00: 00: 39, test time = 00: 00: 08
Loss = 67.74474, F1-score: 0.040433 	 Precision: 0.02932	 Recall: 0.06512	NDCG: 0.05380
The time for epoch 46 is: train time = 00: 00: 38, test time = 00: 00: 08
Loss = 69.10565, F1-score: 0.040810 	 Precision: 0.02961	 Recall: 0.06565	NDCG: 0.05400
The time for epoch 47 is: train time = 00: 00: 38, test time = 00: 00: 08
Loss = 67.36974, F1-score: 0.041074 	 Precision: 0.02977	 Recall: 0.06622	NDCG: 0.05448
The time for epoch 48 is: train time = 00: 00: 39, test time = 00: 00: 08
Loss = 69.30809, F1-score: 0.041092 	 Precision: 0.02979	 Recall: 0.06619	NDCG: 0.05467
The time for epoch 49 is: train time = 00: 00: 39, test time = 00: 00: 08
Loss = 68.81339, F1-score: 0.041045 	 Precision: 0.02977	 Recall: 0.06608	NDCG: 0.05443
The time for epoch 50 is: train time = 00: 00: 38, test time = 00: 00: 08
Loss = 67.26582, F1-score: 0.041211 	 Precision: 0.02988	 Recall: 0.06639	NDCG: 0.05462
The time for epoch 51 is: train time = 00: 00: 39, test time = 00: 00: 08
Loss = 69.31401, F1-score: 0.041356 	 Precision: 0.03001	 Recall: 0.06651	NDCG: 0.05487
The time for epoch 52 is: train time = 00: 00: 39, test time = 00: 00: 08
Loss = 70.60606, F1-score: 0.041531 	 Precision: 0.03014	 Recall: 0.06678	NDCG: 0.05507
The time for epoch 53 is: train time = 00: 00: 39, test time = 00: 00: 08
Loss = 70.31358, F1-score: 0.041645 	 Precision: 0.03022	 Recall: 0.06697	NDCG: 0.05515
The time for epoch 54 is: train time = 00: 00: 39, test time = 00: 00: 08
Loss = 69.60636, F1-score: 0.041491 	 Precision: 0.03010	 Recall: 0.06675	NDCG: 0.05499
The time for epoch 55 is: train time = 00: 00: 39, test time = 00: 00: 08
Loss = 68.67075, F1-score: 0.041713 	 Precision: 0.03024	 Recall: 0.06720	NDCG: 0.05545
The time for epoch 56 is: train time = 00: 00: 39, test time = 00: 00: 08
Loss = 71.71284, F1-score: 0.041366 	 Precision: 0.02998	 Recall: 0.06671	NDCG: 0.05503
The time for epoch 57 is: train time = 00: 00: 39, test time = 00: 00: 08
Loss = 70.62836, F1-score: 0.041726 	 Precision: 0.03023	 Recall: 0.06732	NDCG: 0.05534
The time for epoch 58 is: train time = 00: 00: 38, test time = 00: 00: 08
Loss = 68.62125, F1-score: 0.041550 	 Precision: 0.03013	 Recall: 0.06691	NDCG: 0.05517
The time for epoch 59 is: train time = 00: 00: 39, test time = 00: 00: 08
Loss = 72.42930, F1-score: 0.041671 	 Precision: 0.03020	 Recall: 0.06720	NDCG: 0.05534
The time for epoch 60 is: train time = 00: 00: 39, test time = 00: 00: 08
Loss = 72.50481, F1-score: 0.041692 	 Precision: 0.03021	 Recall: 0.06726	NDCG: 0.05531
The time for epoch 61 is: train time = 00: 00: 39, test time = 00: 00: 08
Loss = 72.26102, F1-score: 0.041726 	 Precision: 0.03026	 Recall: 0.06718	NDCG: 0.05512
The time for epoch 62 is: train time = 00: 00: 39, test time = 00: 00: 08
Loss = 72.70337, F1-score: 0.041584 	 Precision: 0.03013	 Recall: 0.06707	NDCG: 0.05529
The time for epoch 63 is: train time = 00: 00: 40, test time = 00: 00: 08
Loss = 71.94698, F1-score: 0.041427 	 Precision: 0.03003	 Recall: 0.06677	NDCG: 0.05483
The time for epoch 64 is: train time = 00: 00: 39, test time = 00: 00: 08
Loss = 73.26095, F1-score: 0.041459 	 Precision: 0.03005	 Recall: 0.06682	NDCG: 0.05470
The time for epoch 65 is: train time = 00: 00: 39, test time = 00: 00: 08
Loss = 73.57452, F1-score: 0.041676 	 Precision: 0.03023	 Recall: 0.06707	NDCG: 0.05526
The time for epoch 66 is: train time = 00: 00: 38, test time = 00: 00: 08
Loss = 74.49950, F1-score: 0.041551 	 Precision: 0.03014	 Recall: 0.06688	NDCG: 0.05508
The time for epoch 67 is: train time = 00: 00: 39, test time = 00: 00: 08
Loss = 72.81781, F1-score: 0.041545 	 Precision: 0.03008	 Recall: 0.06711	NDCG: 0.05520
The time for epoch 68 is: train time = 00: 00: 39, test time = 00: 00: 08
Loss = 73.01662, F1-score: 0.041360 	 Precision: 0.02998	 Recall: 0.06665	NDCG: 0.05469
The time for epoch 69 is: train time = 00: 00: 39, test time = 00: 00: 08
Loss = 74.28933, F1-score: 0.041180 	 Precision: 0.02985	 Recall: 0.06639	NDCG: 0.05445
The time for epoch 70 is: train time = 00: 00: 38, test time = 00: 00: 08
Loss = 75.13175, F1-score: 0.041009 	 Precision: 0.02973	 Recall: 0.06610	NDCG: 0.05429
The time for epoch 71 is: train time = 00: 00: 39, test time = 00: 00: 08
Loss = 75.54243, F1-score: 0.041172 	 Precision: 0.02986	 Recall: 0.06628	NDCG: 0.05429
The time for epoch 72 is: train time = 00: 00: 39, test time = 00: 00: 08
Loss = 74.01052, F1-score: 0.041184 	 Precision: 0.02988	 Recall: 0.06625	NDCG: 0.05440
The time for epoch 73 is: train time = 00: 00: 39, test time = 00: 00: 08
Loss = 75.24622, F1-score: 0.041075 	 Precision: 0.02978	 Recall: 0.06616	NDCG: 0.05434
The time for epoch 74 is: train time = 00: 00: 39, test time = 00: 00: 08
Loss = 75.19869, F1-score: 0.040836 	 Precision: 0.02962	 Recall: 0.06571	NDCG: 0.05414
Training end!
Training with gamma:  0.0001  completed


{'0': {'F1': 0.029560316075159954, 'Precision': 0.02143646583301756, 'Recall': 0.04759911388057358, 'NDCG': 0.038118398955166895}, '0.1': {'F1': 0.007316537422961881, 'Precision': 0.005185044840217254, 'Recall': 0.012423751557009347, 'NDCG': 0.009548029756922387}, '0.01': {'F1': 0.0076501710900743515, 'Precision': 0.0054487179487179484, 'Recall': 0.01283653382217384, 'NDCG': 0.01026593199844394}, '0.001': {'F1': 0.007023617025615192, 'Precision': 0.004971895920171783, 'Recall': 0.011958425453975253, 'NDCG': 0.009768365060151345}, '0.0001': {'F1': 0.040835990350743874, 'Precision': 0.029622963243652906, 'Recall': 0.06570816064787062, 'NDCG': 0.054143324673814504}}
