###################### UltraGCN ######################
Loading Configuration...
load path = ./yelp2018_ii_constraint_mat object
load path = ./yelp2018_ii_neighbor_mat object
---------------------
Best lambda
---------------------
Training with lambda:  0
Total training batches = 1209
The time for epoch 0 is: train time = 00: 00: 35, test time = 00: 00: 08
Loss = 121.52029, F1-score: 0.007484 	 Precision: 0.00530	 Recall: 0.01271	NDCG: 0.01028
The time for epoch 1 is: train time = 00: 00: 36, test time = 00: 00: 08
Loss = 111.87823, F1-score: 0.007457 	 Precision: 0.00529	 Recall: 0.01263	NDCG: 0.00997
The time for epoch 2 is: train time = 00: 00: 36, test time = 00: 00: 08
Loss = 99.23685, F1-score: 0.007435 	 Precision: 0.00527	 Recall: 0.01261	NDCG: 0.01001
The time for epoch 3 is: train time = 00: 00: 36, test time = 00: 00: 08
Loss = 88.53343, F1-score: 0.007199 	 Precision: 0.00511	 Recall: 0.01218	NDCG: 0.00993
The time for epoch 4 is: train time = 00: 00: 36, test time = 00: 00: 08
Loss = 84.78801, F1-score: 0.007188 	 Precision: 0.00510	 Recall: 0.01217	NDCG: 0.00979
The time for epoch 5 is: train time = 00: 00: 36, test time = 00: 00: 08
Loss = 79.34945, F1-score: 0.007504 	 Precision: 0.00534	 Recall: 0.01263	NDCG: 0.01002
The time for epoch 6 is: train time = 00: 00: 37, test time = 00: 00: 08
Loss = 71.51041, F1-score: 0.007303 	 Precision: 0.00517	 Recall: 0.01241	NDCG: 0.00999
The time for epoch 7 is: train time = 00: 00: 36, test time = 00: 00: 08
Loss = 70.73606, F1-score: 0.007121 	 Precision: 0.00504	 Recall: 0.01216	NDCG: 0.01003
The time for epoch 8 is: train time = 00: 00: 35, test time = 00: 00: 08
Loss = 66.48698, F1-score: 0.007171 	 Precision: 0.00507	 Recall: 0.01224	NDCG: 0.00983
The time for epoch 9 is: train time = 00: 00: 37, test time = 00: 00: 08
Loss = 62.89455, F1-score: 0.007469 	 Precision: 0.00530	 Recall: 0.01266	NDCG: 0.01019
The time for epoch 10 is: train time = 00: 00: 35, test time = 00: 00: 07
Loss = 65.57513, F1-score: 0.006974 	 Precision: 0.00495	 Recall: 0.01183	NDCG: 0.00968
The time for epoch 11 is: train time = 00: 00: 36, test time = 00: 00: 08
Loss = 66.29622, F1-score: 0.007277 	 Precision: 0.00515	 Recall: 0.01240	NDCG: 0.00999
The time for epoch 12 is: train time = 00: 00: 36, test time = 00: 00: 08
Loss = 59.67336, F1-score: 0.007288 	 Precision: 0.00518	 Recall: 0.01228	NDCG: 0.00997
The time for epoch 13 is: train time = 00: 00: 35, test time = 00: 00: 08
Loss = 65.00304, F1-score: 0.007432 	 Precision: 0.00528	 Recall: 0.01256	NDCG: 0.01023
The time for epoch 14 is: train time = 00: 00: 36, test time = 00: 00: 07
Loss = 62.41336, F1-score: 0.009680 	 Precision: 0.00722	 Recall: 0.01467	NDCG: 0.01215
The time for epoch 15 is: train time = 00: 00: 37, test time = 00: 00: 08
Loss = 60.63511, F1-score: 0.014934 	 Precision: 0.01128	 Recall: 0.02210	NDCG: 0.01919
The time for epoch 16 is: train time = 00: 00: 36, test time = 00: 00: 08
Loss = 62.82541, F1-score: 0.019470 	 Precision: 0.01454	 Recall: 0.02945	NDCG: 0.02512
The time for epoch 17 is: train time = 00: 00: 36, test time = 00: 00: 08
Loss = 62.27392, F1-score: 0.021244 	 Precision: 0.01573	 Recall: 0.03272	NDCG: 0.02690
The time for epoch 18 is: train time = 00: 00: 37, test time = 00: 00: 08
Loss = 61.12401, F1-score: 0.022033 	 Precision: 0.01628	 Recall: 0.03405	NDCG: 0.02836
The time for epoch 19 is: train time = 00: 00: 36, test time = 00: 00: 08
Loss = 62.05889, F1-score: 0.023110 	 Precision: 0.01704	 Recall: 0.03591	NDCG: 0.02957
The time for epoch 20 is: train time = 00: 00: 36, test time = 00: 00: 08
Loss = 67.47296, F1-score: 0.023779 	 Precision: 0.01759	 Recall: 0.03670	NDCG: 0.03080
The time for epoch 21 is: train time = 00: 00: 36, test time = 00: 00: 08
Loss = 63.81122, F1-score: 0.025140 	 Precision: 0.01855	 Recall: 0.03898	NDCG: 0.03251
The time for epoch 22 is: train time = 00: 00: 36, test time = 00: 00: 08
Loss = 62.26485, F1-score: 0.026602 	 Precision: 0.01963	 Recall: 0.04126	NDCG: 0.03425
The time for epoch 23 is: train time = 00: 00: 36, test time = 00: 00: 08
Loss = 66.73560, F1-score: 0.027523 	 Precision: 0.02028	 Recall: 0.04283	NDCG: 0.03535
The time for epoch 24 is: train time = 00: 00: 36, test time = 00: 00: 08
Loss = 66.21281, F1-score: 0.029247 	 Precision: 0.02150	 Recall: 0.04572	NDCG: 0.03774
The time for epoch 25 is: train time = 00: 00: 36, test time = 00: 00: 08
Loss = 61.90858, F1-score: 0.030112 	 Precision: 0.02209	 Recall: 0.04729	NDCG: 0.03865
The time for epoch 26 is: train time = 00: 00: 35, test time = 00: 00: 08
Loss = 65.04183, F1-score: 0.031003 	 Precision: 0.02270	 Recall: 0.04889	NDCG: 0.04013
The time for epoch 27 is: train time = 00: 00: 36, test time = 00: 00: 08
Loss = 64.15540, F1-score: 0.031773 	 Precision: 0.02323	 Recall: 0.05023	NDCG: 0.04138
The time for epoch 28 is: train time = 00: 00: 36, test time = 00: 00: 08
Loss = 64.58114, F1-score: 0.032453 	 Precision: 0.02369	 Recall: 0.05150	NDCG: 0.04219
The time for epoch 29 is: train time = 00: 00: 36, test time = 00: 00: 08
Loss = 66.54588, F1-score: 0.033428 	 Precision: 0.02437	 Recall: 0.05320	NDCG: 0.04347
The time for epoch 30 is: train time = 00: 00: 36, test time = 00: 00: 08
Loss = 64.79495, F1-score: 0.033838 	 Precision: 0.02463	 Recall: 0.05405	NDCG: 0.04426
The time for epoch 31 is: train time = 00: 00: 36, test time = 00: 00: 08
Loss = 65.22338, F1-score: 0.034671 	 Precision: 0.02527	 Recall: 0.05519	NDCG: 0.04509
The time for epoch 32 is: train time = 00: 00: 35, test time = 00: 00: 08
Loss = 64.56995, F1-score: 0.035292 	 Precision: 0.02566	 Recall: 0.05650	NDCG: 0.04630
The time for epoch 33 is: train time = 00: 00: 37, test time = 00: 00: 08
Loss = 65.07939, F1-score: 0.036116 	 Precision: 0.02624	 Recall: 0.05792	NDCG: 0.04750
The time for epoch 34 is: train time = 00: 00: 36, test time = 00: 00: 08
Loss = 65.78888, F1-score: 0.036255 	 Precision: 0.02635	 Recall: 0.05811	NDCG: 0.04777
The time for epoch 35 is: train time = 00: 00: 36, test time = 00: 00: 08
Loss = 65.40404, F1-score: 0.037074 	 Precision: 0.02692	 Recall: 0.05951	NDCG: 0.04851
The time for epoch 36 is: train time = 00: 00: 36, test time = 00: 00: 08
Loss = 65.87847, F1-score: 0.037549 	 Precision: 0.02726	 Recall: 0.06033	NDCG: 0.04960
The time for epoch 37 is: train time = 00: 00: 35, test time = 00: 00: 08
Loss = 64.65103, F1-score: 0.037835 	 Precision: 0.02749	 Recall: 0.06067	NDCG: 0.04970
The time for epoch 38 is: train time = 00: 00: 36, test time = 00: 00: 07
Loss = 65.18693, F1-score: 0.038272 	 Precision: 0.02777	 Recall: 0.06153	NDCG: 0.05063
The time for epoch 39 is: train time = 00: 00: 36, test time = 00: 00: 08
Loss = 65.50076, F1-score: 0.038727 	 Precision: 0.02812	 Recall: 0.06219	NDCG: 0.05103
The time for epoch 40 is: train time = 00: 00: 35, test time = 00: 00: 08
Loss = 66.80016, F1-score: 0.039073 	 Precision: 0.02837	 Recall: 0.06274	NDCG: 0.05150
The time for epoch 41 is: train time = 00: 00: 36, test time = 00: 00: 08
Loss = 67.24908, F1-score: 0.039116 	 Precision: 0.02839	 Recall: 0.06289	NDCG: 0.05148
The time for epoch 42 is: train time = 00: 00: 35, test time = 00: 00: 08
Loss = 67.49258, F1-score: 0.039610 	 Precision: 0.02874	 Recall: 0.06370	NDCG: 0.05208
The time for epoch 43 is: train time = 00: 00: 36, test time = 00: 00: 08
Loss = 66.48864, F1-score: 0.039950 	 Precision: 0.02899	 Recall: 0.06423	NDCG: 0.05282
The time for epoch 44 is: train time = 00: 00: 36, test time = 00: 00: 08
Loss = 66.51333, F1-score: 0.040159 	 Precision: 0.02916	 Recall: 0.06448	NDCG: 0.05311
The time for epoch 45 is: train time = 00: 00: 36, test time = 00: 00: 08
Loss = 66.41812, F1-score: 0.040273 	 Precision: 0.02922	 Recall: 0.06479	NDCG: 0.05304
The time for epoch 46 is: train time = 00: 00: 36, test time = 00: 00: 08
Loss = 67.52684, F1-score: 0.040757 	 Precision: 0.02958	 Recall: 0.06550	NDCG: 0.05392
The time for epoch 47 is: train time = 00: 00: 35, test time = 00: 00: 08
Loss = 67.28098, F1-score: 0.040867 	 Precision: 0.02965	 Recall: 0.06571	NDCG: 0.05366
The time for epoch 48 is: train time = 00: 00: 35, test time = 00: 00: 08
Loss = 68.25941, F1-score: 0.040924 	 Precision: 0.02969	 Recall: 0.06585	NDCG: 0.05438
The time for epoch 49 is: train time = 00: 00: 37, test time = 00: 00: 08
Loss = 69.78909, F1-score: 0.041062 	 Precision: 0.02982	 Recall: 0.06590	NDCG: 0.05444
The time for epoch 50 is: train time = 00: 00: 35, test time = 00: 00: 08
Loss = 70.12954, F1-score: 0.041061 	 Precision: 0.02981	 Recall: 0.06597	NDCG: 0.05454
The time for epoch 51 is: train time = 00: 00: 36, test time = 00: 00: 08
Loss = 68.26439, F1-score: 0.041188 	 Precision: 0.02987	 Recall: 0.06633	NDCG: 0.05462
The time for epoch 52 is: train time = 00: 00: 37, test time = 00: 00: 08
Loss = 69.19803, F1-score: 0.041393 	 Precision: 0.03000	 Recall: 0.06675	NDCG: 0.05488
The time for epoch 53 is: train time = 00: 00: 35, test time = 00: 00: 08
Loss = 68.83466, F1-score: 0.041278 	 Precision: 0.02995	 Recall: 0.06641	NDCG: 0.05504
The time for epoch 54 is: train time = 00: 00: 36, test time = 00: 00: 08
Loss = 70.33140, F1-score: 0.041426 	 Precision: 0.03003	 Recall: 0.06676	NDCG: 0.05479
The time for epoch 55 is: train time = 00: 00: 37, test time = 00: 00: 08
Loss = 68.96805, F1-score: 0.041600 	 Precision: 0.03019	 Recall: 0.06687	NDCG: 0.05495
The time for epoch 56 is: train time = 00: 00: 35, test time = 00: 00: 08
Loss = 69.97681, F1-score: 0.041599 	 Precision: 0.03020	 Recall: 0.06681	NDCG: 0.05490
The time for epoch 57 is: train time = 00: 00: 36, test time = 00: 00: 08
Loss = 70.88533, F1-score: 0.041521 	 Precision: 0.03011	 Recall: 0.06685	NDCG: 0.05517
The time for epoch 58 is: train time = 00: 00: 37, test time = 00: 00: 08
Loss = 70.91439, F1-score: 0.041583 	 Precision: 0.03013	 Recall: 0.06710	NDCG: 0.05529
The time for epoch 59 is: train time = 00: 00: 35, test time = 00: 00: 08
Loss = 72.12036, F1-score: 0.041592 	 Precision: 0.03019	 Recall: 0.06685	NDCG: 0.05506
The time for epoch 60 is: train time = 00: 00: 36, test time = 00: 00: 08
Loss = 71.16118, F1-score: 0.041704 	 Precision: 0.03027	 Recall: 0.06701	NDCG: 0.05524
The time for epoch 61 is: train time = 00: 00: 36, test time = 00: 00: 08
Loss = 71.45990, F1-score: 0.041492 	 Precision: 0.03010	 Recall: 0.06674	NDCG: 0.05484
The time for epoch 62 is: train time = 00: 00: 36, test time = 00: 00: 08
Loss = 73.56232, F1-score: 0.041396 	 Precision: 0.03001	 Recall: 0.06671	NDCG: 0.05500
The time for epoch 63 is: train time = 00: 00: 36, test time = 00: 00: 08
Loss = 73.48802, F1-score: 0.041419 	 Precision: 0.03004	 Recall: 0.06665	NDCG: 0.05510
The time for epoch 64 is: train time = 00: 00: 36, test time = 00: 00: 07
Loss = 73.00556, F1-score: 0.041312 	 Precision: 0.02994	 Recall: 0.06660	NDCG: 0.05482
The time for epoch 65 is: train time = 00: 00: 36, test time = 00: 00: 08
Loss = 72.68664, F1-score: 0.041410 	 Precision: 0.03007	 Recall: 0.06650	NDCG: 0.05493
The time for epoch 66 is: train time = 00: 00: 36, test time = 00: 00: 08
Loss = 73.61241, F1-score: 0.041323 	 Precision: 0.02997	 Recall: 0.06654	NDCG: 0.05465
The time for epoch 67 is: train time = 00: 00: 37, test time = 00: 00: 08
Loss = 72.92496, F1-score: 0.041017 	 Precision: 0.02974	 Recall: 0.06606	NDCG: 0.05455
The time for epoch 68 is: train time = 00: 00: 37, test time = 00: 00: 08
Loss = 73.12547, F1-score: 0.041362 	 Precision: 0.02999	 Recall: 0.06665	NDCG: 0.05485
The time for epoch 69 is: train time = 00: 00: 36, test time = 00: 00: 08
Loss = 73.73453, F1-score: 0.040889 	 Precision: 0.02968	 Recall: 0.06570	NDCG: 0.05460
The time for epoch 70 is: train time = 00: 00: 36, test time = 00: 00: 08
Loss = 74.11679, F1-score: 0.040988 	 Precision: 0.02973	 Recall: 0.06596	NDCG: 0.05448
The time for epoch 71 is: train time = 00: 00: 35, test time = 00: 00: 08
Loss = 74.34058, F1-score: 0.040858 	 Precision: 0.02966	 Recall: 0.06565	NDCG: 0.05416
The time for epoch 72 is: train time = 00: 00: 36, test time = 00: 00: 08
Loss = 73.68859, F1-score: 0.040892 	 Precision: 0.02968	 Recall: 0.06574	NDCG: 0.05437
The time for epoch 73 is: train time = 00: 00: 36, test time = 00: 00: 08
Loss = 74.05927, F1-score: 0.040859 	 Precision: 0.02966	 Recall: 0.06565	NDCG: 0.05431
The time for epoch 74 is: train time = 00: 00: 36, test time = 00: 00: 08
Loss = 75.62461, F1-score: 0.040792 	 Precision: 0.02959	 Recall: 0.06563	NDCG: 0.05405
Training end!
Training with lambda:  0  completed


Training with lambda:  0.1
Total training batches = 1209
The time for epoch 0 is: train time = 00: 00: 35, test time = 00: 00: 08
Loss = 121.09252, F1-score: 0.006773 	 Precision: 0.00478	 Recall: 0.01159	NDCG: 0.00907
The time for epoch 1 is: train time = 00: 00: 35, test time = 00: 00: 08
Loss = 110.79398, F1-score: 0.006931 	 Precision: 0.00490	 Recall: 0.01183	NDCG: 0.00935
The time for epoch 2 is: train time = 00: 00: 36, test time = 00: 00: 08
Loss = 106.38978, F1-score: 0.006948 	 Precision: 0.00491	 Recall: 0.01186	NDCG: 0.00928
The time for epoch 3 is: train time = 00: 00: 37, test time = 00: 00: 08
Loss = 94.90717, F1-score: 0.006917 	 Precision: 0.00489	 Recall: 0.01182	NDCG: 0.00931
The time for epoch 4 is: train time = 00: 00: 36, test time = 00: 00: 08
Loss = 86.54425, F1-score: 0.006784 	 Precision: 0.00480	 Recall: 0.01154	NDCG: 0.00919
The time for epoch 5 is: train time = 00: 00: 36, test time = 00: 00: 07
Loss = 81.15910, F1-score: 0.007048 	 Precision: 0.00498	 Recall: 0.01203	NDCG: 0.00951
The time for epoch 6 is: train time = 00: 00: 36, test time = 00: 00: 08
Loss = 77.06036, F1-score: 0.007046 	 Precision: 0.00498	 Recall: 0.01206	NDCG: 0.00933
The time for epoch 7 is: train time = 00: 00: 36, test time = 00: 00: 08
Loss = 75.05692, F1-score: 0.007014 	 Precision: 0.00497	 Recall: 0.01191	NDCG: 0.00937
The time for epoch 8 is: train time = 00: 00: 36, test time = 00: 00: 08
Loss = 71.83440, F1-score: 0.006927 	 Precision: 0.00490	 Recall: 0.01181	NDCG: 0.00923
The time for epoch 9 is: train time = 00: 00: 38, test time = 00: 00: 08
Loss = 72.00634, F1-score: 0.007031 	 Precision: 0.00496	 Recall: 0.01205	NDCG: 0.00940
The time for epoch 10 is: train time = 00: 00: 36, test time = 00: 00: 07
Loss = 67.16395, F1-score: 0.007066 	 Precision: 0.00500	 Recall: 0.01204	NDCG: 0.00934
The time for epoch 11 is: train time = 00: 00: 36, test time = 00: 00: 08
Loss = 67.92283, F1-score: 0.007984 	 Precision: 0.00573	 Recall: 0.01314	NDCG: 0.01049
The time for epoch 12 is: train time = 00: 00: 37, test time = 00: 00: 08
Loss = 64.15888, F1-score: 0.010247 	 Precision: 0.00766	 Recall: 0.01548	NDCG: 0.01308
The time for epoch 13 is: train time = 00: 00: 36, test time = 00: 00: 08
Loss = 65.30225, F1-score: 0.017095 	 Precision: 0.01285	 Recall: 0.02554	NDCG: 0.02198
The time for epoch 14 is: train time = 00: 00: 36, test time = 00: 00: 08
Loss = 66.19753, F1-score: 0.020183 	 Precision: 0.01493	 Recall: 0.03112	NDCG: 0.02601
The time for epoch 15 is: train time = 00: 00: 36, test time = 00: 00: 08
Loss = 67.31356, F1-score: 0.021312 	 Precision: 0.01573	 Recall: 0.03305	NDCG: 0.02742
The time for epoch 16 is: train time = 00: 00: 36, test time = 00: 00: 08
Loss = 64.48743, F1-score: 0.022428 	 Precision: 0.01657	 Recall: 0.03471	NDCG: 0.02887
The time for epoch 17 is: train time = 00: 00: 36, test time = 00: 00: 08
Loss = 67.91041, F1-score: 0.023294 	 Precision: 0.01727	 Recall: 0.03579	NDCG: 0.03031
The time for epoch 18 is: train time = 00: 00: 35, test time = 00: 00: 07
Loss = 67.30679, F1-score: 0.025209 	 Precision: 0.01866	 Recall: 0.03884	NDCG: 0.03224
The time for epoch 19 is: train time = 00: 00: 36, test time = 00: 00: 08
Loss = 65.20361, F1-score: 0.026494 	 Precision: 0.01958	 Recall: 0.04097	NDCG: 0.03402
The time for epoch 20 is: train time = 00: 00: 36, test time = 00: 00: 08
Loss = 65.97015, F1-score: 0.027226 	 Precision: 0.02011	 Recall: 0.04214	NDCG: 0.03536
The time for epoch 21 is: train time = 00: 00: 36, test time = 00: 00: 08
Loss = 65.89490, F1-score: 0.028870 	 Precision: 0.02129	 Recall: 0.04481	NDCG: 0.03738
The time for epoch 22 is: train time = 00: 00: 37, test time = 00: 00: 08
Loss = 69.08713, F1-score: 0.030058 	 Precision: 0.02211	 Recall: 0.04693	NDCG: 0.03881
The time for epoch 23 is: train time = 00: 00: 38, test time = 00: 00: 08
Loss = 66.92446, F1-score: 0.030981 	 Precision: 0.02274	 Recall: 0.04861	NDCG: 0.04024
The time for epoch 24 is: train time = 00: 00: 36, test time = 00: 00: 08
Loss = 68.13089, F1-score: 0.031985 	 Precision: 0.02343	 Recall: 0.05037	NDCG: 0.04161
The time for epoch 25 is: train time = 00: 00: 36, test time = 00: 00: 08
Loss = 66.17324, F1-score: 0.032699 	 Precision: 0.02396	 Recall: 0.05148	NDCG: 0.04250
The time for epoch 26 is: train time = 00: 00: 36, test time = 00: 00: 08
Loss = 68.38306, F1-score: 0.033778 	 Precision: 0.02469	 Recall: 0.05346	NDCG: 0.04392
The time for epoch 27 is: train time = 00: 00: 37, test time = 00: 00: 08
Loss = 65.29366, F1-score: 0.034446 	 Precision: 0.02515	 Recall: 0.05464	NDCG: 0.04507
The time for epoch 28 is: train time = 00: 00: 36, test time = 00: 00: 08
Loss = 67.26878, F1-score: 0.034969 	 Precision: 0.02555	 Recall: 0.05537	NDCG: 0.04574
The time for epoch 29 is: train time = 00: 00: 36, test time = 00: 00: 08
Loss = 68.09773, F1-score: 0.035926 	 Precision: 0.02621	 Recall: 0.05708	NDCG: 0.04684
The time for epoch 30 is: train time = 00: 00: 36, test time = 00: 00: 08
Loss = 66.94384, F1-score: 0.036467 	 Precision: 0.02656	 Recall: 0.05814	NDCG: 0.04778
The time for epoch 31 is: train time = 00: 00: 37, test time = 00: 00: 08
Loss = 68.59928, F1-score: 0.036946 	 Precision: 0.02691	 Recall: 0.05891	NDCG: 0.04847
The time for epoch 32 is: train time = 00: 00: 37, test time = 00: 00: 08
Loss = 69.05702, F1-score: 0.037394 	 Precision: 0.02725	 Recall: 0.05956	NDCG: 0.04917
The time for epoch 33 is: train time = 00: 00: 37, test time = 00: 00: 08
Loss = 67.53791, F1-score: 0.037862 	 Precision: 0.02756	 Recall: 0.06046	NDCG: 0.04966
The time for epoch 34 is: train time = 00: 00: 36, test time = 00: 00: 08
Loss = 67.99147, F1-score: 0.038360 	 Precision: 0.02795	 Recall: 0.06112	NDCG: 0.05061
The time for epoch 35 is: train time = 00: 00: 37, test time = 00: 00: 08
Loss = 68.91232, F1-score: 0.038997 	 Precision: 0.02839	 Recall: 0.06225	NDCG: 0.05133
The time for epoch 36 is: train time = 00: 00: 36, test time = 00: 00: 08
Loss = 67.85654, F1-score: 0.039177 	 Precision: 0.02851	 Recall: 0.06261	NDCG: 0.05169
The time for epoch 37 is: train time = 00: 00: 36, test time = 00: 00: 08
Loss = 69.57413, F1-score: 0.039662 	 Precision: 0.02886	 Recall: 0.06340	NDCG: 0.05199
The time for epoch 38 is: train time = 00: 00: 37, test time = 00: 00: 08
Loss = 72.13203, F1-score: 0.040056 	 Precision: 0.02917	 Recall: 0.06388	NDCG: 0.05274
The time for epoch 39 is: train time = 00: 00: 36, test time = 00: 00: 08
Loss = 70.10129, F1-score: 0.040223 	 Precision: 0.02927	 Recall: 0.06428	NDCG: 0.05285
The time for epoch 40 is: train time = 00: 00: 36, test time = 00: 00: 08
Loss = 71.57401, F1-score: 0.040800 	 Precision: 0.02968	 Recall: 0.06527	NDCG: 0.05350
The time for epoch 41 is: train time = 00: 00: 36, test time = 00: 00: 08
Loss = 70.50264, F1-score: 0.041019 	 Precision: 0.02984	 Recall: 0.06560	NDCG: 0.05408
The time for epoch 42 is: train time = 00: 00: 36, test time = 00: 00: 08
Loss = 68.76023, F1-score: 0.041118 	 Precision: 0.02992	 Recall: 0.06573	NDCG: 0.05417
The time for epoch 43 is: train time = 00: 00: 37, test time = 00: 00: 08
Loss = 70.04250, F1-score: 0.041427 	 Precision: 0.03010	 Recall: 0.06640	NDCG: 0.05471
The time for epoch 44 is: train time = 00: 00: 36, test time = 00: 00: 08
Loss = 70.56973, F1-score: 0.041582 	 Precision: 0.03027	 Recall: 0.06640	NDCG: 0.05465
The time for epoch 45 is: train time = 00: 00: 36, test time = 00: 00: 08
Loss = 71.86240, F1-score: 0.041675 	 Precision: 0.03031	 Recall: 0.06669	NDCG: 0.05491
The time for epoch 46 is: train time = 00: 00: 36, test time = 00: 00: 08
Loss = 72.75034, F1-score: 0.042301 	 Precision: 0.03077	 Recall: 0.06766	NDCG: 0.05560
The time for epoch 47 is: train time = 00: 00: 37, test time = 00: 00: 08
Loss = 71.87274, F1-score: 0.042025 	 Precision: 0.03053	 Recall: 0.06741	NDCG: 0.05579
The time for epoch 48 is: train time = 00: 00: 37, test time = 00: 00: 08
Loss = 70.16733, F1-score: 0.042098 	 Precision: 0.03059	 Recall: 0.06748	NDCG: 0.05552
The time for epoch 49 is: train time = 00: 00: 37, test time = 00: 00: 08
Loss = 71.44629, F1-score: 0.042136 	 Precision: 0.03061	 Recall: 0.06759	NDCG: 0.05569
The time for epoch 50 is: train time = 00: 00: 37, test time = 00: 00: 08
Loss = 74.16961, F1-score: 0.042416 	 Precision: 0.03084	 Recall: 0.06791	NDCG: 0.05634
The time for epoch 51 is: train time = 00: 00: 36, test time = 00: 00: 08
Loss = 73.24786, F1-score: 0.042421 	 Precision: 0.03082	 Recall: 0.06800	NDCG: 0.05590
The time for epoch 52 is: train time = 00: 00: 37, test time = 00: 00: 08
Loss = 74.55511, F1-score: 0.042554 	 Precision: 0.03091	 Recall: 0.06826	NDCG: 0.05629
The time for epoch 53 is: train time = 00: 00: 36, test time = 00: 00: 08
Loss = 72.95770, F1-score: 0.042683 	 Precision: 0.03102	 Recall: 0.06842	NDCG: 0.05654
The time for epoch 54 is: train time = 00: 00: 37, test time = 00: 00: 08
Loss = 73.73270, F1-score: 0.042580 	 Precision: 0.03092	 Recall: 0.06837	NDCG: 0.05651
The time for epoch 55 is: train time = 00: 00: 36, test time = 00: 00: 08
Loss = 72.92347, F1-score: 0.042457 	 Precision: 0.03087	 Recall: 0.06798	NDCG: 0.05627
The time for epoch 56 is: train time = 00: 00: 37, test time = 00: 00: 08
Loss = 75.17751, F1-score: 0.042690 	 Precision: 0.03100	 Recall: 0.06851	NDCG: 0.05649
The time for epoch 57 is: train time = 00: 00: 36, test time = 00: 00: 08
Loss = 73.67570, F1-score: 0.042602 	 Precision: 0.03096	 Recall: 0.06828	NDCG: 0.05655
The time for epoch 58 is: train time = 00: 00: 36, test time = 00: 00: 08
Loss = 74.54006, F1-score: 0.042641 	 Precision: 0.03097	 Recall: 0.06843	NDCG: 0.05658
The time for epoch 59 is: train time = 00: 00: 36, test time = 00: 00: 08
Loss = 75.16263, F1-score: 0.042404 	 Precision: 0.03079	 Recall: 0.06808	NDCG: 0.05642
The time for epoch 60 is: train time = 00: 00: 37, test time = 00: 00: 08
Loss = 75.39364, F1-score: 0.042511 	 Precision: 0.03086	 Recall: 0.06827	NDCG: 0.05643
The time for epoch 61 is: train time = 00: 00: 36, test time = 00: 00: 08
Loss = 75.22261, F1-score: 0.042440 	 Precision: 0.03083	 Recall: 0.06809	NDCG: 0.05628
The time for epoch 62 is: train time = 00: 00: 36, test time = 00: 00: 08
Loss = 76.57228, F1-score: 0.042429 	 Precision: 0.03086	 Recall: 0.06789	NDCG: 0.05624
The time for epoch 63 is: train time = 00: 00: 36, test time = 00: 00: 08
Loss = 77.56770, F1-score: 0.042342 	 Precision: 0.03073	 Recall: 0.06809	NDCG: 0.05631
The time for epoch 64 is: train time = 00: 00: 37, test time = 00: 00: 08
Loss = 76.73814, F1-score: 0.042324 	 Precision: 0.03075	 Recall: 0.06788	NDCG: 0.05631
The time for epoch 65 is: train time = 00: 00: 37, test time = 00: 00: 08
Loss = 76.91582, F1-score: 0.042402 	 Precision: 0.03079	 Recall: 0.06805	NDCG: 0.05623
The time for epoch 66 is: train time = 00: 00: 37, test time = 00: 00: 08
Loss = 75.49178, F1-score: 0.042159 	 Precision: 0.03065	 Recall: 0.06752	NDCG: 0.05594
The time for epoch 67 is: train time = 00: 00: 38, test time = 00: 00: 08
Loss = 77.09993, F1-score: 0.041996 	 Precision: 0.03050	 Recall: 0.06741	NDCG: 0.05580
The time for epoch 68 is: train time = 00: 00: 36, test time = 00: 00: 08
Loss = 75.87585, F1-score: 0.041662 	 Precision: 0.03026	 Recall: 0.06683	NDCG: 0.05558
The time for epoch 69 is: train time = 00: 00: 36, test time = 00: 00: 08
Loss = 77.73374, F1-score: 0.042159 	 Precision: 0.03063	 Recall: 0.06761	NDCG: 0.05599
The time for epoch 70 is: train time = 00: 00: 36, test time = 00: 00: 08
Loss = 76.99570, F1-score: 0.042237 	 Precision: 0.03067	 Recall: 0.06780	NDCG: 0.05612
The time for epoch 71 is: train time = 00: 00: 36, test time = 00: 00: 08
Loss = 77.54463, F1-score: 0.042145 	 Precision: 0.03061	 Recall: 0.06761	NDCG: 0.05599
The time for epoch 72 is: train time = 00: 00: 38, test time = 00: 00: 08
Loss = 75.83028, F1-score: 0.041757 	 Precision: 0.03035	 Recall: 0.06690	NDCG: 0.05546
The time for epoch 73 is: train time = 00: 00: 37, test time = 00: 00: 08
Loss = 77.46258, F1-score: 0.041798 	 Precision: 0.03037	 Recall: 0.06699	NDCG: 0.05523
The time for epoch 74 is: train time = 00: 00: 36, test time = 00: 00: 08
Loss = 77.61646, F1-score: 0.041966 	 Precision: 0.03051	 Recall: 0.06719	NDCG: 0.05566
Training end!
Training with lambda:  0.1  completed


Training with lambda:  0.01
Total training batches = 1209
The time for epoch 0 is: train time = 00: 00: 36, test time = 00: 00: 08
Loss = 114.57837, F1-score: 0.007047 	 Precision: 0.00499	 Recall: 0.01198	NDCG: 0.00982
The time for epoch 1 is: train time = 00: 00: 37, test time = 00: 00: 08
Loss = 106.34904, F1-score: 0.007473 	 Precision: 0.00529	 Recall: 0.01270	NDCG: 0.00969
The time for epoch 2 is: train time = 00: 00: 37, test time = 00: 00: 08
Loss = 98.80367, F1-score: 0.007189 	 Precision: 0.00508	 Recall: 0.01228	NDCG: 0.00994
The time for epoch 3 is: train time = 00: 00: 36, test time = 00: 00: 08
Loss = 89.26633, F1-score: 0.007378 	 Precision: 0.00523	 Recall: 0.01253	NDCG: 0.00962
The time for epoch 4 is: train time = 00: 00: 36, test time = 00: 00: 08
Loss = 85.24419, F1-score: 0.007275 	 Precision: 0.00516	 Recall: 0.01236	NDCG: 0.00978
The time for epoch 5 is: train time = 00: 00: 38, test time = 00: 00: 08
Loss = 78.74199, F1-score: 0.007232 	 Precision: 0.00511	 Recall: 0.01237	NDCG: 0.00991
The time for epoch 6 is: train time = 00: 00: 37, test time = 00: 00: 08
Loss = 72.60033, F1-score: 0.007453 	 Precision: 0.00527	 Recall: 0.01274	NDCG: 0.01006
The time for epoch 7 is: train time = 00: 00: 37, test time = 00: 00: 08
Loss = 67.74947, F1-score: 0.007194 	 Precision: 0.00509	 Recall: 0.01226	NDCG: 0.00985
The time for epoch 8 is: train time = 00: 00: 38, test time = 00: 00: 08
Loss = 68.41578, F1-score: 0.007398 	 Precision: 0.00524	 Recall: 0.01257	NDCG: 0.00968
The time for epoch 9 is: train time = 00: 00: 36, test time = 00: 00: 08
Loss = 65.91824, F1-score: 0.007271 	 Precision: 0.00515	 Recall: 0.01236	NDCG: 0.00994
The time for epoch 10 is: train time = 00: 00: 37, test time = 00: 00: 08
Loss = 65.39350, F1-score: 0.007460 	 Precision: 0.00528	 Recall: 0.01270	NDCG: 0.01004
The time for epoch 11 is: train time = 00: 00: 36, test time = 00: 00: 08
Loss = 62.36664, F1-score: 0.006864 	 Precision: 0.00485	 Recall: 0.01176	NDCG: 0.00955
The time for epoch 12 is: train time = 00: 00: 36, test time = 00: 00: 08
Loss = 61.79389, F1-score: 0.007279 	 Precision: 0.00515	 Recall: 0.01240	NDCG: 0.01008
The time for epoch 13 is: train time = 00: 00: 36, test time = 00: 00: 08
Loss = 65.32491, F1-score: 0.008052 	 Precision: 0.00578	 Recall: 0.01326	NDCG: 0.01049
The time for epoch 14 is: train time = 00: 00: 37, test time = 00: 00: 08
Loss = 64.10098, F1-score: 0.010716 	 Precision: 0.00806	 Recall: 0.01597	NDCG: 0.01406
The time for epoch 15 is: train time = 00: 00: 37, test time = 00: 00: 08
Loss = 60.47963, F1-score: 0.017393 	 Precision: 0.01311	 Recall: 0.02584	NDCG: 0.02192
The time for epoch 16 is: train time = 00: 00: 37, test time = 00: 00: 08
Loss = 62.07161, F1-score: 0.020561 	 Precision: 0.01524	 Recall: 0.03160	NDCG: 0.02643
The time for epoch 17 is: train time = 00: 00: 37, test time = 00: 00: 08
Loss = 59.98957, F1-score: 0.021702 	 Precision: 0.01599	 Recall: 0.03378	NDCG: 0.02795
The time for epoch 18 is: train time = 00: 00: 37, test time = 00: 00: 08
Loss = 63.10612, F1-score: 0.022359 	 Precision: 0.01650	 Recall: 0.03466	NDCG: 0.02894
The time for epoch 19 is: train time = 00: 00: 37, test time = 00: 00: 08
Loss = 62.56564, F1-score: 0.023330 	 Precision: 0.01729	 Recall: 0.03586	NDCG: 0.02983
The time for epoch 20 is: train time = 00: 00: 37, test time = 00: 00: 08
Loss = 62.78235, F1-score: 0.024756 	 Precision: 0.01827	 Recall: 0.03838	NDCG: 0.03175
The time for epoch 21 is: train time = 00: 00: 37, test time = 00: 00: 08
Loss = 62.49452, F1-score: 0.026155 	 Precision: 0.01931	 Recall: 0.04050	NDCG: 0.03344
The time for epoch 22 is: train time = 00: 00: 36, test time = 00: 00: 08
Loss = 64.60722, F1-score: 0.026990 	 Precision: 0.01991	 Recall: 0.04189	NDCG: 0.03472
The time for epoch 23 is: train time = 00: 00: 37, test time = 00: 00: 08
Loss = 65.95244, F1-score: 0.028390 	 Precision: 0.02091	 Recall: 0.04420	NDCG: 0.03651
The time for epoch 24 is: train time = 00: 00: 37, test time = 00: 00: 08
Loss = 62.08942, F1-score: 0.029355 	 Precision: 0.02159	 Recall: 0.04584	NDCG: 0.03800
The time for epoch 25 is: train time = 00: 00: 37, test time = 00: 00: 08
Loss = 65.04011, F1-score: 0.030052 	 Precision: 0.02205	 Recall: 0.04715	NDCG: 0.03939
The time for epoch 26 is: train time = 00: 00: 37, test time = 00: 00: 08
Loss = 62.43721, F1-score: 0.031251 	 Precision: 0.02291	 Recall: 0.04916	NDCG: 0.04063
The time for epoch 27 is: train time = 00: 00: 37, test time = 00: 00: 08
Loss = 65.09152, F1-score: 0.032226 	 Precision: 0.02356	 Recall: 0.05096	NDCG: 0.04182
The time for epoch 28 is: train time = 00: 00: 37, test time = 00: 00: 08
Loss = 65.97883, F1-score: 0.032731 	 Precision: 0.02391	 Recall: 0.05185	NDCG: 0.04290
The time for epoch 29 is: train time = 00: 00: 36, test time = 00: 00: 08
Loss = 65.64210, F1-score: 0.033839 	 Precision: 0.02469	 Recall: 0.05378	NDCG: 0.04431
The time for epoch 30 is: train time = 00: 00: 37, test time = 00: 00: 08
Loss = 65.43456, F1-score: 0.034357 	 Precision: 0.02506	 Recall: 0.05464	NDCG: 0.04507
The time for epoch 31 is: train time = 00: 00: 37, test time = 00: 00: 08
Loss = 64.74581, F1-score: 0.034996 	 Precision: 0.02548	 Recall: 0.05587	NDCG: 0.04581
The time for epoch 32 is: train time = 00: 00: 36, test time = 00: 00: 08
Loss = 62.28404, F1-score: 0.035690 	 Precision: 0.02596	 Recall: 0.05708	NDCG: 0.04679
The time for epoch 33 is: train time = 00: 00: 36, test time = 00: 00: 08
Loss = 65.82030, F1-score: 0.036502 	 Precision: 0.02653	 Recall: 0.05849	NDCG: 0.04793
The time for epoch 34 is: train time = 00: 00: 37, test time = 00: 00: 08
Loss = 64.81577, F1-score: 0.036647 	 Precision: 0.02665	 Recall: 0.05863	NDCG: 0.04850
The time for epoch 35 is: train time = 00: 00: 37, test time = 00: 00: 22
Loss = 67.34900, F1-score: 0.037463 	 Precision: 0.02722	 Recall: 0.06007	NDCG: 0.04943
The time for epoch 36 is: train time = 00: 00: 37, test time = 00: 00: 08
Loss = 66.71341, F1-score: 0.038100 	 Precision: 0.02768	 Recall: 0.06111	NDCG: 0.05009
The time for epoch 37 is: train time = 00: 00: 37, test time = 00: 00: 08
Loss = 64.27846, F1-score: 0.038292 	 Precision: 0.02781	 Recall: 0.06145	NDCG: 0.05058
The time for epoch 38 is: train time = 00: 00: 37, test time = 00: 00: 08
Loss = 66.75690, F1-score: 0.038511 	 Precision: 0.02798	 Recall: 0.06177	NDCG: 0.05082
The time for epoch 39 is: train time = 00: 00: 37, test time = 00: 00: 08
Loss = 67.31053, F1-score: 0.039330 	 Precision: 0.02857	 Recall: 0.06309	NDCG: 0.05158
The time for epoch 40 is: train time = 00: 00: 37, test time = 00: 00: 08
Loss = 67.49777, F1-score: 0.039203 	 Precision: 0.02846	 Recall: 0.06296	NDCG: 0.05174
The time for epoch 41 is: train time = 00: 00: 38, test time = 00: 00: 08
Loss = 68.24189, F1-score: 0.039930 	 Precision: 0.02898	 Recall: 0.06419	NDCG: 0.05267
The time for epoch 42 is: train time = 00: 00: 37, test time = 00: 00: 08
Loss = 69.31952, F1-score: 0.039919 	 Precision: 0.02899	 Recall: 0.06407	NDCG: 0.05282
The time for epoch 43 is: train time = 00: 00: 38, test time = 00: 00: 08
Loss = 69.79620, F1-score: 0.040546 	 Precision: 0.02946	 Recall: 0.06499	NDCG: 0.05315
The time for epoch 44 is: train time = 00: 00: 38, test time = 00: 00: 08
Loss = 67.30896, F1-score: 0.040721 	 Precision: 0.02952	 Recall: 0.06561	NDCG: 0.05375
The time for epoch 45 is: train time = 00: 00: 37, test time = 00: 00: 08
Loss = 67.75755, F1-score: 0.040942 	 Precision: 0.02970	 Recall: 0.06586	NDCG: 0.05396
The time for epoch 46 is: train time = 00: 00: 37, test time = 00: 00: 08
Loss = 66.36591, F1-score: 0.040909 	 Precision: 0.02968	 Recall: 0.06582	NDCG: 0.05388
The time for epoch 47 is: train time = 00: 00: 37, test time = 00: 00: 08
Loss = 67.91154, F1-score: 0.041335 	 Precision: 0.02999	 Recall: 0.06647	NDCG: 0.05497
The time for epoch 48 is: train time = 00: 00: 38, test time = 00: 00: 08
Loss = 70.20757, F1-score: 0.041335 	 Precision: 0.03001	 Recall: 0.06641	NDCG: 0.05451
The time for epoch 49 is: train time = 00: 00: 36, test time = 00: 00: 08
Loss = 69.26215, F1-score: 0.041336 	 Precision: 0.02999	 Recall: 0.06649	NDCG: 0.05462
The time for epoch 50 is: train time = 00: 00: 37, test time = 00: 00: 08
Loss = 68.68180, F1-score: 0.041402 	 Precision: 0.03009	 Recall: 0.06633	NDCG: 0.05478
The time for epoch 51 is: train time = 00: 00: 37, test time = 00: 00: 08
Loss = 68.57349, F1-score: 0.041549 	 Precision: 0.03015	 Recall: 0.06682	NDCG: 0.05488
The time for epoch 52 is: train time = 00: 00: 36, test time = 00: 00: 09
Loss = 70.32218, F1-score: 0.041636 	 Precision: 0.03019	 Recall: 0.06707	NDCG: 0.05526
The time for epoch 53 is: train time = 00: 00: 37, test time = 00: 00: 08
Loss = 70.21920, F1-score: 0.041572 	 Precision: 0.03016	 Recall: 0.06690	NDCG: 0.05507
The time for epoch 54 is: train time = 00: 00: 37, test time = 00: 00: 08
Loss = 69.97923, F1-score: 0.041779 	 Precision: 0.03033	 Recall: 0.06711	NDCG: 0.05514
The time for epoch 55 is: train time = 00: 00: 36, test time = 00: 00: 08
Loss = 70.44680, F1-score: 0.041798 	 Precision: 0.03033	 Recall: 0.06721	NDCG: 0.05523
The time for epoch 56 is: train time = 00: 00: 37, test time = 00: 00: 08
Loss = 70.37387, F1-score: 0.041707 	 Precision: 0.03028	 Recall: 0.06699	NDCG: 0.05513
The time for epoch 57 is: train time = 00: 00: 36, test time = 00: 00: 08
Loss = 72.18233, F1-score: 0.041958 	 Precision: 0.03045	 Recall: 0.06745	NDCG: 0.05534
The time for epoch 58 is: train time = 00: 00: 37, test time = 00: 00: 08
Loss = 69.97275, F1-score: 0.041729 	 Precision: 0.03029	 Recall: 0.06707	NDCG: 0.05527
The time for epoch 59 is: train time = 00: 00: 37, test time = 00: 00: 08
Loss = 72.19475, F1-score: 0.041889 	 Precision: 0.03038	 Recall: 0.06745	NDCG: 0.05549
The time for epoch 60 is: train time = 00: 00: 36, test time = 00: 00: 08
Loss = 73.85954, F1-score: 0.041584 	 Precision: 0.03019	 Recall: 0.06680	NDCG: 0.05525
The time for epoch 61 is: train time = 00: 00: 36, test time = 00: 00: 08
Loss = 71.31633, F1-score: 0.041700 	 Precision: 0.03026	 Recall: 0.06704	NDCG: 0.05511
The time for epoch 62 is: train time = 00: 00: 37, test time = 00: 00: 08
Loss = 71.99829, F1-score: 0.041815 	 Precision: 0.03035	 Recall: 0.06719	NDCG: 0.05508
The time for epoch 63 is: train time = 00: 00: 36, test time = 00: 00: 08
Loss = 72.25552, F1-score: 0.041792 	 Precision: 0.03032	 Recall: 0.06724	NDCG: 0.05528
The time for epoch 64 is: train time = 00: 00: 37, test time = 00: 00: 08
Loss = 73.06792, F1-score: 0.041565 	 Precision: 0.03019	 Recall: 0.06667	NDCG: 0.05501
The time for epoch 65 is: train time = 00: 00: 37, test time = 00: 00: 08
Loss = 74.36329, F1-score: 0.041509 	 Precision: 0.03012	 Recall: 0.06673	NDCG: 0.05499
The time for epoch 66 is: train time = 00: 00: 37, test time = 00: 00: 08
Loss = 72.48846, F1-score: 0.041529 	 Precision: 0.03015	 Recall: 0.06672	NDCG: 0.05496
The time for epoch 67 is: train time = 00: 00: 37, test time = 00: 00: 08
Loss = 74.45421, F1-score: 0.041344 	 Precision: 0.03000	 Recall: 0.06648	NDCG: 0.05459
The time for epoch 68 is: train time = 00: 00: 37, test time = 00: 00: 08
Loss = 73.55607, F1-score: 0.041259 	 Precision: 0.02996	 Recall: 0.06622	NDCG: 0.05454
The time for epoch 69 is: train time = 00: 00: 36, test time = 00: 00: 08
Loss = 73.16256, F1-score: 0.041239 	 Precision: 0.02994	 Recall: 0.06624	NDCG: 0.05470
The time for epoch 70 is: train time = 00: 00: 37, test time = 00: 00: 08
Loss = 75.64584, F1-score: 0.041155 	 Precision: 0.02988	 Recall: 0.06612	NDCG: 0.05464
The time for epoch 71 is: train time = 00: 00: 37, test time = 00: 00: 08
Loss = 74.41145, F1-score: 0.041106 	 Precision: 0.02984	 Recall: 0.06604	NDCG: 0.05428
The time for epoch 72 is: train time = 00: 00: 37, test time = 00: 00: 08
Loss = 74.35380, F1-score: 0.041201 	 Precision: 0.02990	 Recall: 0.06623	NDCG: 0.05462
The time for epoch 73 is: train time = 00: 00: 36, test time = 00: 00: 08
Loss = 76.27178, F1-score: 0.040934 	 Precision: 0.02972	 Recall: 0.06575	NDCG: 0.05393
The time for epoch 74 is: train time = 00: 00: 37, test time = 00: 00: 08
Loss = 75.71168, F1-score: 0.041041 	 Precision: 0.02980	 Recall: 0.06591	NDCG: 0.05427
Training end!
Training with lambda:  0.01  completed


Training with lambda:  0.001
Total training batches = 1209
The time for epoch 0 is: train time = 00: 00: 37, test time = 00: 00: 08
Loss = 117.07784, F1-score: 0.007538 	 Precision: 0.00534	 Recall: 0.01279	NDCG: 0.01023
The time for epoch 1 is: train time = 00: 00: 36, test time = 00: 00: 08
Loss = 109.93239, F1-score: 0.007289 	 Precision: 0.00515	 Recall: 0.01245	NDCG: 0.01001
The time for epoch 2 is: train time = 00: 00: 37, test time = 00: 00: 08
Loss = 100.89003, F1-score: 0.007360 	 Precision: 0.00521	 Recall: 0.01251	NDCG: 0.01006
The time for epoch 3 is: train time = 00: 00: 36, test time = 00: 00: 08
Loss = 92.11229, F1-score: 0.007512 	 Precision: 0.00532	 Recall: 0.01275	NDCG: 0.01000
The time for epoch 4 is: train time = 00: 00: 37, test time = 00: 00: 08
Loss = 83.24733, F1-score: 0.007404 	 Precision: 0.00525	 Recall: 0.01256	NDCG: 0.00964
The time for epoch 5 is: train time = 00: 00: 37, test time = 00: 00: 08
Loss = 78.52470, F1-score: 0.007178 	 Precision: 0.00510	 Recall: 0.01214	NDCG: 0.00992
The time for epoch 6 is: train time = 00: 00: 36, test time = 00: 00: 08
Loss = 70.72205, F1-score: 0.007320 	 Precision: 0.00518	 Recall: 0.01247	NDCG: 0.01006
The time for epoch 7 is: train time = 00: 00: 37, test time = 00: 00: 08
Loss = 67.97462, F1-score: 0.007530 	 Precision: 0.00534	 Recall: 0.01279	NDCG: 0.01006
The time for epoch 8 is: train time = 00: 00: 37, test time = 00: 00: 08
Loss = 67.73234, F1-score: 0.007356 	 Precision: 0.00521	 Recall: 0.01251	NDCG: 0.01018
The time for epoch 9 is: train time = 00: 00: 36, test time = 00: 00: 08
Loss = 66.88468, F1-score: 0.007206 	 Precision: 0.00509	 Recall: 0.01231	NDCG: 0.00979
The time for epoch 10 is: train time = 00: 00: 37, test time = 00: 00: 08
Loss = 64.47231, F1-score: 0.007600 	 Precision: 0.00540	 Recall: 0.01284	NDCG: 0.01018
The time for epoch 11 is: train time = 00: 00: 37, test time = 00: 00: 08
Loss = 63.25447, F1-score: 0.007216 	 Precision: 0.00510	 Recall: 0.01235	NDCG: 0.00956
The time for epoch 12 is: train time = 00: 00: 36, test time = 00: 00: 08
Loss = 64.15038, F1-score: 0.007433 	 Precision: 0.00525	 Recall: 0.01270	NDCG: 0.01027
The time for epoch 13 is: train time = 00: 00: 37, test time = 00: 00: 08
Loss = 61.09400, F1-score: 0.007691 	 Precision: 0.00548	 Recall: 0.01292	NDCG: 0.01022
The time for epoch 14 is: train time = 00: 00: 36, test time = 00: 00: 08
Loss = 63.41077, F1-score: 0.009671 	 Precision: 0.00719	 Recall: 0.01478	NDCG: 0.01266
The time for epoch 15 is: train time = 00: 00: 36, test time = 00: 00: 08
Loss = 61.68215, F1-score: 0.016765 	 Precision: 0.01269	 Recall: 0.02469	NDCG: 0.02198
The time for epoch 16 is: train time = 00: 00: 36, test time = 00: 00: 08
Loss = 61.00480, F1-score: 0.019917 	 Precision: 0.01483	 Recall: 0.03033	NDCG: 0.02585
The time for epoch 17 is: train time = 00: 00: 37, test time = 00: 00: 08
Loss = 60.91470, F1-score: 0.021217 	 Precision: 0.01566	 Recall: 0.03287	NDCG: 0.02744
The time for epoch 18 is: train time = 00: 00: 37, test time = 00: 00: 08
Loss = 63.34319, F1-score: 0.021987 	 Precision: 0.01626	 Recall: 0.03394	NDCG: 0.02816
The time for epoch 19 is: train time = 00: 00: 36, test time = 00: 00: 08
Loss = 61.48779, F1-score: 0.022797 	 Precision: 0.01682	 Recall: 0.03536	NDCG: 0.02925
The time for epoch 20 is: train time = 00: 00: 37, test time = 00: 00: 08
Loss = 64.98844, F1-score: 0.023745 	 Precision: 0.01754	 Recall: 0.03677	NDCG: 0.03057
The time for epoch 21 is: train time = 00: 00: 37, test time = 00: 00: 08
Loss = 64.06699, F1-score: 0.025321 	 Precision: 0.01873	 Recall: 0.03907	NDCG: 0.03255
The time for epoch 22 is: train time = 00: 00: 36, test time = 00: 00: 08
Loss = 62.79033, F1-score: 0.026830 	 Precision: 0.01979	 Recall: 0.04165	NDCG: 0.03428
The time for epoch 23 is: train time = 00: 00: 36, test time = 00: 00: 08
Loss = 63.24136, F1-score: 0.028270 	 Precision: 0.02081	 Recall: 0.04406	NDCG: 0.03655
The time for epoch 24 is: train time = 00: 00: 36, test time = 00: 00: 08
Loss = 65.37926, F1-score: 0.029044 	 Precision: 0.02138	 Recall: 0.04528	NDCG: 0.03753
The time for epoch 25 is: train time = 00: 00: 36, test time = 00: 00: 08
Loss = 64.87503, F1-score: 0.029953 	 Precision: 0.02197	 Recall: 0.04706	NDCG: 0.03870
The time for epoch 26 is: train time = 00: 00: 36, test time = 00: 00: 07
Loss = 64.26467, F1-score: 0.031321 	 Precision: 0.02291	 Recall: 0.04948	NDCG: 0.04045
The time for epoch 27 is: train time = 00: 00: 35, test time = 00: 00: 08
Loss = 64.01830, F1-score: 0.031391 	 Precision: 0.02296	 Recall: 0.04959	NDCG: 0.04082
The time for epoch 28 is: train time = 00: 00: 36, test time = 00: 00: 08
Loss = 64.47670, F1-score: 0.032608 	 Precision: 0.02377	 Recall: 0.05189	NDCG: 0.04252
The time for epoch 29 is: train time = 00: 00: 37, test time = 00: 00: 08
Loss = 65.65832, F1-score: 0.033277 	 Precision: 0.02428	 Recall: 0.05287	NDCG: 0.04368
The time for epoch 30 is: train time = 00: 00: 37, test time = 00: 00: 08
Loss = 64.83260, F1-score: 0.034179 	 Precision: 0.02488	 Recall: 0.05459	NDCG: 0.04509
The time for epoch 31 is: train time = 00: 00: 36, test time = 00: 00: 08
Loss = 65.48653, F1-score: 0.034613 	 Precision: 0.02518	 Recall: 0.05535	NDCG: 0.04544
The time for epoch 32 is: train time = 00: 00: 35, test time = 00: 00: 08
Loss = 66.47785, F1-score: 0.035303 	 Precision: 0.02568	 Recall: 0.05646	NDCG: 0.04625
The time for epoch 33 is: train time = 00: 00: 36, test time = 00: 00: 07
Loss = 64.74535, F1-score: 0.036175 	 Precision: 0.02631	 Recall: 0.05790	NDCG: 0.04774
The time for epoch 34 is: train time = 00: 00: 37, test time = 00: 00: 08
Loss = 63.94019, F1-score: 0.036713 	 Precision: 0.02668	 Recall: 0.05883	NDCG: 0.04830
The time for epoch 35 is: train time = 00: 00: 35, test time = 00: 00: 08
Loss = 67.15626, F1-score: 0.036976 	 Precision: 0.02688	 Recall: 0.05921	NDCG: 0.04895
The time for epoch 36 is: train time = 00: 00: 36, test time = 00: 00: 08
Loss = 66.47854, F1-score: 0.037486 	 Precision: 0.02722	 Recall: 0.06019	NDCG: 0.04955
The time for epoch 37 is: train time = 00: 00: 36, test time = 00: 00: 08
Loss = 65.95033, F1-score: 0.038058 	 Precision: 0.02764	 Recall: 0.06106	NDCG: 0.04996
The time for epoch 38 is: train time = 00: 00: 36, test time = 00: 00: 08
Loss = 67.05437, F1-score: 0.038355 	 Precision: 0.02786	 Recall: 0.06155	NDCG: 0.05028
The time for epoch 39 is: train time = 00: 00: 36, test time = 00: 00: 08
Loss = 67.51767, F1-score: 0.038996 	 Precision: 0.02829	 Recall: 0.06272	NDCG: 0.05146
The time for epoch 40 is: train time = 00: 00: 36, test time = 00: 00: 08
Loss = 66.09637, F1-score: 0.039300 	 Precision: 0.02852	 Recall: 0.06320	NDCG: 0.05181
The time for epoch 41 is: train time = 00: 00: 37, test time = 00: 00: 08
Loss = 66.21225, F1-score: 0.039477 	 Precision: 0.02866	 Recall: 0.06339	NDCG: 0.05205
The time for epoch 42 is: train time = 00: 00: 36, test time = 00: 00: 08
Loss = 66.71284, F1-score: 0.039629 	 Precision: 0.02880	 Recall: 0.06353	NDCG: 0.05233
The time for epoch 43 is: train time = 00: 00: 36, test time = 00: 00: 08
Loss = 68.65917, F1-score: 0.040141 	 Precision: 0.02913	 Recall: 0.06455	NDCG: 0.05280
The time for epoch 44 is: train time = 00: 00: 36, test time = 00: 00: 08
Loss = 67.30117, F1-score: 0.040455 	 Precision: 0.02936	 Recall: 0.06503	NDCG: 0.05333
The time for epoch 45 is: train time = 00: 00: 36, test time = 00: 00: 08
Loss = 68.02625, F1-score: 0.040644 	 Precision: 0.02949	 Recall: 0.06537	NDCG: 0.05388
The time for epoch 46 is: train time = 00: 00: 36, test time = 00: 00: 08
Loss = 69.18681, F1-score: 0.040737 	 Precision: 0.02959	 Recall: 0.06535	NDCG: 0.05394
The time for epoch 47 is: train time = 00: 00: 36, test time = 00: 00: 08
Loss = 66.97759, F1-score: 0.041057 	 Precision: 0.02977	 Recall: 0.06611	NDCG: 0.05413
The time for epoch 48 is: train time = 00: 00: 35, test time = 00: 00: 08
Loss = 69.26868, F1-score: 0.041278 	 Precision: 0.02993	 Recall: 0.06651	NDCG: 0.05466
The time for epoch 49 is: train time = 00: 00: 36, test time = 00: 00: 08
Loss = 69.90794, F1-score: 0.041319 	 Precision: 0.03000	 Recall: 0.06637	NDCG: 0.05437
The time for epoch 50 is: train time = 00: 00: 36, test time = 00: 00: 08
Loss = 67.65038, F1-score: 0.041269 	 Precision: 0.02993	 Recall: 0.06644	NDCG: 0.05493
The time for epoch 51 is: train time = 00: 00: 35, test time = 00: 00: 08
Loss = 69.90683, F1-score: 0.041582 	 Precision: 0.03018	 Recall: 0.06683	NDCG: 0.05493
The time for epoch 52 is: train time = 00: 00: 36, test time = 00: 00: 08
Loss = 69.79116, F1-score: 0.041523 	 Precision: 0.03010	 Recall: 0.06689	NDCG: 0.05489
The time for epoch 53 is: train time = 00: 00: 36, test time = 00: 00: 08
Loss = 71.52989, F1-score: 0.041785 	 Precision: 0.03029	 Recall: 0.06736	NDCG: 0.05521
The time for epoch 54 is: train time = 00: 00: 36, test time = 00: 00: 08
Loss = 70.68320, F1-score: 0.041688 	 Precision: 0.03022	 Recall: 0.06719	NDCG: 0.05514
The time for epoch 55 is: train time = 00: 00: 36, test time = 00: 00: 08
Loss = 70.12431, F1-score: 0.041974 	 Precision: 0.03044	 Recall: 0.06757	NDCG: 0.05543
The time for epoch 56 is: train time = 00: 00: 36, test time = 00: 00: 08
Loss = 70.65516, F1-score: 0.041868 	 Precision: 0.03037	 Recall: 0.06736	NDCG: 0.05541
The time for epoch 57 is: train time = 00: 00: 36, test time = 00: 00: 07
Loss = 71.57421, F1-score: 0.041871 	 Precision: 0.03036	 Recall: 0.06743	NDCG: 0.05550
The time for epoch 58 is: train time = 00: 00: 36, test time = 00: 00: 08
Loss = 70.49056, F1-score: 0.042096 	 Precision: 0.03054	 Recall: 0.06773	NDCG: 0.05554
The time for epoch 59 is: train time = 00: 00: 36, test time = 00: 00: 08
Loss = 72.31985, F1-score: 0.041853 	 Precision: 0.03035	 Recall: 0.06738	NDCG: 0.05539
The time for epoch 60 is: train time = 00: 00: 35, test time = 00: 00: 08
Loss = 72.30537, F1-score: 0.041782 	 Precision: 0.03031	 Recall: 0.06724	NDCG: 0.05547
The time for epoch 61 is: train time = 00: 00: 36, test time = 00: 00: 08
Loss = 72.94760, F1-score: 0.041963 	 Precision: 0.03044	 Recall: 0.06754	NDCG: 0.05558
The time for epoch 62 is: train time = 00: 00: 35, test time = 00: 00: 08
Loss = 73.30809, F1-score: 0.041823 	 Precision: 0.03034	 Recall: 0.06729	NDCG: 0.05527
The time for epoch 63 is: train time = 00: 00: 36, test time = 00: 00: 08
Loss = 72.79170, F1-score: 0.041651 	 Precision: 0.03018	 Recall: 0.06718	NDCG: 0.05516
The time for epoch 64 is: train time = 00: 00: 37, test time = 00: 00: 08
Loss = 72.23040, F1-score: 0.041609 	 Precision: 0.03019	 Recall: 0.06691	NDCG: 0.05490
The time for epoch 65 is: train time = 00: 00: 35, test time = 00: 00: 07
Loss = 73.07139, F1-score: 0.041481 	 Precision: 0.03010	 Recall: 0.06671	NDCG: 0.05496
The time for epoch 66 is: train time = 00: 00: 36, test time = 00: 00: 08
Loss = 74.79604, F1-score: 0.041469 	 Precision: 0.03008	 Recall: 0.06675	NDCG: 0.05510
The time for epoch 67 is: train time = 00: 00: 36, test time = 00: 00: 08
Loss = 73.04721, F1-score: 0.041507 	 Precision: 0.03007	 Recall: 0.06698	NDCG: 0.05509
The time for epoch 68 is: train time = 00: 00: 36, test time = 00: 00: 08
Loss = 75.53085, F1-score: 0.041257 	 Precision: 0.02992	 Recall: 0.06642	NDCG: 0.05487
The time for epoch 69 is: train time = 00: 00: 37, test time = 00: 00: 08
Loss = 74.17653, F1-score: 0.041337 	 Precision: 0.03001	 Recall: 0.06642	NDCG: 0.05488
The time for epoch 70 is: train time = 00: 00: 35, test time = 00: 00: 08
Loss = 74.13109, F1-score: 0.041221 	 Precision: 0.02993	 Recall: 0.06617	NDCG: 0.05464
The time for epoch 71 is: train time = 00: 00: 36, test time = 00: 00: 08
Loss = 74.39928, F1-score: 0.041220 	 Precision: 0.02991	 Recall: 0.06627	NDCG: 0.05461
The time for epoch 72 is: train time = 00: 00: 36, test time = 00: 00: 08
Loss = 75.42043, F1-score: 0.041180 	 Precision: 0.02987	 Recall: 0.06629	NDCG: 0.05450
The time for epoch 73 is: train time = 00: 00: 36, test time = 00: 00: 08
Loss = 75.99104, F1-score: 0.041060 	 Precision: 0.02981	 Recall: 0.06593	NDCG: 0.05452
The time for epoch 74 is: train time = 00: 00: 36, test time = 00: 00: 08
Loss = 74.32092, F1-score: 0.041010 	 Precision: 0.02976	 Recall: 0.06594	NDCG: 0.05430
Training end!
Training with lambda:  0.001  completed


Training with lambda:  0.0001
Total training batches = 1209
The time for epoch 0 is: train time = 00: 00: 36, test time = 00: 00: 08
Loss = 118.09023, F1-score: 0.007332 	 Precision: 0.00520	 Recall: 0.01244	NDCG: 0.01016
The time for epoch 1 is: train time = 00: 00: 36, test time = 00: 00: 08
Loss = 106.74670, F1-score: 0.007488 	 Precision: 0.00531	 Recall: 0.01271	NDCG: 0.01005
The time for epoch 2 is: train time = 00: 00: 36, test time = 00: 00: 08
Loss = 102.21331, F1-score: 0.007474 	 Precision: 0.00529	 Recall: 0.01272	NDCG: 0.01001
The time for epoch 3 is: train time = 00: 00: 36, test time = 00: 00: 08
Loss = 90.90649, F1-score: 0.007247 	 Precision: 0.00513	 Recall: 0.01233	NDCG: 0.00984
The time for epoch 4 is: train time = 00: 00: 35, test time = 00: 00: 08
Loss = 82.62678, F1-score: 0.007348 	 Precision: 0.00520	 Recall: 0.01251	NDCG: 0.00999
The time for epoch 5 is: train time = 00: 00: 36, test time = 00: 00: 08
Loss = 75.53245, F1-score: 0.007294 	 Precision: 0.00516	 Recall: 0.01244	NDCG: 0.01007
The time for epoch 6 is: train time = 00: 00: 35, test time = 00: 00: 08
Loss = 72.45712, F1-score: 0.007423 	 Precision: 0.00527	 Recall: 0.01253	NDCG: 0.01009
The time for epoch 7 is: train time = 00: 00: 36, test time = 00: 00: 08
Loss = 72.16436, F1-score: 0.007410 	 Precision: 0.00524	 Recall: 0.01263	NDCG: 0.01001
The time for epoch 8 is: train time = 00: 00: 35, test time = 00: 00: 08
Loss = 65.57626, F1-score: 0.007318 	 Precision: 0.00519	 Recall: 0.01239	NDCG: 0.00982
The time for epoch 9 is: train time = 00: 00: 36, test time = 00: 00: 08
Loss = 68.23862, F1-score: 0.007319 	 Precision: 0.00520	 Recall: 0.01236	NDCG: 0.00983
The time for epoch 10 is: train time = 00: 00: 36, test time = 00: 00: 07
Loss = 63.39661, F1-score: 0.007383 	 Precision: 0.00524	 Recall: 0.01249	NDCG: 0.01002
The time for epoch 11 is: train time = 00: 00: 35, test time = 00: 00: 08
Loss = 65.32755, F1-score: 0.007044 	 Precision: 0.00501	 Recall: 0.01188	NDCG: 0.00979
The time for epoch 12 is: train time = 00: 00: 37, test time = 00: 00: 08
Loss = 60.75436, F1-score: 0.007356 	 Precision: 0.00522	 Recall: 0.01242	NDCG: 0.01009
The time for epoch 13 is: train time = 00: 00: 36, test time = 00: 00: 08
Loss = 60.54200, F1-score: 0.008308 	 Precision: 0.00599	 Recall: 0.01354	NDCG: 0.01084
The time for epoch 14 is: train time = 00: 00: 36, test time = 00: 00: 08
Loss = 62.61755, F1-score: 0.010931 	 Precision: 0.00821	 Recall: 0.01637	NDCG: 0.01369
The time for epoch 15 is: train time = 00: 00: 36, test time = 00: 00: 08
Loss = 63.46716, F1-score: 0.017330 	 Precision: 0.01306	 Recall: 0.02574	NDCG: 0.02238
The time for epoch 16 is: train time = 00: 00: 36, test time = 00: 00: 08
Loss = 60.94106, F1-score: 0.019782 	 Precision: 0.01471	 Recall: 0.03021	NDCG: 0.02547
The time for epoch 17 is: train time = 00: 00: 37, test time = 00: 00: 08
Loss = 64.32820, F1-score: 0.021245 	 Precision: 0.01570	 Recall: 0.03284	NDCG: 0.02741
The time for epoch 18 is: train time = 00: 00: 36, test time = 00: 00: 08
Loss = 59.66666, F1-score: 0.022272 	 Precision: 0.01646	 Recall: 0.03441	NDCG: 0.02830
The time for epoch 19 is: train time = 00: 00: 36, test time = 00: 00: 08
Loss = 62.52635, F1-score: 0.022862 	 Precision: 0.01689	 Recall: 0.03536	NDCG: 0.02955
The time for epoch 20 is: train time = 00: 00: 36, test time = 00: 00: 08
Loss = 62.77649, F1-score: 0.024225 	 Precision: 0.01788	 Recall: 0.03754	NDCG: 0.03114
The time for epoch 21 is: train time = 00: 00: 36, test time = 00: 00: 07
Loss = 60.82828, F1-score: 0.025208 	 Precision: 0.01862	 Recall: 0.03903	NDCG: 0.03238
The time for epoch 22 is: train time = 00: 00: 36, test time = 00: 00: 08
Loss = 64.59028, F1-score: 0.026812 	 Precision: 0.01980	 Recall: 0.04152	NDCG: 0.03407
The time for epoch 23 is: train time = 00: 00: 36, test time = 00: 00: 08
Loss = 64.69837, F1-score: 0.027938 	 Precision: 0.02057	 Recall: 0.04353	NDCG: 0.03600
The time for epoch 24 is: train time = 00: 00: 36, test time = 00: 00: 08
Loss = 62.30787, F1-score: 0.029436 	 Precision: 0.02167	 Recall: 0.04587	NDCG: 0.03792
The time for epoch 25 is: train time = 00: 00: 35, test time = 00: 00: 08
Loss = 62.72683, F1-score: 0.030125 	 Precision: 0.02213	 Recall: 0.04716	NDCG: 0.03909
The time for epoch 26 is: train time = 00: 00: 36, test time = 00: 00: 08
Loss = 63.21970, F1-score: 0.030989 	 Precision: 0.02273	 Recall: 0.04866	NDCG: 0.04018
The time for epoch 27 is: train time = 00: 00: 36, test time = 00: 00: 08
Loss = 65.01057, F1-score: 0.031666 	 Precision: 0.02318	 Recall: 0.04993	NDCG: 0.04132
The time for epoch 28 is: train time = 00: 00: 37, test time = 00: 00: 08
Loss = 64.80251, F1-score: 0.032607 	 Precision: 0.02381	 Recall: 0.05171	NDCG: 0.04264
The time for epoch 29 is: train time = 00: 00: 37, test time = 00: 00: 08
Loss = 62.78204, F1-score: 0.033442 	 Precision: 0.02441	 Recall: 0.05310	NDCG: 0.04357
The time for epoch 30 is: train time = 00: 00: 36, test time = 00: 00: 08
Loss = 64.09514, F1-score: 0.034027 	 Precision: 0.02479	 Recall: 0.05421	NDCG: 0.04437
The time for epoch 31 is: train time = 00: 00: 36, test time = 00: 00: 08
Loss = 64.49037, F1-score: 0.034866 	 Precision: 0.02537	 Recall: 0.05573	NDCG: 0.04564
The time for epoch 32 is: train time = 00: 00: 37, test time = 00: 00: 08
Loss = 63.62548, F1-score: 0.035445 	 Precision: 0.02578	 Recall: 0.05671	NDCG: 0.04670
The time for epoch 33 is: train time = 00: 00: 36, test time = 00: 00: 08
Loss = 65.88827, F1-score: 0.035951 	 Precision: 0.02617	 Recall: 0.05742	NDCG: 0.04710
The time for epoch 34 is: train time = 00: 00: 38, test time = 00: 00: 08
Loss = 65.98955, F1-score: 0.036355 	 Precision: 0.02644	 Recall: 0.05818	NDCG: 0.04798
The time for epoch 35 is: train time = 00: 00: 37, test time = 00: 00: 08
Loss = 63.72835, F1-score: 0.036964 	 Precision: 0.02689	 Recall: 0.05913	NDCG: 0.04837
The time for epoch 36 is: train time = 00: 00: 37, test time = 00: 00: 08
Loss = 64.02721, F1-score: 0.037412 	 Precision: 0.02719	 Recall: 0.05995	NDCG: 0.04932
The time for epoch 37 is: train time = 00: 00: 37, test time = 00: 00: 07
Loss = 65.31201, F1-score: 0.037894 	 Precision: 0.02755	 Recall: 0.06065	NDCG: 0.04980
The time for epoch 38 is: train time = 00: 00: 37, test time = 00: 00: 08
Loss = 68.73656, F1-score: 0.038283 	 Precision: 0.02780	 Recall: 0.06148	NDCG: 0.05026
The time for epoch 39 is: train time = 00: 00: 37, test time = 00: 00: 08
Loss = 68.32330, F1-score: 0.038660 	 Precision: 0.02808	 Recall: 0.06203	NDCG: 0.05084
The time for epoch 40 is: train time = 00: 00: 36, test time = 00: 00: 08
Loss = 65.89095, F1-score: 0.038963 	 Precision: 0.02827	 Recall: 0.06266	NDCG: 0.05157
The time for epoch 41 is: train time = 00: 00: 36, test time = 00: 00: 07
Loss = 67.67741, F1-score: 0.039273 	 Precision: 0.02848	 Recall: 0.06325	NDCG: 0.05192
The time for epoch 42 is: train time = 00: 00: 37, test time = 00: 00: 08
Loss = 68.77911, F1-score: 0.039626 	 Precision: 0.02874	 Recall: 0.06381	NDCG: 0.05217
The time for epoch 43 is: train time = 00: 00: 36, test time = 00: 00: 08
Loss = 70.22688, F1-score: 0.039942 	 Precision: 0.02899	 Recall: 0.06419	NDCG: 0.05288
The time for epoch 44 is: train time = 00: 00: 36, test time = 00: 00: 08
Loss = 65.62405, F1-score: 0.040148 	 Precision: 0.02912	 Recall: 0.06461	NDCG: 0.05320
The time for epoch 45 is: train time = 00: 00: 37, test time = 00: 00: 08
Loss = 66.80743, F1-score: 0.040464 	 Precision: 0.02935	 Recall: 0.06511	NDCG: 0.05338
The time for epoch 46 is: train time = 00: 00: 36, test time = 00: 00: 08
Loss = 67.50137, F1-score: 0.040415 	 Precision: 0.02930	 Recall: 0.06511	NDCG: 0.05370
The time for epoch 47 is: train time = 00: 00: 36, test time = 00: 00: 08
Loss = 67.46650, F1-score: 0.040687 	 Precision: 0.02950	 Recall: 0.06552	NDCG: 0.05381
The time for epoch 48 is: train time = 00: 00: 37, test time = 00: 00: 08
Loss = 69.33060, F1-score: 0.041082 	 Precision: 0.02979	 Recall: 0.06617	NDCG: 0.05456
The time for epoch 49 is: train time = 00: 00: 36, test time = 00: 00: 08
Loss = 67.96387, F1-score: 0.040873 	 Precision: 0.02966	 Recall: 0.06573	NDCG: 0.05381
The time for epoch 50 is: train time = 00: 00: 36, test time = 00: 00: 08
Loss = 69.24195, F1-score: 0.041096 	 Precision: 0.02977	 Recall: 0.06631	NDCG: 0.05460
The time for epoch 51 is: train time = 00: 00: 36, test time = 00: 00: 08
Loss = 68.51344, F1-score: 0.041429 	 Precision: 0.03002	 Recall: 0.06681	NDCG: 0.05483
The time for epoch 52 is: train time = 00: 00: 36, test time = 00: 00: 08
Loss = 70.01361, F1-score: 0.041288 	 Precision: 0.02993	 Recall: 0.06653	NDCG: 0.05490
The time for epoch 53 is: train time = 00: 00: 35, test time = 00: 00: 08
Loss = 70.36568, F1-score: 0.041567 	 Precision: 0.03013	 Recall: 0.06698	NDCG: 0.05513
The time for epoch 54 is: train time = 00: 00: 36, test time = 00: 00: 08
Loss = 69.99520, F1-score: 0.041462 	 Precision: 0.03008	 Recall: 0.06670	NDCG: 0.05507
The time for epoch 55 is: train time = 00: 00: 36, test time = 00: 00: 08
Loss = 69.95637, F1-score: 0.041505 	 Precision: 0.03012	 Recall: 0.06674	NDCG: 0.05523
The time for epoch 56 is: train time = 00: 00: 35, test time = 00: 00: 08
Loss = 70.00488, F1-score: 0.041804 	 Precision: 0.03030	 Recall: 0.06740	NDCG: 0.05535
The time for epoch 57 is: train time = 00: 00: 36, test time = 00: 00: 07
Loss = 71.30096, F1-score: 0.041694 	 Precision: 0.03020	 Recall: 0.06729	NDCG: 0.05539
The time for epoch 58 is: train time = 00: 00: 37, test time = 00: 00: 08
Loss = 72.49281, F1-score: 0.041739 	 Precision: 0.03027	 Recall: 0.06720	NDCG: 0.05523
The time for epoch 59 is: train time = 00: 00: 36, test time = 00: 00: 08
Loss = 70.78130, F1-score: 0.041560 	 Precision: 0.03010	 Recall: 0.06712	NDCG: 0.05536
The time for epoch 60 is: train time = 00: 00: 36, test time = 00: 00: 08
Loss = 71.81551, F1-score: 0.041561 	 Precision: 0.03010	 Recall: 0.06709	NDCG: 0.05531
The time for epoch 61 is: train time = 00: 00: 36, test time = 00: 00: 08
Loss = 71.48199, F1-score: 0.041458 	 Precision: 0.03003	 Recall: 0.06693	NDCG: 0.05513
The time for epoch 62 is: train time = 00: 00: 36, test time = 00: 00: 08
Loss = 72.28286, F1-score: 0.041467 	 Precision: 0.03007	 Recall: 0.06677	NDCG: 0.05507
The time for epoch 63 is: train time = 00: 00: 36, test time = 00: 00: 08
Loss = 72.81403, F1-score: 0.041368 	 Precision: 0.02999	 Recall: 0.06667	NDCG: 0.05501
The time for epoch 64 is: train time = 00: 00: 37, test time = 00: 00: 08
Loss = 72.31752, F1-score: 0.041316 	 Precision: 0.02995	 Recall: 0.06658	NDCG: 0.05484
The time for epoch 65 is: train time = 00: 00: 36, test time = 00: 00: 08
Loss = 72.91102, F1-score: 0.041312 	 Precision: 0.02994	 Recall: 0.06660	NDCG: 0.05489
The time for epoch 66 is: train time = 00: 00: 36, test time = 00: 00: 08
Loss = 72.62361, F1-score: 0.041508 	 Precision: 0.03006	 Recall: 0.06703	NDCG: 0.05490
The time for epoch 67 is: train time = 00: 00: 37, test time = 00: 00: 07
Loss = 74.40847, F1-score: 0.041389 	 Precision: 0.03002	 Recall: 0.06664	NDCG: 0.05491
The time for epoch 68 is: train time = 00: 00: 36, test time = 00: 00: 08
Loss = 73.99940, F1-score: 0.041162 	 Precision: 0.02986	 Recall: 0.06622	NDCG: 0.05464
The time for epoch 69 is: train time = 00: 00: 37, test time = 00: 00: 08
Loss = 72.34859, F1-score: 0.041435 	 Precision: 0.03004	 Recall: 0.06678	NDCG: 0.05511
The time for epoch 70 is: train time = 00: 00: 36, test time = 00: 00: 08
Loss = 73.19926, F1-score: 0.041348 	 Precision: 0.02995	 Recall: 0.06673	NDCG: 0.05481
The time for epoch 71 is: train time = 00: 00: 37, test time = 00: 00: 08
Loss = 74.16014, F1-score: 0.040990 	 Precision: 0.02972	 Recall: 0.06603	NDCG: 0.05438
The time for epoch 72 is: train time = 00: 00: 36, test time = 00: 00: 08
Loss = 73.58603, F1-score: 0.040841 	 Precision: 0.02960	 Recall: 0.06585	NDCG: 0.05428
The time for epoch 73 is: train time = 00: 00: 36, test time = 00: 00: 08
Loss = 73.39638, F1-score: 0.041066 	 Precision: 0.02974	 Recall: 0.06634	NDCG: 0.05466
The time for epoch 74 is: train time = 00: 00: 38, test time = 00: 00: 08
Loss = 74.85175, F1-score: 0.040811 	 Precision: 0.02956	 Recall: 0.06590	NDCG: 0.05428
Training end!
Training with lambda:  0.0001  completed


{'0': {'F1': 0.040791958087767435, 'Precision': 0.029592964506757614, 'Recall': 0.06562775230674504, 'NDCG': 0.05404541802798125}, '0.1': {'F1': 0.041965712470091426, 'Precision': 0.03051187318428698, 'Recall': 0.06718701959479854, 'NDCG': 0.05565781355347687}, '0.01': {'F1': 0.041041209543696354, 'Precision': 0.029798219022356954, 'Recall': 0.06590891353660477, 'NDCG': 0.0542714717322192}, '0.001': {'F1': 0.041009951176712085, 'Precision': 0.02975874700012631, 'Recall': 0.06594093949646423, 'NDCG': 0.05430225501590198}, '0.0001': {'F1': 0.0408105048472838, 'Precision': 0.029558229127194642, 'Recall': 0.06589584416861238, 'NDCG': 0.05428486959864404}}
