###################### UltraGCN ######################
Loading Configuration...
load path = ./yelp2018_ii_constraint_mat object
load path = ./yelp2018_ii_neighbor_mat object
---------------------
Best beta/momentum
---------------------
{}
Training with beta:  0.9563751300275105
Total training batches = 1209
The time for epoch 0 is: train time = 00: 00: 38, test time = 00: 00: 08
Loss = 113.63122, F1-score: 0.007302 	 Precision: 0.00518	 Recall: 0.01236	NDCG: 0.01001
The time for epoch 1 is: train time = 00: 00: 38, test time = 00: 00: 08
Loss = 94.83033, F1-score: 0.007600 	 Precision: 0.00539	 Recall: 0.01290	NDCG: 0.01017
The time for epoch 2 is: train time = 00: 00: 39, test time = 00: 00: 08
Loss = 86.09364, F1-score: 0.007613 	 Precision: 0.00539	 Recall: 0.01294	NDCG: 0.01031
The time for epoch 3 is: train time = 00: 00: 37, test time = 00: 00: 08
Loss = 78.46816, F1-score: 0.007637 	 Precision: 0.00543	 Recall: 0.01289	NDCG: 0.01035
The time for epoch 4 is: train time = 00: 00: 38, test time = 00: 00: 08
Loss = 74.91668, F1-score: 0.007291 	 Precision: 0.00519	 Recall: 0.01224	NDCG: 0.01009
The time for epoch 5 is: train time = 00: 00: 38, test time = 00: 00: 08
Loss = 74.38425, F1-score: 0.007423 	 Precision: 0.00525	 Recall: 0.01267	NDCG: 0.01020
The time for epoch 6 is: train time = 00: 00: 37, test time = 00: 00: 08
Loss = 71.06221, F1-score: 0.007240 	 Precision: 0.00511	 Recall: 0.01241	NDCG: 0.00991
The time for epoch 7 is: train time = 00: 00: 38, test time = 00: 00: 08
Loss = 70.15592, F1-score: 0.007533 	 Precision: 0.00535	 Recall: 0.01271	NDCG: 0.01019
The time for epoch 8 is: train time = 00: 00: 37, test time = 00: 00: 08
Loss = 67.11561, F1-score: 0.007427 	 Precision: 0.00527	 Recall: 0.01256	NDCG: 0.01015
The time for epoch 9 is: train time = 00: 00: 38, test time = 00: 00: 08
Loss = 68.30231, F1-score: 0.007476 	 Precision: 0.00531	 Recall: 0.01262	NDCG: 0.01008
The time for epoch 10 is: train time = 00: 00: 38, test time = 00: 00: 08
Loss = 65.44339, F1-score: 0.008121 	 Precision: 0.00585	 Recall: 0.01329	NDCG: 0.01061
The time for epoch 11 is: train time = 00: 00: 38, test time = 00: 00: 08
Loss = 67.49976, F1-score: 0.009913 	 Precision: 0.00736	 Recall: 0.01517	NDCG: 0.01288
The time for epoch 12 is: train time = 00: 00: 38, test time = 00: 00: 08
Loss = 71.33517, F1-score: 0.012625 	 Precision: 0.00949	 Recall: 0.01886	NDCG: 0.01629
The time for epoch 13 is: train time = 00: 00: 38, test time = 00: 00: 08
Loss = 68.08353, F1-score: 0.017171 	 Precision: 0.01297	 Recall: 0.02541	NDCG: 0.02201
The time for epoch 14 is: train time = 00: 00: 38, test time = 00: 00: 08
Loss = 65.85053, F1-score: 0.020114 	 Precision: 0.01497	 Recall: 0.03063	NDCG: 0.02555
The time for epoch 15 is: train time = 00: 00: 38, test time = 00: 00: 08
Loss = 68.78253, F1-score: 0.020827 	 Precision: 0.01549	 Recall: 0.03179	NDCG: 0.02662
The time for epoch 16 is: train time = 00: 00: 38, test time = 00: 00: 08
Loss = 64.51177, F1-score: 0.021976 	 Precision: 0.01623	 Recall: 0.03402	NDCG: 0.02848
The time for epoch 17 is: train time = 00: 00: 38, test time = 00: 00: 08
Loss = 64.81588, F1-score: 0.022963 	 Precision: 0.01700	 Recall: 0.03536	NDCG: 0.02941
The time for epoch 18 is: train time = 00: 00: 37, test time = 00: 00: 08
Loss = 66.62710, F1-score: 0.024324 	 Precision: 0.01799	 Recall: 0.03754	NDCG: 0.03126
The time for epoch 19 is: train time = 00: 00: 38, test time = 00: 00: 08
Loss = 65.88971, F1-score: 0.025180 	 Precision: 0.01863	 Recall: 0.03882	NDCG: 0.03226
The time for epoch 20 is: train time = 00: 00: 38, test time = 00: 00: 08
Loss = 69.15541, F1-score: 0.026333 	 Precision: 0.01948	 Recall: 0.04064	NDCG: 0.03369
The time for epoch 21 is: train time = 00: 00: 38, test time = 00: 00: 08
Loss = 70.71986, F1-score: 0.027375 	 Precision: 0.02020	 Recall: 0.04246	NDCG: 0.03494
The time for epoch 22 is: train time = 00: 00: 38, test time = 00: 00: 08
Loss = 66.03559, F1-score: 0.027798 	 Precision: 0.02050	 Recall: 0.04314	NDCG: 0.03564
The time for epoch 23 is: train time = 00: 00: 37, test time = 00: 00: 08
Loss = 70.37646, F1-score: 0.028621 	 Precision: 0.02108	 Recall: 0.04456	NDCG: 0.03683
The time for epoch 24 is: train time = 00: 00: 38, test time = 00: 00: 08
Loss = 67.40133, F1-score: 0.029517 	 Precision: 0.02169	 Recall: 0.04620	NDCG: 0.03809
The time for epoch 25 is: train time = 00: 00: 38, test time = 00: 00: 08
Loss = 69.23317, F1-score: 0.030399 	 Precision: 0.02230	 Recall: 0.04773	NDCG: 0.03946
The time for epoch 26 is: train time = 00: 00: 38, test time = 00: 00: 08
Loss = 66.34339, F1-score: 0.030906 	 Precision: 0.02266	 Recall: 0.04859	NDCG: 0.04004
The time for epoch 27 is: train time = 00: 00: 38, test time = 00: 00: 08
Loss = 69.49380, F1-score: 0.031674 	 Precision: 0.02320	 Recall: 0.04992	NDCG: 0.04087
The time for epoch 28 is: train time = 00: 00: 38, test time = 00: 00: 08
Loss = 67.82426, F1-score: 0.031991 	 Precision: 0.02337	 Recall: 0.05069	NDCG: 0.04159
The time for epoch 29 is: train time = 00: 00: 37, test time = 00: 00: 08
Loss = 68.79746, F1-score: 0.032241 	 Precision: 0.02356	 Recall: 0.05104	NDCG: 0.04186
The time for epoch 30 is: train time = 00: 00: 38, test time = 00: 00: 08
Loss = 72.02681, F1-score: 0.033216 	 Precision: 0.02427	 Recall: 0.05263	NDCG: 0.04340
The time for epoch 31 is: train time = 00: 00: 37, test time = 00: 00: 08
Loss = 70.09895, F1-score: 0.033525 	 Precision: 0.02446	 Recall: 0.05325	NDCG: 0.04393
The time for epoch 32 is: train time = 00: 00: 38, test time = 00: 00: 08
Loss = 73.32888, F1-score: 0.034166 	 Precision: 0.02489	 Recall: 0.05445	NDCG: 0.04453
The time for epoch 33 is: train time = 00: 00: 44, test time = 00: 00: 08
Loss = 71.94731, F1-score: 0.034448 	 Precision: 0.02512	 Recall: 0.05479	NDCG: 0.04506
The time for epoch 34 is: train time = 00: 00: 38, test time = 00: 00: 08
Loss = 68.49507, F1-score: 0.035081 	 Precision: 0.02557	 Recall: 0.05584	NDCG: 0.04616
The time for epoch 35 is: train time = 00: 00: 38, test time = 00: 00: 08
Loss = 69.60734, F1-score: 0.035323 	 Precision: 0.02575	 Recall: 0.05622	NDCG: 0.04626
The time for epoch 36 is: train time = 00: 00: 36, test time = 00: 00: 08
Loss = 67.37427, F1-score: 0.035746 	 Precision: 0.02606	 Recall: 0.05690	NDCG: 0.04716
The time for epoch 37 is: train time = 00: 00: 36, test time = 00: 00: 08
Loss = 70.03771, F1-score: 0.036124 	 Precision: 0.02634	 Recall: 0.05745	NDCG: 0.04758
The time for epoch 38 is: train time = 00: 00: 38, test time = 00: 00: 08
Loss = 67.98698, F1-score: 0.036604 	 Precision: 0.02665	 Recall: 0.05844	NDCG: 0.04812
The time for epoch 39 is: train time = 00: 00: 36, test time = 00: 00: 08
Loss = 69.69978, F1-score: 0.036675 	 Precision: 0.02673	 Recall: 0.05839	NDCG: 0.04828
The time for epoch 40 is: train time = 00: 00: 37, test time = 00: 00: 08
Loss = 68.39766, F1-score: 0.037028 	 Precision: 0.02697	 Recall: 0.05903	NDCG: 0.04897
The time for epoch 41 is: train time = 00: 00: 36, test time = 00: 00: 08
Loss = 70.75193, F1-score: 0.037835 	 Precision: 0.02757	 Recall: 0.06028	NDCG: 0.04939
The time for epoch 42 is: train time = 00: 00: 36, test time = 00: 00: 08
Loss = 68.86623, F1-score: 0.037553 	 Precision: 0.02737	 Recall: 0.05980	NDCG: 0.04921
The time for epoch 43 is: train time = 00: 00: 36, test time = 00: 00: 08
Loss = 70.72951, F1-score: 0.038044 	 Precision: 0.02772	 Recall: 0.06061	NDCG: 0.04988
The time for epoch 44 is: train time = 00: 00: 37, test time = 00: 00: 08
Loss = 72.25048, F1-score: 0.038612 	 Precision: 0.02814	 Recall: 0.06150	NDCG: 0.05060
The time for epoch 45 is: train time = 00: 00: 37, test time = 00: 00: 08
Loss = 71.36550, F1-score: 0.038539 	 Precision: 0.02809	 Recall: 0.06137	NDCG: 0.05059
The time for epoch 46 is: train time = 00: 00: 36, test time = 00: 00: 08
Loss = 71.49462, F1-score: 0.038999 	 Precision: 0.02842	 Recall: 0.06214	NDCG: 0.05130
The time for epoch 47 is: train time = 00: 00: 36, test time = 00: 00: 08
Loss = 72.44300, F1-score: 0.039034 	 Precision: 0.02840	 Recall: 0.06240	NDCG: 0.05139
The time for epoch 48 is: train time = 00: 00: 37, test time = 00: 00: 08
Loss = 72.84109, F1-score: 0.039531 	 Precision: 0.02878	 Recall: 0.06313	NDCG: 0.05196
The time for epoch 49 is: train time = 00: 00: 36, test time = 00: 00: 08
Loss = 72.23185, F1-score: 0.039403 	 Precision: 0.02868	 Recall: 0.06292	NDCG: 0.05213
The time for epoch 50 is: train time = 00: 00: 36, test time = 00: 00: 08
Loss = 71.75070, F1-score: 0.040009 	 Precision: 0.02912	 Recall: 0.06390	NDCG: 0.05258
The time for epoch 51 is: train time = 00: 00: 36, test time = 00: 00: 08
Loss = 72.39981, F1-score: 0.040018 	 Precision: 0.02912	 Recall: 0.06393	NDCG: 0.05301
The time for epoch 52 is: train time = 00: 00: 36, test time = 00: 00: 08
Loss = 70.77941, F1-score: 0.040197 	 Precision: 0.02926	 Recall: 0.06421	NDCG: 0.05331
The time for epoch 53 is: train time = 00: 00: 37, test time = 00: 00: 12
Loss = 70.24876, F1-score: 0.040271 	 Precision: 0.02931	 Recall: 0.06435	NDCG: 0.05306
The time for epoch 54 is: train time = 00: 00: 36, test time = 00: 00: 08
Loss = 70.89254, F1-score: 0.040526 	 Precision: 0.02948	 Recall: 0.06479	NDCG: 0.05340
The time for epoch 55 is: train time = 00: 00: 37, test time = 00: 00: 08
Loss = 72.49789, F1-score: 0.040647 	 Precision: 0.02956	 Recall: 0.06502	NDCG: 0.05372
The time for epoch 56 is: train time = 00: 00: 37, test time = 00: 00: 08
Loss = 69.33765, F1-score: 0.040705 	 Precision: 0.02962	 Recall: 0.06507	NDCG: 0.05357
The time for epoch 57 is: train time = 00: 00: 36, test time = 00: 00: 08
Loss = 73.87785, F1-score: 0.041031 	 Precision: 0.02985	 Recall: 0.06562	NDCG: 0.05416
The time for epoch 58 is: train time = 00: 00: 37, test time = 00: 00: 08
Loss = 70.86650, F1-score: 0.041164 	 Precision: 0.02993	 Recall: 0.06588	NDCG: 0.05445
The time for epoch 59 is: train time = 00: 00: 36, test time = 00: 00: 08
Loss = 71.10703, F1-score: 0.041264 	 Precision: 0.03001	 Recall: 0.06601	NDCG: 0.05458
The time for epoch 60 is: train time = 00: 00: 36, test time = 00: 00: 08
Loss = 71.51949, F1-score: 0.041073 	 Precision: 0.02985	 Recall: 0.06583	NDCG: 0.05444
The time for epoch 61 is: train time = 00: 00: 36, test time = 00: 00: 08
Loss = 70.61567, F1-score: 0.041543 	 Precision: 0.03021	 Recall: 0.06650	NDCG: 0.05494
The time for epoch 62 is: train time = 00: 00: 36, test time = 00: 00: 08
Loss = 73.79280, F1-score: 0.041569 	 Precision: 0.03022	 Recall: 0.06659	NDCG: 0.05486
The time for epoch 63 is: train time = 00: 00: 36, test time = 00: 00: 08
Loss = 74.18810, F1-score: 0.041511 	 Precision: 0.03019	 Recall: 0.06641	NDCG: 0.05467
The time for epoch 64 is: train time = 00: 00: 37, test time = 00: 00: 08
Loss = 72.41293, F1-score: 0.041569 	 Precision: 0.03020	 Recall: 0.06664	NDCG: 0.05492
The time for epoch 65 is: train time = 00: 00: 36, test time = 00: 00: 08
Loss = 72.80423, F1-score: 0.041771 	 Precision: 0.03031	 Recall: 0.06715	NDCG: 0.05539
The time for epoch 66 is: train time = 00: 00: 36, test time = 00: 00: 08
Loss = 72.70415, F1-score: 0.041487 	 Precision: 0.03016	 Recall: 0.06642	NDCG: 0.05507
The time for epoch 67 is: train time = 00: 00: 36, test time = 00: 00: 08
Loss = 73.14182, F1-score: 0.041897 	 Precision: 0.03042	 Recall: 0.06727	NDCG: 0.05525
The time for epoch 68 is: train time = 00: 00: 36, test time = 00: 00: 08
Loss = 72.75864, F1-score: 0.041973 	 Precision: 0.03048	 Recall: 0.06736	NDCG: 0.05544
The time for epoch 69 is: train time = 00: 00: 36, test time = 00: 00: 08
Loss = 73.99314, F1-score: 0.041984 	 Precision: 0.03051	 Recall: 0.06730	NDCG: 0.05524
The time for epoch 70 is: train time = 00: 00: 37, test time = 00: 00: 08
Loss = 73.20778, F1-score: 0.041727 	 Precision: 0.03032	 Recall: 0.06690	NDCG: 0.05506
The time for epoch 71 is: train time = 00: 00: 36, test time = 00: 00: 08
Loss = 72.02528, F1-score: 0.041835 	 Precision: 0.03037	 Recall: 0.06721	NDCG: 0.05557
The time for epoch 72 is: train time = 00: 00: 36, test time = 00: 00: 08
Loss = 74.44556, F1-score: 0.041982 	 Precision: 0.03048	 Recall: 0.06742	NDCG: 0.05566
The time for epoch 73 is: train time = 00: 00: 36, test time = 00: 00: 08
Loss = 72.77877, F1-score: 0.042096 	 Precision: 0.03054	 Recall: 0.06771	NDCG: 0.05564
The time for epoch 74 is: train time = 00: 00: 36, test time = 00: 00: 08
Loss = 74.44823, F1-score: 0.042061 	 Precision: 0.03055	 Recall: 0.06747	NDCG: 0.05556
Training end!
Training with beta:  0.9564573957941945
Total training batches = 1209
The time for epoch 0 is: train time = 00: 00: 36, test time = 00: 00: 08
Loss = 113.31090, F1-score: 0.007412 	 Precision: 0.00526	 Recall: 0.01256	NDCG: 0.01020
The time for epoch 1 is: train time = 00: 00: 37, test time = 00: 00: 08
Loss = 93.88908, F1-score: 0.007049 	 Precision: 0.00500	 Recall: 0.01195	NDCG: 0.00970
The time for epoch 2 is: train time = 00: 00: 36, test time = 00: 00: 08
Loss = 84.60437, F1-score: 0.007282 	 Precision: 0.00515	 Recall: 0.01243	NDCG: 0.00993
The time for epoch 3 is: train time = 00: 00: 37, test time = 00: 00: 08
Loss = 81.86797, F1-score: 0.007273 	 Precision: 0.00515	 Recall: 0.01237	NDCG: 0.00998
The time for epoch 4 is: train time = 00: 00: 37, test time = 00: 00: 08
Loss = 73.42837, F1-score: 0.007367 	 Precision: 0.00524	 Recall: 0.01241	NDCG: 0.01003
The time for epoch 5 is: train time = 00: 00: 36, test time = 00: 00: 08
Loss = 72.45515, F1-score: 0.007284 	 Precision: 0.00516	 Recall: 0.01241	NDCG: 0.00983
The time for epoch 6 is: train time = 00: 00: 37, test time = 00: 00: 08
Loss = 70.68788, F1-score: 0.007399 	 Precision: 0.00525	 Recall: 0.01253	NDCG: 0.00963
The time for epoch 7 is: train time = 00: 00: 36, test time = 00: 00: 08
Loss = 73.44759, F1-score: 0.007530 	 Precision: 0.00534	 Recall: 0.01278	NDCG: 0.01016
The time for epoch 8 is: train time = 00: 00: 36, test time = 00: 00: 08
Loss = 68.75364, F1-score: 0.007175 	 Precision: 0.00507	 Recall: 0.01228	NDCG: 0.00984
The time for epoch 9 is: train time = 00: 00: 37, test time = 00: 00: 08
Loss = 67.21596, F1-score: 0.007366 	 Precision: 0.00520	 Recall: 0.01260	NDCG: 0.00958
The time for epoch 10 is: train time = 00: 00: 36, test time = 00: 00: 08
Loss = 67.95200, F1-score: 0.007947 	 Precision: 0.00573	 Recall: 0.01295	NDCG: 0.01055
The time for epoch 11 is: train time = 00: 00: 36, test time = 00: 00: 08
Loss = 66.03073, F1-score: 0.009344 	 Precision: 0.00689	 Recall: 0.01451	NDCG: 0.01251
The time for epoch 12 is: train time = 00: 00: 38, test time = 00: 00: 08
Loss = 69.50089, F1-score: 0.011366 	 Precision: 0.00850	 Recall: 0.01715	NDCG: 0.01504
The time for epoch 13 is: train time = 00: 00: 38, test time = 00: 00: 08
Loss = 65.72173, F1-score: 0.015532 	 Precision: 0.01181	 Recall: 0.02268	NDCG: 0.01996
The time for epoch 14 is: train time = 00: 00: 37, test time = 00: 00: 08
Loss = 69.26956, F1-score: 0.019164 	 Precision: 0.01434	 Recall: 0.02886	NDCG: 0.02476
The time for epoch 15 is: train time = 00: 00: 37, test time = 00: 00: 08
Loss = 66.59878, F1-score: 0.020451 	 Precision: 0.01517	 Recall: 0.03135	NDCG: 0.02659
The time for epoch 16 is: train time = 00: 00: 36, test time = 00: 00: 08
Loss = 69.68909, F1-score: 0.021976 	 Precision: 0.01630	 Recall: 0.03373	NDCG: 0.02817
The time for epoch 17 is: train time = 00: 00: 36, test time = 00: 00: 08
Loss = 69.52952, F1-score: 0.023087 	 Precision: 0.01711	 Recall: 0.03549	NDCG: 0.02997
The time for epoch 18 is: train time = 00: 00: 37, test time = 00: 00: 08
Loss = 66.13896, F1-score: 0.024164 	 Precision: 0.01787	 Recall: 0.03728	NDCG: 0.03096
The time for epoch 19 is: train time = 00: 00: 36, test time = 00: 00: 08
Loss = 69.82722, F1-score: 0.025165 	 Precision: 0.01862	 Recall: 0.03880	NDCG: 0.03197
The time for epoch 20 is: train time = 00: 00: 43, test time = 00: 00: 08
Loss = 67.69004, F1-score: 0.026370 	 Precision: 0.01951	 Recall: 0.04069	NDCG: 0.03389
The time for epoch 21 is: train time = 00: 00: 36, test time = 00: 00: 08
Loss = 65.12800, F1-score: 0.027194 	 Precision: 0.02007	 Recall: 0.04217	NDCG: 0.03495
The time for epoch 22 is: train time = 00: 00: 37, test time = 00: 00: 08
Loss = 66.77431, F1-score: 0.028214 	 Precision: 0.02079	 Recall: 0.04389	NDCG: 0.03654
The time for epoch 23 is: train time = 00: 00: 36, test time = 00: 00: 08
Loss = 70.45924, F1-score: 0.028784 	 Precision: 0.02118	 Recall: 0.04493	NDCG: 0.03706
The time for epoch 24 is: train time = 00: 00: 36, test time = 00: 00: 08
Loss = 69.52781, F1-score: 0.029566 	 Precision: 0.02173	 Recall: 0.04622	NDCG: 0.03833
The time for epoch 25 is: train time = 00: 00: 36, test time = 00: 00: 08
Loss = 68.82269, F1-score: 0.030442 	 Precision: 0.02234	 Recall: 0.04774	NDCG: 0.03941
The time for epoch 26 is: train time = 00: 00: 36, test time = 00: 00: 08
Loss = 69.97659, F1-score: 0.031026 	 Precision: 0.02273	 Recall: 0.04885	NDCG: 0.04007
The time for epoch 27 is: train time = 00: 00: 37, test time = 00: 00: 08
Loss = 73.08895, F1-score: 0.031636 	 Precision: 0.02314	 Recall: 0.05001	NDCG: 0.04118
The time for epoch 28 is: train time = 00: 00: 37, test time = 00: 00: 08
Loss = 69.38943, F1-score: 0.032038 	 Precision: 0.02344	 Recall: 0.05060	NDCG: 0.04141
The time for epoch 29 is: train time = 00: 00: 37, test time = 00: 00: 08
Loss = 69.19993, F1-score: 0.032654 	 Precision: 0.02386	 Recall: 0.05173	NDCG: 0.04224
The time for epoch 30 is: train time = 00: 00: 38, test time = 00: 00: 08
Loss = 70.52361, F1-score: 0.033072 	 Precision: 0.02415	 Recall: 0.05244	NDCG: 0.04325
The time for epoch 31 is: train time = 00: 00: 37, test time = 00: 00: 08
Loss = 68.00676, F1-score: 0.033472 	 Precision: 0.02441	 Recall: 0.05324	NDCG: 0.04376
The time for epoch 32 is: train time = 00: 00: 37, test time = 00: 00: 08
Loss = 68.07909, F1-score: 0.034218 	 Precision: 0.02495	 Recall: 0.05443	NDCG: 0.04483
The time for epoch 33 is: train time = 00: 00: 38, test time = 00: 00: 08
Loss = 65.37152, F1-score: 0.034519 	 Precision: 0.02519	 Recall: 0.05480	NDCG: 0.04510
The time for epoch 34 is: train time = 00: 00: 36, test time = 00: 00: 08
Loss = 70.01316, F1-score: 0.035013 	 Precision: 0.02551	 Recall: 0.05579	NDCG: 0.04590
The time for epoch 35 is: train time = 00: 00: 37, test time = 00: 00: 08
Loss = 69.07009, F1-score: 0.035621 	 Precision: 0.02600	 Recall: 0.05656	NDCG: 0.04669
The time for epoch 36 is: train time = 00: 00: 36, test time = 00: 00: 08
Loss = 70.62680, F1-score: 0.035865 	 Precision: 0.02615	 Recall: 0.05705	NDCG: 0.04710
The time for epoch 37 is: train time = 00: 00: 37, test time = 00: 00: 08
Loss = 68.92945, F1-score: 0.036116 	 Precision: 0.02634	 Recall: 0.05744	NDCG: 0.04737
The time for epoch 38 is: train time = 00: 00: 37, test time = 00: 00: 08
Loss = 71.17408, F1-score: 0.036819 	 Precision: 0.02683	 Recall: 0.05866	NDCG: 0.04845
The time for epoch 39 is: train time = 00: 00: 36, test time = 00: 00: 08
Loss = 67.61354, F1-score: 0.036931 	 Precision: 0.02691	 Recall: 0.05885	NDCG: 0.04856
The time for epoch 40 is: train time = 00: 00: 37, test time = 00: 00: 08
Loss = 67.94789, F1-score: 0.037135 	 Precision: 0.02704	 Recall: 0.05928	NDCG: 0.04888
The time for epoch 41 is: train time = 00: 00: 42, test time = 00: 00: 08
Loss = 72.09037, F1-score: 0.037449 	 Precision: 0.02725	 Recall: 0.05984	NDCG: 0.04943
The time for epoch 42 is: train time = 00: 00: 37, test time = 00: 00: 08
Loss = 69.06483, F1-score: 0.037804 	 Precision: 0.02752	 Recall: 0.06034	NDCG: 0.04970
The time for epoch 43 is: train time = 00: 00: 37, test time = 00: 00: 08
Loss = 73.93034, F1-score: 0.037912 	 Precision: 0.02760	 Recall: 0.06051	NDCG: 0.05003
The time for epoch 44 is: train time = 00: 00: 36, test time = 00: 00: 08
Loss = 71.45996, F1-score: 0.038242 	 Precision: 0.02786	 Recall: 0.06097	NDCG: 0.05064
The time for epoch 45 is: train time = 00: 00: 36, test time = 00: 00: 08
Loss = 66.87262, F1-score: 0.038829 	 Precision: 0.02830	 Recall: 0.06184	NDCG: 0.05130
The time for epoch 46 is: train time = 00: 00: 36, test time = 00: 00: 08
Loss = 71.12881, F1-score: 0.039017 	 Precision: 0.02840	 Recall: 0.06230	NDCG: 0.05159
The time for epoch 47 is: train time = 00: 00: 36, test time = 00: 00: 08
Loss = 67.45736, F1-score: 0.039181 	 Precision: 0.02852	 Recall: 0.06255	NDCG: 0.05165
The time for epoch 48 is: train time = 00: 00: 37, test time = 00: 00: 08
Loss = 69.12441, F1-score: 0.039230 	 Precision: 0.02858	 Recall: 0.06254	NDCG: 0.05153
The time for epoch 49 is: train time = 00: 00: 36, test time = 00: 00: 08
Loss = 71.86229, F1-score: 0.039560 	 Precision: 0.02884	 Recall: 0.06297	NDCG: 0.05200
The time for epoch 50 is: train time = 00: 00: 38, test time = 00: 00: 08
Loss = 72.49619, F1-score: 0.039888 	 Precision: 0.02904	 Recall: 0.06366	NDCG: 0.05254
The time for epoch 51 is: train time = 00: 00: 36, test time = 00: 00: 08
Loss = 70.29945, F1-score: 0.039870 	 Precision: 0.02905	 Recall: 0.06353	NDCG: 0.05275
The time for epoch 52 is: train time = 00: 00: 37, test time = 00: 00: 08
Loss = 71.24419, F1-score: 0.040150 	 Precision: 0.02922	 Recall: 0.06412	NDCG: 0.05298
The time for epoch 53 is: train time = 00: 00: 36, test time = 00: 00: 08
Loss = 70.17366, F1-score: 0.040254 	 Precision: 0.02930	 Recall: 0.06428	NDCG: 0.05303
The time for epoch 54 is: train time = 00: 00: 37, test time = 00: 00: 08
Loss = 70.87617, F1-score: 0.040628 	 Precision: 0.02959	 Recall: 0.06481	NDCG: 0.05362
The time for epoch 55 is: train time = 00: 00: 36, test time = 00: 00: 08
Loss = 71.08540, F1-score: 0.040613 	 Precision: 0.02954	 Recall: 0.06497	NDCG: 0.05379
The time for epoch 56 is: train time = 00: 00: 36, test time = 00: 00: 08
Loss = 72.80960, F1-score: 0.040694 	 Precision: 0.02962	 Recall: 0.06498	NDCG: 0.05372
The time for epoch 57 is: train time = 00: 00: 37, test time = 00: 00: 08
Loss = 73.39950, F1-score: 0.040500 	 Precision: 0.02948	 Recall: 0.06470	NDCG: 0.05365
The time for epoch 58 is: train time = 00: 00: 36, test time = 00: 00: 08
Loss = 74.89311, F1-score: 0.040817 	 Precision: 0.02970	 Recall: 0.06523	NDCG: 0.05385
The time for epoch 59 is: train time = 00: 00: 36, test time = 00: 00: 08
Loss = 69.07102, F1-score: 0.041046 	 Precision: 0.02985	 Recall: 0.06567	NDCG: 0.05431
The time for epoch 60 is: train time = 00: 00: 36, test time = 00: 00: 08
Loss = 70.44440, F1-score: 0.041196 	 Precision: 0.02999	 Recall: 0.06578	NDCG: 0.05434
The time for epoch 61 is: train time = 00: 00: 36, test time = 00: 00: 08
Loss = 70.94568, F1-score: 0.041234 	 Precision: 0.03002	 Recall: 0.06581	NDCG: 0.05460
The time for epoch 62 is: train time = 00: 00: 37, test time = 00: 00: 08
Loss = 74.20875, F1-score: 0.041258 	 Precision: 0.03002	 Recall: 0.06592	NDCG: 0.05420
The time for epoch 63 is: train time = 00: 00: 36, test time = 00: 00: 08
Loss = 72.63226, F1-score: 0.041465 	 Precision: 0.03018	 Recall: 0.06625	NDCG: 0.05462
The time for epoch 64 is: train time = 00: 00: 37, test time = 00: 00: 08
Loss = 75.61030, F1-score: 0.041606 	 Precision: 0.03026	 Recall: 0.06656	NDCG: 0.05485
The time for epoch 65 is: train time = 00: 00: 36, test time = 00: 00: 08
Loss = 71.22716, F1-score: 0.041273 	 Precision: 0.03001	 Recall: 0.06609	NDCG: 0.05472
The time for epoch 66 is: train time = 00: 00: 38, test time = 00: 00: 08
Loss = 70.69502, F1-score: 0.041865 	 Precision: 0.03047	 Recall: 0.06686	NDCG: 0.05507
The time for epoch 67 is: train time = 00: 00: 36, test time = 00: 00: 08
Loss = 73.80550, F1-score: 0.041661 	 Precision: 0.03032	 Recall: 0.06657	NDCG: 0.05486
The time for epoch 68 is: train time = 00: 00: 36, test time = 00: 00: 08
Loss = 74.29759, F1-score: 0.041736 	 Precision: 0.03037	 Recall: 0.06672	NDCG: 0.05537
The time for epoch 69 is: train time = 00: 00: 36, test time = 00: 00: 08
Loss = 73.13344, F1-score: 0.041665 	 Precision: 0.03029	 Recall: 0.06674	NDCG: 0.05503
The time for epoch 70 is: train time = 00: 00: 36, test time = 00: 00: 08
Loss = 72.22148, F1-score: 0.041756 	 Precision: 0.03037	 Recall: 0.06681	NDCG: 0.05489
The time for epoch 71 is: train time = 00: 00: 37, test time = 00: 00: 08
Loss = 72.10806, F1-score: 0.042180 	 Precision: 0.03067	 Recall: 0.06754	NDCG: 0.05569
The time for epoch 72 is: train time = 00: 00: 36, test time = 00: 00: 08
Loss = 73.01410, F1-score: 0.041901 	 Precision: 0.03049	 Recall: 0.06696	NDCG: 0.05535
The time for epoch 73 is: train time = 00: 00: 36, test time = 00: 00: 08
Loss = 72.72863, F1-score: 0.041978 	 Precision: 0.03054	 Recall: 0.06714	NDCG: 0.05558
The time for epoch 74 is: train time = 00: 00: 37, test time = 00: 00: 08
Loss = 74.95103, F1-score: 0.042043 	 Precision: 0.03058	 Recall: 0.06725	NDCG: 0.05549
Training end!
Training with beta:  0.9370076133793354
Total training batches = 1209
The time for epoch 0 is: train time = 00: 00: 37, test time = 00: 00: 08
Loss = 115.74113, F1-score: 0.007393 	 Precision: 0.00524	 Recall: 0.01253	NDCG: 0.01009
The time for epoch 1 is: train time = 00: 00: 36, test time = 00: 00: 08
Loss = 97.98569, F1-score: 0.007368 	 Precision: 0.00522	 Recall: 0.01250	NDCG: 0.00996
The time for epoch 2 is: train time = 00: 00: 38, test time = 00: 00: 08
Loss = 86.02843, F1-score: 0.007542 	 Precision: 0.00534	 Recall: 0.01283	NDCG: 0.01014
The time for epoch 3 is: train time = 00: 00: 36, test time = 00: 00: 08
Loss = 78.00912, F1-score: 0.007255 	 Precision: 0.00514	 Recall: 0.01233	NDCG: 0.00998
The time for epoch 4 is: train time = 00: 00: 36, test time = 00: 00: 08
Loss = 76.34881, F1-score: 0.007287 	 Precision: 0.00515	 Recall: 0.01245	NDCG: 0.01011
The time for epoch 5 is: train time = 00: 00: 36, test time = 00: 00: 08
Loss = 72.96392, F1-score: 0.007052 	 Precision: 0.00501	 Recall: 0.01189	NDCG: 0.00931
The time for epoch 6 is: train time = 00: 00: 37, test time = 00: 00: 08
Loss = 69.07523, F1-score: 0.007396 	 Precision: 0.00523	 Recall: 0.01264	NDCG: 0.00995
The time for epoch 7 is: train time = 00: 00: 37, test time = 00: 00: 08
Loss = 69.38892, F1-score: 0.007498 	 Precision: 0.00530	 Recall: 0.01282	NDCG: 0.01033
The time for epoch 8 is: train time = 00: 00: 38, test time = 00: 00: 08
Loss = 68.90106, F1-score: 0.007391 	 Precision: 0.00524	 Recall: 0.01256	NDCG: 0.00991
The time for epoch 9 is: train time = 00: 00: 36, test time = 00: 00: 08
Loss = 71.11338, F1-score: 0.007226 	 Precision: 0.00512	 Recall: 0.01226	NDCG: 0.00994
The time for epoch 10 is: train time = 00: 00: 37, test time = 00: 00: 08
Loss = 66.49760, F1-score: 0.007401 	 Precision: 0.00525	 Recall: 0.01257	NDCG: 0.01005
The time for epoch 11 is: train time = 00: 00: 38, test time = 00: 00: 08
Loss = 70.00799, F1-score: 0.008197 	 Precision: 0.00593	 Recall: 0.01325	NDCG: 0.01070
The time for epoch 12 is: train time = 00: 00: 38, test time = 00: 00: 08
Loss = 68.12196, F1-score: 0.011241 	 Precision: 0.00855	 Recall: 0.01639	NDCG: 0.01425
The time for epoch 13 is: train time = 00: 00: 38, test time = 00: 00: 08
Loss = 64.73007, F1-score: 0.015619 	 Precision: 0.01182	 Recall: 0.02300	NDCG: 0.01955
The time for epoch 14 is: train time = 00: 00: 38, test time = 00: 00: 08
Loss = 65.06758, F1-score: 0.018951 	 Precision: 0.01421	 Recall: 0.02846	NDCG: 0.02439
The time for epoch 15 is: train time = 00: 00: 38, test time = 00: 00: 08
Loss = 67.45390, F1-score: 0.020811 	 Precision: 0.01546	 Recall: 0.03184	NDCG: 0.02683
The time for epoch 16 is: train time = 00: 00: 37, test time = 00: 00: 08
Loss = 68.17680, F1-score: 0.021618 	 Precision: 0.01602	 Recall: 0.03324	NDCG: 0.02799
The time for epoch 17 is: train time = 00: 00: 38, test time = 00: 00: 08
Loss = 69.75522, F1-score: 0.022666 	 Precision: 0.01675	 Recall: 0.03503	NDCG: 0.02940
The time for epoch 18 is: train time = 00: 00: 39, test time = 00: 00: 08
Loss = 69.05466, F1-score: 0.024125 	 Precision: 0.01784	 Recall: 0.03726	NDCG: 0.03086
The time for epoch 19 is: train time = 00: 00: 38, test time = 00: 00: 08
Loss = 67.07983, F1-score: 0.025168 	 Precision: 0.01860	 Recall: 0.03890	NDCG: 0.03209
The time for epoch 20 is: train time = 00: 00: 38, test time = 00: 00: 08
Loss = 66.75684, F1-score: 0.026037 	 Precision: 0.01922	 Recall: 0.04036	NDCG: 0.03325
The time for epoch 21 is: train time = 00: 00: 38, test time = 00: 00: 08
Loss = 69.10389, F1-score: 0.026920 	 Precision: 0.01984	 Recall: 0.04184	NDCG: 0.03468
The time for epoch 22 is: train time = 00: 00: 38, test time = 00: 00: 08
Loss = 64.46241, F1-score: 0.027786 	 Precision: 0.02049	 Recall: 0.04315	NDCG: 0.03560
The time for epoch 23 is: train time = 00: 00: 37, test time = 00: 00: 08
Loss = 67.34187, F1-score: 0.028493 	 Precision: 0.02098	 Recall: 0.04437	NDCG: 0.03693
The time for epoch 24 is: train time = 00: 00: 38, test time = 00: 00: 08
Loss = 68.39948, F1-score: 0.029305 	 Precision: 0.02154	 Recall: 0.04584	NDCG: 0.03780
The time for epoch 25 is: train time = 00: 00: 38, test time = 00: 00: 08
Loss = 71.29470, F1-score: 0.029764 	 Precision: 0.02185	 Recall: 0.04665	NDCG: 0.03855
The time for epoch 26 is: train time = 00: 00: 38, test time = 00: 00: 08
Loss = 69.77056, F1-score: 0.030521 	 Precision: 0.02238	 Recall: 0.04796	NDCG: 0.03932
The time for epoch 27 is: train time = 00: 00: 38, test time = 00: 00: 08
Loss = 69.66839, F1-score: 0.031576 	 Precision: 0.02313	 Recall: 0.04973	NDCG: 0.04083
The time for epoch 28 is: train time = 00: 00: 38, test time = 00: 00: 08
Loss = 69.41296, F1-score: 0.031926 	 Precision: 0.02336	 Recall: 0.05042	NDCG: 0.04117
The time for epoch 29 is: train time = 00: 00: 38, test time = 00: 00: 08
Loss = 69.35912, F1-score: 0.032313 	 Precision: 0.02360	 Recall: 0.05123	NDCG: 0.04206
The time for epoch 30 is: train time = 00: 00: 38, test time = 00: 00: 08
Loss = 67.49310, F1-score: 0.032674 	 Precision: 0.02386	 Recall: 0.05180	NDCG: 0.04271
The time for epoch 31 is: train time = 00: 00: 38, test time = 00: 00: 08
Loss = 70.35930, F1-score: 0.033522 	 Precision: 0.02450	 Recall: 0.05304	NDCG: 0.04376
The time for epoch 32 is: train time = 00: 00: 38, test time = 00: 00: 08
Loss = 67.51484, F1-score: 0.033806 	 Precision: 0.02467	 Recall: 0.05370	NDCG: 0.04417
The time for epoch 33 is: train time = 00: 00: 38, test time = 00: 00: 08
Loss = 71.87521, F1-score: 0.034307 	 Precision: 0.02502	 Recall: 0.05455	NDCG: 0.04498
The time for epoch 34 is: train time = 00: 00: 38, test time = 00: 00: 08
Loss = 71.07475, F1-score: 0.034748 	 Precision: 0.02538	 Recall: 0.05510	NDCG: 0.04498
The time for epoch 35 is: train time = 00: 00: 38, test time = 00: 00: 08
Loss = 67.20223, F1-score: 0.035087 	 Precision: 0.02557	 Recall: 0.05588	NDCG: 0.04577
The time for epoch 36 is: train time = 00: 00: 37, test time = 00: 00: 08
Loss = 68.32617, F1-score: 0.035341 	 Precision: 0.02577	 Recall: 0.05621	NDCG: 0.04626
The time for epoch 37 is: train time = 00: 00: 39, test time = 00: 00: 08
Loss = 70.32053, F1-score: 0.036021 	 Precision: 0.02627	 Recall: 0.05729	NDCG: 0.04718
The time for epoch 38 is: train time = 00: 00: 39, test time = 00: 00: 08
Loss = 69.27665, F1-score: 0.036222 	 Precision: 0.02639	 Recall: 0.05773	NDCG: 0.04745
The time for epoch 39 is: train time = 00: 00: 38, test time = 00: 00: 08
Loss = 69.98428, F1-score: 0.036716 	 Precision: 0.02679	 Recall: 0.05832	NDCG: 0.04818
The time for epoch 40 is: train time = 00: 00: 38, test time = 00: 00: 08
Loss = 72.53503, F1-score: 0.036874 	 Precision: 0.02687	 Recall: 0.05874	NDCG: 0.04854
The time for epoch 41 is: train time = 00: 00: 37, test time = 00: 00: 08
Loss = 69.74150, F1-score: 0.037489 	 Precision: 0.02733	 Recall: 0.05968	NDCG: 0.04929
The time for epoch 42 is: train time = 00: 00: 38, test time = 00: 00: 08
Loss = 69.12749, F1-score: 0.037789 	 Precision: 0.02753	 Recall: 0.06023	NDCG: 0.04959
The time for epoch 43 is: train time = 00: 00: 38, test time = 00: 00: 08
Loss = 72.20367, F1-score: 0.037909 	 Precision: 0.02762	 Recall: 0.06043	NDCG: 0.04991
The time for epoch 44 is: train time = 00: 00: 38, test time = 00: 00: 08
Loss = 70.52776, F1-score: 0.038090 	 Precision: 0.02775	 Recall: 0.06071	NDCG: 0.05014
The time for epoch 45 is: train time = 00: 00: 38, test time = 00: 00: 08
Loss = 70.79445, F1-score: 0.038392 	 Precision: 0.02799	 Recall: 0.06111	NDCG: 0.05063
The time for epoch 46 is: train time = 00: 00: 38, test time = 00: 00: 08
Loss = 71.17792, F1-score: 0.038696 	 Precision: 0.02817	 Recall: 0.06179	NDCG: 0.05109
The time for epoch 47 is: train time = 00: 00: 37, test time = 00: 00: 08
Loss = 72.07601, F1-score: 0.038960 	 Precision: 0.02840	 Recall: 0.06204	NDCG: 0.05134
The time for epoch 48 is: train time = 00: 00: 38, test time = 00: 00: 08
Loss = 73.32940, F1-score: 0.039167 	 Precision: 0.02854	 Recall: 0.06241	NDCG: 0.05153
The time for epoch 49 is: train time = 00: 00: 38, test time = 00: 00: 08
Loss = 71.74613, F1-score: 0.039003 	 Precision: 0.02842	 Recall: 0.06216	NDCG: 0.05143
The time for epoch 50 is: train time = 00: 00: 38, test time = 00: 00: 08
Loss = 70.23479, F1-score: 0.039626 	 Precision: 0.02890	 Recall: 0.06302	NDCG: 0.05225
The time for epoch 51 is: train time = 00: 00: 38, test time = 00: 00: 08
Loss = 73.79573, F1-score: 0.039848 	 Precision: 0.02902	 Recall: 0.06354	NDCG: 0.05231
The time for epoch 52 is: train time = 00: 00: 38, test time = 00: 00: 08
Loss = 71.29606, F1-score: 0.039897 	 Precision: 0.02907	 Recall: 0.06357	NDCG: 0.05244
The time for epoch 53 is: train time = 00: 00: 38, test time = 00: 00: 08
Loss = 71.66229, F1-score: 0.040132 	 Precision: 0.02925	 Recall: 0.06389	NDCG: 0.05251
The time for epoch 54 is: train time = 00: 00: 38, test time = 00: 00: 08
Loss = 70.43077, F1-score: 0.040274 	 Precision: 0.02932	 Recall: 0.06429	NDCG: 0.05314
The time for epoch 55 is: train time = 00: 00: 38, test time = 00: 00: 08
Loss = 72.55421, F1-score: 0.040408 	 Precision: 0.02945	 Recall: 0.06434	NDCG: 0.05323
The time for epoch 56 is: train time = 00: 00: 38, test time = 00: 00: 08
Loss = 70.09108, F1-score: 0.040667 	 Precision: 0.02961	 Recall: 0.06492	NDCG: 0.05348
The time for epoch 57 is: train time = 00: 00: 38, test time = 00: 00: 08
Loss = 70.37354, F1-score: 0.040718 	 Precision: 0.02962	 Recall: 0.06511	NDCG: 0.05329
The time for epoch 58 is: train time = 00: 00: 37, test time = 00: 00: 08
Loss = 71.67387, F1-score: 0.040848 	 Precision: 0.02975	 Recall: 0.06516	NDCG: 0.05376
The time for epoch 59 is: train time = 00: 00: 39, test time = 00: 00: 08
Loss = 71.88905, F1-score: 0.041054 	 Precision: 0.02990	 Recall: 0.06547	NDCG: 0.05401
The time for epoch 60 is: train time = 00: 00: 38, test time = 00: 00: 08
Loss = 69.40232, F1-score: 0.041340 	 Precision: 0.03007	 Recall: 0.06611	NDCG: 0.05447
The time for epoch 61 is: train time = 00: 00: 38, test time = 00: 00: 08
Loss = 74.34258, F1-score: 0.041228 	 Precision: 0.03000	 Recall: 0.06588	NDCG: 0.05433
The time for epoch 62 is: train time = 00: 00: 38, test time = 00: 00: 08
Loss = 73.50697, F1-score: 0.041176 	 Precision: 0.02996	 Recall: 0.06581	NDCG: 0.05421
The time for epoch 63 is: train time = 00: 00: 38, test time = 00: 00: 08
Loss = 75.38775, F1-score: 0.041331 	 Precision: 0.03010	 Recall: 0.06591	NDCG: 0.05449
The time for epoch 64 is: train time = 00: 00: 38, test time = 00: 00: 08
Loss = 70.37479, F1-score: 0.041656 	 Precision: 0.03031	 Recall: 0.06659	NDCG: 0.05485
The time for epoch 65 is: train time = 00: 00: 38, test time = 00: 00: 08
Loss = 73.28363, F1-score: 0.041374 	 Precision: 0.03013	 Recall: 0.06599	NDCG: 0.05445
The time for epoch 66 is: train time = 00: 00: 38, test time = 00: 00: 08
Loss = 72.61986, F1-score: 0.041546 	 Precision: 0.03025	 Recall: 0.06632	NDCG: 0.05468
The time for epoch 67 is: train time = 00: 00: 38, test time = 00: 00: 08
Loss = 72.26649, F1-score: 0.041660 	 Precision: 0.03031	 Recall: 0.06659	NDCG: 0.05492
The time for epoch 68 is: train time = 00: 00: 37, test time = 00: 00: 08
Loss = 72.52856, F1-score: 0.041760 	 Precision: 0.03039	 Recall: 0.06674	NDCG: 0.05507
The time for epoch 69 is: train time = 00: 00: 40, test time = 00: 00: 14
Loss = 72.88410, F1-score: 0.041675 	 Precision: 0.03036	 Recall: 0.06643	NDCG: 0.05503
The time for epoch 70 is: train time = 00: 00: 38, test time = 00: 00: 08
Loss = 74.73182, F1-score: 0.041787 	 Precision: 0.03043	 Recall: 0.06668	NDCG: 0.05513
The time for epoch 71 is: train time = 00: 00: 37, test time = 00: 00: 08
Loss = 75.66033, F1-score: 0.042024 	 Precision: 0.03058	 Recall: 0.06714	NDCG: 0.05546
The time for epoch 72 is: train time = 00: 00: 38, test time = 00: 00: 08
Loss = 73.64977, F1-score: 0.041906 	 Precision: 0.03049	 Recall: 0.06698	NDCG: 0.05524
The time for epoch 73 is: train time = 00: 00: 38, test time = 00: 00: 08
Loss = 73.06163, F1-score: 0.041731 	 Precision: 0.03035	 Recall: 0.06675	NDCG: 0.05510
The time for epoch 74 is: train time = 00: 00: 38, test time = 00: 00: 08
Loss = 72.60196, F1-score: 0.041815 	 Precision: 0.03041	 Recall: 0.06690	NDCG: 0.05500
Training end!
Training with beta:  0.9168955733415564
Total training batches = 1209
The time for epoch 0 is: train time = 00: 00: 38, test time = 00: 00: 08
Loss = 117.82527, F1-score: 0.007624 	 Precision: 0.00541	 Recall: 0.01288	NDCG: 0.01028
The time for epoch 1 is: train time = 00: 00: 38, test time = 00: 00: 08
Loss = 97.88200, F1-score: 0.007365 	 Precision: 0.00521	 Recall: 0.01256	NDCG: 0.01013
The time for epoch 2 is: train time = 00: 00: 38, test time = 00: 00: 08
Loss = 86.37967, F1-score: 0.007465 	 Precision: 0.00528	 Recall: 0.01272	NDCG: 0.01001
The time for epoch 3 is: train time = 00: 00: 39, test time = 00: 00: 08
Loss = 78.25143, F1-score: 0.007365 	 Precision: 0.00523	 Recall: 0.01245	NDCG: 0.01016
The time for epoch 4 is: train time = 00: 00: 38, test time = 00: 00: 08
Loss = 75.94981, F1-score: 0.007261 	 Precision: 0.00515	 Recall: 0.01231	NDCG: 0.00999
The time for epoch 5 is: train time = 00: 00: 38, test time = 00: 00: 08
Loss = 73.03027, F1-score: 0.007534 	 Precision: 0.00534	 Recall: 0.01277	NDCG: 0.01031
The time for epoch 6 is: train time = 00: 00: 38, test time = 00: 00: 08
Loss = 73.86095, F1-score: 0.007267 	 Precision: 0.00514	 Recall: 0.01241	NDCG: 0.01009
The time for epoch 7 is: train time = 00: 00: 38, test time = 00: 00: 08
Loss = 72.07776, F1-score: 0.007369 	 Precision: 0.00522	 Recall: 0.01255	NDCG: 0.00993
The time for epoch 8 is: train time = 00: 00: 38, test time = 00: 00: 08
Loss = 67.57177, F1-score: 0.007399 	 Precision: 0.00524	 Recall: 0.01258	NDCG: 0.01022
The time for epoch 9 is: train time = 00: 00: 38, test time = 00: 00: 08
Loss = 66.84409, F1-score: 0.007430 	 Precision: 0.00527	 Recall: 0.01261	NDCG: 0.01013
The time for epoch 10 is: train time = 00: 00: 38, test time = 00: 00: 08
Loss = 68.34870, F1-score: 0.007496 	 Precision: 0.00533	 Recall: 0.01261	NDCG: 0.00969
The time for epoch 11 is: train time = 00: 00: 38, test time = 00: 00: 08
Loss = 67.63670, F1-score: 0.008591 	 Precision: 0.00626	 Recall: 0.01368	NDCG: 0.01134
The time for epoch 12 is: train time = 00: 00: 38, test time = 00: 00: 08
Loss = 71.83452, F1-score: 0.011412 	 Precision: 0.00858	 Recall: 0.01702	NDCG: 0.01491
The time for epoch 13 is: train time = 00: 00: 38, test time = 00: 00: 08
Loss = 66.77576, F1-score: 0.016420 	 Precision: 0.01244	 Recall: 0.02413	NDCG: 0.02098
The time for epoch 14 is: train time = 00: 00: 38, test time = 00: 00: 08
Loss = 67.89064, F1-score: 0.019567 	 Precision: 0.01461	 Recall: 0.02962	NDCG: 0.02495
The time for epoch 15 is: train time = 00: 00: 38, test time = 00: 00: 08
Loss = 68.80546, F1-score: 0.020897 	 Precision: 0.01552	 Recall: 0.03199	NDCG: 0.02673
The time for epoch 16 is: train time = 00: 00: 37, test time = 00: 00: 08
Loss = 71.27345, F1-score: 0.021971 	 Precision: 0.01628	 Recall: 0.03380	NDCG: 0.02808
The time for epoch 17 is: train time = 00: 00: 38, test time = 00: 00: 08
Loss = 66.89932, F1-score: 0.022595 	 Precision: 0.01669	 Recall: 0.03496	NDCG: 0.02925
The time for epoch 18 is: train time = 00: 00: 38, test time = 00: 00: 08
Loss = 68.55229, F1-score: 0.023772 	 Precision: 0.01758	 Recall: 0.03668	NDCG: 0.03060
The time for epoch 19 is: train time = 00: 00: 38, test time = 00: 00: 08
Loss = 69.17883, F1-score: 0.025222 	 Precision: 0.01860	 Recall: 0.03915	NDCG: 0.03212
The time for epoch 20 is: train time = 00: 00: 38, test time = 00: 00: 08
Loss = 67.20401, F1-score: 0.025748 	 Precision: 0.01899	 Recall: 0.03996	NDCG: 0.03289
The time for epoch 21 is: train time = 00: 00: 38, test time = 00: 00: 08
Loss = 64.94782, F1-score: 0.026869 	 Precision: 0.01984	 Recall: 0.04160	NDCG: 0.03433
The time for epoch 22 is: train time = 00: 00: 37, test time = 00: 00: 08
Loss = 64.42899, F1-score: 0.027475 	 Precision: 0.02026	 Recall: 0.04268	NDCG: 0.03556
The time for epoch 23 is: train time = 00: 00: 37, test time = 00: 00: 08
Loss = 67.73430, F1-score: 0.028548 	 Precision: 0.02103	 Recall: 0.04444	NDCG: 0.03678
The time for epoch 24 is: train time = 00: 00: 38, test time = 00: 00: 08
Loss = 70.80387, F1-score: 0.028992 	 Precision: 0.02131	 Recall: 0.04534	NDCG: 0.03747
The time for epoch 25 is: train time = 00: 00: 38, test time = 00: 00: 08
Loss = 66.66451, F1-score: 0.029678 	 Precision: 0.02182	 Recall: 0.04637	NDCG: 0.03837
The time for epoch 26 is: train time = 00: 00: 38, test time = 00: 00: 08
Loss = 68.15404, F1-score: 0.030382 	 Precision: 0.02226	 Recall: 0.04783	NDCG: 0.03941
The time for epoch 27 is: train time = 00: 00: 37, test time = 00: 00: 08
Loss = 71.47322, F1-score: 0.030897 	 Precision: 0.02266	 Recall: 0.04853	NDCG: 0.04010
The time for epoch 28 is: train time = 00: 00: 38, test time = 00: 00: 08
Loss = 71.39862, F1-score: 0.031372 	 Precision: 0.02296	 Recall: 0.04953	NDCG: 0.04064
The time for epoch 29 is: train time = 00: 00: 38, test time = 00: 00: 08
Loss = 72.14458, F1-score: 0.032297 	 Precision: 0.02362	 Recall: 0.05107	NDCG: 0.04225
The time for epoch 30 is: train time = 00: 00: 38, test time = 00: 00: 08
Loss = 67.50899, F1-score: 0.032718 	 Precision: 0.02390	 Recall: 0.05183	NDCG: 0.04283
The time for epoch 31 is: train time = 00: 00: 38, test time = 00: 00: 08
Loss = 73.15611, F1-score: 0.032943 	 Precision: 0.02405	 Recall: 0.05228	NDCG: 0.04286
The time for epoch 32 is: train time = 00: 00: 37, test time = 00: 00: 08
Loss = 70.31380, F1-score: 0.033365 	 Precision: 0.02434	 Recall: 0.05301	NDCG: 0.04355
The time for epoch 33 is: train time = 00: 00: 38, test time = 00: 00: 08
Loss = 70.21298, F1-score: 0.034318 	 Precision: 0.02501	 Recall: 0.05465	NDCG: 0.04485
The time for epoch 34 is: train time = 00: 00: 38, test time = 00: 00: 08
Loss = 69.83620, F1-score: 0.034576 	 Precision: 0.02524	 Recall: 0.05486	NDCG: 0.04525
The time for epoch 35 is: train time = 00: 00: 38, test time = 00: 00: 08
Loss = 70.28078, F1-score: 0.035140 	 Precision: 0.02567	 Recall: 0.05566	NDCG: 0.04608
The time for epoch 36 is: train time = 00: 00: 38, test time = 00: 00: 08
Loss = 66.85987, F1-score: 0.035276 	 Precision: 0.02574	 Recall: 0.05603	NDCG: 0.04619
The time for epoch 37 is: train time = 00: 00: 37, test time = 00: 00: 08
Loss = 68.75755, F1-score: 0.035637 	 Precision: 0.02598	 Recall: 0.05672	NDCG: 0.04666
The time for epoch 38 is: train time = 00: 00: 38, test time = 00: 00: 08
Loss = 67.90824, F1-score: 0.036326 	 Precision: 0.02647	 Recall: 0.05789	NDCG: 0.04773
The time for epoch 39 is: train time = 00: 00: 38, test time = 00: 00: 08
Loss = 68.88740, F1-score: 0.036471 	 Precision: 0.02660	 Recall: 0.05801	NDCG: 0.04805
The time for epoch 40 is: train time = 00: 00: 38, test time = 00: 00: 08
Loss = 70.56118, F1-score: 0.036819 	 Precision: 0.02684	 Recall: 0.05861	NDCG: 0.04842
The time for epoch 41 is: train time = 00: 00: 38, test time = 00: 00: 08
Loss = 69.88892, F1-score: 0.037302 	 Precision: 0.02719	 Recall: 0.05940	NDCG: 0.04905
The time for epoch 42 is: train time = 00: 00: 38, test time = 00: 00: 08
Loss = 70.61612, F1-score: 0.037468 	 Precision: 0.02734	 Recall: 0.05952	NDCG: 0.04916
The time for epoch 43 is: train time = 00: 00: 38, test time = 00: 00: 08
Loss = 73.73608, F1-score: 0.037735 	 Precision: 0.02751	 Recall: 0.06007	NDCG: 0.04964
The time for epoch 44 is: train time = 00: 00: 39, test time = 00: 00: 08
Loss = 69.94945, F1-score: 0.038205 	 Precision: 0.02784	 Recall: 0.06085	NDCG: 0.05042
The time for epoch 45 is: train time = 00: 00: 39, test time = 00: 00: 08
Loss = 69.54384, F1-score: 0.038341 	 Precision: 0.02792	 Recall: 0.06116	NDCG: 0.05043
The time for epoch 46 is: train time = 00: 00: 40, test time = 00: 00: 08
Loss = 70.26431, F1-score: 0.038516 	 Precision: 0.02809	 Recall: 0.06126	NDCG: 0.05074
The time for epoch 47 is: train time = 00: 00: 38, test time = 00: 00: 08
Loss = 72.39177, F1-score: 0.038999 	 Precision: 0.02840	 Recall: 0.06221	NDCG: 0.05128
The time for epoch 48 is: train time = 00: 00: 38, test time = 00: 00: 08
Loss = 72.92414, F1-score: 0.038907 	 Precision: 0.02833	 Recall: 0.06210	NDCG: 0.05144
The time for epoch 49 is: train time = 00: 00: 38, test time = 00: 00: 08
Loss = 70.52397, F1-score: 0.039442 	 Precision: 0.02873	 Recall: 0.06291	NDCG: 0.05189
The time for epoch 50 is: train time = 00: 00: 38, test time = 00: 00: 08
Loss = 70.99561, F1-score: 0.039601 	 Precision: 0.02883	 Recall: 0.06321	NDCG: 0.05208
The time for epoch 51 is: train time = 00: 00: 38, test time = 00: 00: 08
Loss = 71.15360, F1-score: 0.039618 	 Precision: 0.02886	 Recall: 0.06318	NDCG: 0.05244
The time for epoch 52 is: train time = 00: 00: 38, test time = 00: 00: 08
Loss = 71.51649, F1-score: 0.039743 	 Precision: 0.02896	 Recall: 0.06331	NDCG: 0.05241
The time for epoch 53 is: train time = 00: 00: 38, test time = 00: 00: 08
Loss = 70.71152, F1-score: 0.039944 	 Precision: 0.02910	 Recall: 0.06368	NDCG: 0.05265
The time for epoch 54 is: train time = 00: 00: 38, test time = 00: 00: 08
Loss = 70.00167, F1-score: 0.040390 	 Precision: 0.02939	 Recall: 0.06456	NDCG: 0.05338
The time for epoch 55 is: train time = 00: 00: 37, test time = 00: 00: 08
Loss = 70.87720, F1-score: 0.040153 	 Precision: 0.02924	 Recall: 0.06405	NDCG: 0.05301
The time for epoch 56 is: train time = 00: 00: 38, test time = 00: 00: 08
Loss = 73.29056, F1-score: 0.040682 	 Precision: 0.02963	 Recall: 0.06489	NDCG: 0.05372
The time for epoch 57 is: train time = 00: 00: 38, test time = 00: 00: 08
Loss = 72.51670, F1-score: 0.040814 	 Precision: 0.02972	 Recall: 0.06514	NDCG: 0.05382
The time for epoch 58 is: train time = 00: 00: 38, test time = 00: 00: 08
Loss = 72.62593, F1-score: 0.040919 	 Precision: 0.02978	 Recall: 0.06535	NDCG: 0.05386
The time for epoch 59 is: train time = 00: 00: 38, test time = 00: 00: 08
Loss = 71.93669, F1-score: 0.041114 	 Precision: 0.02992	 Recall: 0.06570	NDCG: 0.05417
The time for epoch 60 is: train time = 00: 00: 37, test time = 00: 00: 08
Loss = 72.79498, F1-score: 0.041189 	 Precision: 0.02996	 Recall: 0.06589	NDCG: 0.05416
The time for epoch 61 is: train time = 00: 00: 38, test time = 00: 00: 08
Loss = 73.16525, F1-score: 0.041088 	 Precision: 0.02992	 Recall: 0.06558	NDCG: 0.05410
The time for epoch 62 is: train time = 00: 00: 38, test time = 00: 00: 08
Loss = 71.63519, F1-score: 0.041337 	 Precision: 0.03009	 Recall: 0.06602	NDCG: 0.05464
The time for epoch 63 is: train time = 00: 00: 38, test time = 00: 00: 08
Loss = 71.53438, F1-score: 0.041652 	 Precision: 0.03031	 Recall: 0.06657	NDCG: 0.05512
The time for epoch 64 is: train time = 00: 00: 38, test time = 00: 00: 08
Loss = 74.54160, F1-score: 0.041497 	 Precision: 0.03020	 Recall: 0.06628	NDCG: 0.05470
The time for epoch 65 is: train time = 00: 00: 38, test time = 00: 00: 08
Loss = 72.49848, F1-score: 0.041719 	 Precision: 0.03036	 Recall: 0.06667	NDCG: 0.05515
The time for epoch 66 is: train time = 00: 00: 38, test time = 00: 00: 08
Loss = 74.86458, F1-score: 0.041731 	 Precision: 0.03037	 Recall: 0.06669	NDCG: 0.05536
The time for epoch 67 is: train time = 00: 00: 38, test time = 00: 00: 08
Loss = 75.69542, F1-score: 0.041844 	 Precision: 0.03044	 Recall: 0.06691	NDCG: 0.05527
The time for epoch 68 is: train time = 00: 00: 38, test time = 00: 00: 08
Loss = 72.99303, F1-score: 0.041841 	 Precision: 0.03044	 Recall: 0.06689	NDCG: 0.05533
The time for epoch 69 is: train time = 00: 00: 38, test time = 00: 00: 08
Loss = 74.40645, F1-score: 0.041907 	 Precision: 0.03046	 Recall: 0.06715	NDCG: 0.05525
The time for epoch 70 is: train time = 00: 00: 38, test time = 00: 00: 08
Loss = 73.62530, F1-score: 0.041979 	 Precision: 0.03053	 Recall: 0.06715	NDCG: 0.05571
The time for epoch 71 is: train time = 00: 00: 38, test time = 00: 00: 08
Loss = 71.61488, F1-score: 0.041992 	 Precision: 0.03052	 Recall: 0.06728	NDCG: 0.05547
The time for epoch 72 is: train time = 00: 00: 38, test time = 00: 00: 08
Loss = 73.04554, F1-score: 0.042378 	 Precision: 0.03080	 Recall: 0.06789	NDCG: 0.05581
The time for epoch 73 is: train time = 00: 00: 38, test time = 00: 00: 08
Loss = 74.22740, F1-score: 0.042055 	 Precision: 0.03055	 Recall: 0.06745	NDCG: 0.05563
The time for epoch 74 is: train time = 00: 00: 38, test time = 00: 00: 08
Loss = 75.94275, F1-score: 0.042272 	 Precision: 0.03072	 Recall: 0.06775	NDCG: 0.05600
Training end!
Training with beta:  0.9599502484758489
Total training batches = 1209
The time for epoch 0 is: train time = 00: 00: 38, test time = 00: 00: 08
Loss = 116.77008, F1-score: 0.007509 	 Precision: 0.00534	 Recall: 0.01267	NDCG: 0.01013
The time for epoch 1 is: train time = 00: 00: 38, test time = 00: 00: 08
Loss = 93.69170, F1-score: 0.007660 	 Precision: 0.00543	 Recall: 0.01298	NDCG: 0.01019
The time for epoch 2 is: train time = 00: 00: 38, test time = 00: 00: 08
Loss = 86.21959, F1-score: 0.007165 	 Precision: 0.00510	 Recall: 0.01205	NDCG: 0.00973
The time for epoch 3 is: train time = 00: 00: 38, test time = 00: 00: 08
Loss = 79.49879, F1-score: 0.007334 	 Precision: 0.00519	 Recall: 0.01247	NDCG: 0.01009
The time for epoch 4 is: train time = 00: 00: 38, test time = 00: 00: 08
Loss = 74.15862, F1-score: 0.007221 	 Precision: 0.00511	 Recall: 0.01228	NDCG: 0.01009
The time for epoch 5 is: train time = 00: 00: 38, test time = 00: 00: 16
Loss = 74.85401, F1-score: 0.007542 	 Precision: 0.00534	 Recall: 0.01283	NDCG: 0.01016
The time for epoch 6 is: train time = 00: 00: 43, test time = 00: 00: 08
Loss = 69.66337, F1-score: 0.007171 	 Precision: 0.00508	 Recall: 0.01220	NDCG: 0.00944
The time for epoch 7 is: train time = 00: 00: 38, test time = 00: 00: 08
Loss = 67.54010, F1-score: 0.007357 	 Precision: 0.00522	 Recall: 0.01243	NDCG: 0.01011
The time for epoch 8 is: train time = 00: 00: 38, test time = 00: 00: 08
Loss = 68.94627, F1-score: 0.007349 	 Precision: 0.00520	 Recall: 0.01251	NDCG: 0.01001
The time for epoch 9 is: train time = 00: 00: 38, test time = 00: 00: 08
Loss = 65.29182, F1-score: 0.007310 	 Precision: 0.00516	 Recall: 0.01250	NDCG: 0.01002
The time for epoch 10 is: train time = 00: 00: 38, test time = 00: 00: 08
Loss = 69.18504, F1-score: 0.007676 	 Precision: 0.00546	 Recall: 0.01290	NDCG: 0.01037
The time for epoch 11 is: train time = 00: 00: 38, test time = 00: 00: 08
Loss = 64.71465, F1-score: 0.008854 	 Precision: 0.00649	 Recall: 0.01394	NDCG: 0.01191
The time for epoch 12 is: train time = 00: 00: 38, test time = 00: 00: 08
Loss = 66.49338, F1-score: 0.011680 	 Precision: 0.00878	 Recall: 0.01744	NDCG: 0.01504
The time for epoch 13 is: train time = 00: 00: 38, test time = 00: 00: 08
Loss = 67.34428, F1-score: 0.016826 	 Precision: 0.01271	 Recall: 0.02487	NDCG: 0.02156
The time for epoch 14 is: train time = 00: 00: 38, test time = 00: 00: 08
Loss = 68.54505, F1-score: 0.019697 	 Precision: 0.01469	 Recall: 0.02987	NDCG: 0.02538
The time for epoch 15 is: train time = 00: 00: 38, test time = 00: 00: 08
Loss = 63.78218, F1-score: 0.021249 	 Precision: 0.01576	 Recall: 0.03262	NDCG: 0.02726
The time for epoch 16 is: train time = 00: 00: 38, test time = 00: 00: 08
Loss = 68.72208, F1-score: 0.022081 	 Precision: 0.01637	 Recall: 0.03391	NDCG: 0.02855
The time for epoch 17 is: train time = 00: 00: 39, test time = 00: 00: 08
Loss = 68.68950, F1-score: 0.023244 	 Precision: 0.01720	 Recall: 0.03585	NDCG: 0.03010
The time for epoch 18 is: train time = 00: 00: 38, test time = 00: 00: 08
Loss = 67.48278, F1-score: 0.024567 	 Precision: 0.01814	 Recall: 0.03803	NDCG: 0.03156
The time for epoch 19 is: train time = 00: 00: 38, test time = 00: 00: 08
Loss = 65.68901, F1-score: 0.025756 	 Precision: 0.01900	 Recall: 0.03998	NDCG: 0.03287
The time for epoch 20 is: train time = 00: 00: 38, test time = 00: 00: 08
Loss = 67.08290, F1-score: 0.026229 	 Precision: 0.01936	 Recall: 0.04065	NDCG: 0.03357
The time for epoch 21 is: train time = 00: 00: 38, test time = 00: 00: 08
Loss = 65.98795, F1-score: 0.027618 	 Precision: 0.02037	 Recall: 0.04288	NDCG: 0.03558
The time for epoch 22 is: train time = 00: 00: 38, test time = 00: 00: 08
Loss = 67.82022, F1-score: 0.028300 	 Precision: 0.02085	 Recall: 0.04404	NDCG: 0.03628
The time for epoch 23 is: train time = 00: 00: 38, test time = 00: 00: 08
Loss = 68.28657, F1-score: 0.029004 	 Precision: 0.02131	 Recall: 0.04537	NDCG: 0.03737
The time for epoch 24 is: train time = 00: 00: 38, test time = 00: 00: 08
Loss = 67.52609, F1-score: 0.029469 	 Precision: 0.02163	 Recall: 0.04623	NDCG: 0.03813
The time for epoch 25 is: train time = 00: 00: 39, test time = 00: 00: 08
Loss = 68.05008, F1-score: 0.030392 	 Precision: 0.02229	 Recall: 0.04774	NDCG: 0.03911
The time for epoch 26 is: train time = 00: 00: 38, test time = 00: 00: 08
Loss = 68.37819, F1-score: 0.031036 	 Precision: 0.02272	 Recall: 0.04893	NDCG: 0.04001
The time for epoch 27 is: train time = 00: 00: 38, test time = 00: 00: 11
Loss = 69.59922, F1-score: 0.031596 	 Precision: 0.02310	 Recall: 0.05000	NDCG: 0.04072
The time for epoch 28 is: train time = 00: 00: 38, test time = 00: 00: 08
Loss = 69.57214, F1-score: 0.032124 	 Precision: 0.02350	 Recall: 0.05076	NDCG: 0.04177
The time for epoch 29 is: train time = 00: 00: 38, test time = 00: 00: 08
Loss = 68.63890, F1-score: 0.032789 	 Precision: 0.02395	 Recall: 0.05196	NDCG: 0.04252
The time for epoch 30 is: train time = 00: 00: 38, test time = 00: 00: 08
Loss = 70.82552, F1-score: 0.033098 	 Precision: 0.02422	 Recall: 0.05227	NDCG: 0.04304
The time for epoch 31 is: train time = 00: 00: 38, test time = 00: 00: 08
Loss = 70.47963, F1-score: 0.033686 	 Precision: 0.02459	 Recall: 0.05346	NDCG: 0.04403
The time for epoch 32 is: train time = 00: 00: 39, test time = 00: 00: 08
Loss = 68.11663, F1-score: 0.034071 	 Precision: 0.02486	 Recall: 0.05414	NDCG: 0.04447
The time for epoch 33 is: train time = 00: 00: 38, test time = 00: 00: 08
Loss = 69.25118, F1-score: 0.034582 	 Precision: 0.02524	 Recall: 0.05493	NDCG: 0.04533
The time for epoch 34 is: train time = 00: 00: 38, test time = 00: 00: 08
Loss = 68.99353, F1-score: 0.035259 	 Precision: 0.02568	 Recall: 0.05622	NDCG: 0.04618
The time for epoch 35 is: train time = 00: 00: 38, test time = 00: 00: 08
Loss = 67.07236, F1-score: 0.035579 	 Precision: 0.02592	 Recall: 0.05671	NDCG: 0.04678
The time for epoch 36 is: train time = 00: 00: 38, test time = 00: 00: 08
Loss = 67.40077, F1-score: 0.036115 	 Precision: 0.02632	 Recall: 0.05752	NDCG: 0.04740
The time for epoch 37 is: train time = 00: 00: 39, test time = 00: 00: 08
Loss = 67.21344, F1-score: 0.036330 	 Precision: 0.02645	 Recall: 0.05799	NDCG: 0.04765
The time for epoch 38 is: train time = 00: 00: 38, test time = 00: 00: 08
Loss = 65.47051, F1-score: 0.036720 	 Precision: 0.02677	 Recall: 0.05844	NDCG: 0.04838
The time for epoch 39 is: train time = 00: 00: 38, test time = 00: 00: 08
Loss = 71.68715, F1-score: 0.036892 	 Precision: 0.02690	 Recall: 0.05871	NDCG: 0.04852
The time for epoch 40 is: train time = 00: 00: 38, test time = 00: 00: 08
Loss = 68.39474, F1-score: 0.037392 	 Precision: 0.02726	 Recall: 0.05950	NDCG: 0.04918
The time for epoch 41 is: train time = 00: 00: 38, test time = 00: 00: 08
Loss = 68.85285, F1-score: 0.037625 	 Precision: 0.02743	 Recall: 0.05986	NDCG: 0.04949
The time for epoch 42 is: train time = 00: 00: 38, test time = 00: 00: 08
Loss = 71.14198, F1-score: 0.037917 	 Precision: 0.02763	 Recall: 0.06042	NDCG: 0.04996
The time for epoch 43 is: train time = 00: 00: 38, test time = 00: 00: 08
Loss = 70.55846, F1-score: 0.038520 	 Precision: 0.02807	 Recall: 0.06135	NDCG: 0.05047
The time for epoch 44 is: train time = 00: 00: 38, test time = 00: 00: 08
Loss = 69.74351, F1-score: 0.038297 	 Precision: 0.02791	 Recall: 0.06100	NDCG: 0.05051
The time for epoch 45 is: train time = 00: 00: 38, test time = 00: 00: 08
Loss = 70.20597, F1-score: 0.038691 	 Precision: 0.02818	 Recall: 0.06170	NDCG: 0.05083
The time for epoch 46 is: train time = 00: 00: 38, test time = 00: 00: 08
Loss = 69.91063, F1-score: 0.039086 	 Precision: 0.02848	 Recall: 0.06230	NDCG: 0.05154
The time for epoch 47 is: train time = 00: 00: 38, test time = 00: 00: 08
Loss = 71.60315, F1-score: 0.039203 	 Precision: 0.02855	 Recall: 0.06255	NDCG: 0.05169
The time for epoch 48 is: train time = 00: 00: 38, test time = 00: 00: 08
Loss = 71.44127, F1-score: 0.039463 	 Precision: 0.02872	 Recall: 0.06307	NDCG: 0.05194
The time for epoch 49 is: train time = 00: 00: 38, test time = 00: 00: 08
Loss = 71.93060, F1-score: 0.039611 	 Precision: 0.02885	 Recall: 0.06319	NDCG: 0.05240
The time for epoch 50 is: train time = 00: 00: 38, test time = 00: 00: 08
Loss = 73.42603, F1-score: 0.039751 	 Precision: 0.02895	 Recall: 0.06342	NDCG: 0.05250
The time for epoch 51 is: train time = 00: 00: 39, test time = 00: 00: 08
Loss = 71.07132, F1-score: 0.040262 	 Precision: 0.02929	 Recall: 0.06436	NDCG: 0.05285
The time for epoch 52 is: train time = 00: 00: 39, test time = 00: 00: 08
Loss = 68.69901, F1-score: 0.040489 	 Precision: 0.02948	 Recall: 0.06463	NDCG: 0.05342
The time for epoch 53 is: train time = 00: 00: 39, test time = 00: 00: 08
Loss = 70.10460, F1-score: 0.040553 	 Precision: 0.02950	 Recall: 0.06486	NDCG: 0.05354
The time for epoch 54 is: train time = 00: 00: 38, test time = 00: 00: 08
Loss = 71.62871, F1-score: 0.040596 	 Precision: 0.02954	 Recall: 0.06489	NDCG: 0.05361
The time for epoch 55 is: train time = 00: 00: 38, test time = 00: 00: 08
Loss = 71.66734, F1-score: 0.040825 	 Precision: 0.02971	 Recall: 0.06524	NDCG: 0.05403
The time for epoch 56 is: train time = 00: 00: 38, test time = 00: 00: 08
Loss = 70.31693, F1-score: 0.041048 	 Precision: 0.02988	 Recall: 0.06554	NDCG: 0.05398
The time for epoch 57 is: train time = 00: 00: 38, test time = 00: 00: 08
Loss = 71.39160, F1-score: 0.040931 	 Precision: 0.02979	 Recall: 0.06539	NDCG: 0.05416
The time for epoch 58 is: train time = 00: 00: 39, test time = 00: 00: 08
Loss = 72.16218, F1-score: 0.041141 	 Precision: 0.02991	 Recall: 0.06589	NDCG: 0.05442
The time for epoch 59 is: train time = 00: 00: 37, test time = 00: 00: 08
Loss = 70.76019, F1-score: 0.041258 	 Precision: 0.03004	 Recall: 0.06582	NDCG: 0.05456
The time for epoch 60 is: train time = 00: 00: 38, test time = 00: 00: 08
Loss = 71.69014, F1-score: 0.041284 	 Precision: 0.03008	 Recall: 0.06581	NDCG: 0.05446
The time for epoch 61 is: train time = 00: 00: 38, test time = 00: 00: 08
Loss = 70.68945, F1-score: 0.041541 	 Precision: 0.03022	 Recall: 0.06644	NDCG: 0.05503
The time for epoch 62 is: train time = 00: 00: 38, test time = 00: 00: 08
Loss = 72.98152, F1-score: 0.041517 	 Precision: 0.03019	 Recall: 0.06646	NDCG: 0.05506
The time for epoch 63 is: train time = 00: 00: 38, test time = 00: 00: 08
Loss = 72.84684, F1-score: 0.041767 	 Precision: 0.03037	 Recall: 0.06685	NDCG: 0.05508
The time for epoch 64 is: train time = 00: 00: 38, test time = 00: 00: 08
Loss = 72.24627, F1-score: 0.041708 	 Precision: 0.03035	 Recall: 0.06667	NDCG: 0.05509
The time for epoch 65 is: train time = 00: 00: 38, test time = 00: 00: 08
Loss = 73.33979, F1-score: 0.041566 	 Precision: 0.03024	 Recall: 0.06646	NDCG: 0.05502
The time for epoch 66 is: train time = 00: 00: 38, test time = 00: 00: 08
Loss = 72.33801, F1-score: 0.041614 	 Precision: 0.03027	 Recall: 0.06656	NDCG: 0.05543
The time for epoch 67 is: train time = 00: 00: 38, test time = 00: 00: 08
Loss = 71.81574, F1-score: 0.041864 	 Precision: 0.03044	 Recall: 0.06703	NDCG: 0.05525
The time for epoch 68 is: train time = 00: 00: 38, test time = 00: 00: 08
Loss = 72.52515, F1-score: 0.041959 	 Precision: 0.03049	 Recall: 0.06728	NDCG: 0.05541
The time for epoch 69 is: train time = 00: 00: 38, test time = 00: 00: 08
Loss = 74.41811, F1-score: 0.041914 	 Precision: 0.03045	 Recall: 0.06721	NDCG: 0.05572
The time for epoch 70 is: train time = 00: 00: 38, test time = 00: 00: 08
Loss = 74.08147, F1-score: 0.041927 	 Precision: 0.03048	 Recall: 0.06716	NDCG: 0.05547
The time for epoch 71 is: train time = 00: 00: 38, test time = 00: 00: 08
Loss = 74.04688, F1-score: 0.042022 	 Precision: 0.03055	 Recall: 0.06730	NDCG: 0.05562
The time for epoch 72 is: train time = 00: 00: 38, test time = 00: 00: 08
Loss = 73.83543, F1-score: 0.042006 	 Precision: 0.03053	 Recall: 0.06729	NDCG: 0.05570
The time for epoch 73 is: train time = 00: 00: 38, test time = 00: 00: 08
Loss = 73.64427, F1-score: 0.042134 	 Precision: 0.03060	 Recall: 0.06765	NDCG: 0.05586
The time for epoch 74 is: train time = 00: 00: 38, test time = 00: 00: 08
Loss = 71.21817, F1-score: 0.042076 	 Precision: 0.03058	 Recall: 0.06744	NDCG: 0.05547
Training end!
